ARM GAS  1.s 			page 1


   1              		@cw32L010
   2              		@编译器ARM-NONE-EABI
   3              	
   4              		.thumb
   5              		.syntax unified
   6              		.section .text
   7              	vectors:
   8 0000 00010020 		.word zhanding
   9 0004 C1000000 		.word kaishi + 1
  10 0008 05060000 		.word _nmi	+1
  11 000c 05060000 		.word _Hard_Fault +1
  12 0010 00000000 		.word 0
  13 0014 00000000 		.word 0
  14 0018 00000000 		.word 0
  15 001c 00000000 		.word 0
  16 0020 00000000 		.word 0
  17 0024 00000000 		.word 0
  18 0028 00000000 		.word 0
  19 002c 05060000 		.word _svc_handler +1
  20 0030 00000000 		.word 0
  21 0034 00000000 		.word 0
  22 0038 05060000 		.word _pendsv_handler +1
  23 003c 05060000 		.word _systickzhongduan +1  @ 15
  24 0040 05060000 		.word aaa +1                @ 0		WDT
  25 0044 05060000 		.word aaa +1                @ 1		LVD
  26 0048 05060000 		.word aaa +1                @ 2	
  27 004c 05060000 		.word aaa +1                @ 3		FLASHRAM
  28 0050 05060000 		.word aaa +1                @ 4		RCC
  29 0054 05060000 		.word aaa +1         	    @ 5		GPIOA
  30 0058 05060000 		.word aaa +1                @ 6		GPIOB
  31 005c 05060000 		.word aaa +1                @ 7		GPIOC
  32 0060 05060000 		.word aaa +1                @ 8
  33 0064 05060000 		.word aaa +1                @ 9
  34 0068 05060000 		.word aaa +1                @ 10
  35 006c 05060000 		.word aaa +1                @ 11
  36 0070 05060000 		.word aaa +1                @ 12	ADC
  37 0074 05060000 		.word aaa +1                @ 13	ATIM
  38 0078 05060000 		.word aaa +1                @ 14	VC1
  39 007c 05060000 		.word aaa +1                @ 15	VC2
  40 0080 05060000 		.word aaa +1                @ 16	GTIM
  41 0084 05060000 		.word aaa +1                @ 17
  42 0088 05060000 		.word aaa +1                @ 18
  43 008c 05060000 		.word aaa +1                @ 19
  44 0090 05060000 		.word aaa +1                @ 20	BTIM1
  45 0094 05060000 		.word aaa +1                @ 21	BTIM2
  46 0098 05060000 		.word aaa +1                @ 22	BTIM3
  47 009c 05060000 		.word aaa +1                @ 23	I2C
  48 00a0 05060000 		.word aaa +1                @ 24
  49 00a4 05060000 		.word aaa +1                @ 25	SPI
  50 00a8 05060000 		.word aaa +1                @ 26
  51 00ac 05060000 		.word aaa +1                @ 27	UART1
  52 00b0 05060000 		.word aaa +1		    @ 28	UART2
  53 00b4 05060000 		.word aaa +1		    @ 29
  54 00b8 05060000 		.word aaa +1		    @ 30	AWT
  55 00bc 05060000 	 	.word aaa +1		    @ 31
  56              	kaishi:
  57              	@	bkpt # 1
ARM GAS  1.s 			page 2


  58              	
  59              	
  60              	__shi_zhong:
  61 00c0 5348     		ldr r0, = 0x40004000
  62 00c2 5449     		ldr r1, = 0x240022	
  63 00c4 C161     		str r1, [r0, # 0x1c]	@SYSCTRL_HSE
  64 00c6 5449     		ldr r1, = 0x5a5a0003	@开HES
  65 00c8 4160     		str r1, [r0, # 0x04]
  66              	deng_hse:
  67 00ca C169     		ldr r1, [r0, # 0x1c]
  68 00cc 0903     		lsls r1, r1, # 12
  69 00ce FCD5     		bpl deng_hse
  70 00d0 5249     		ldr r1, = 0x5a5a0001
  71 00d2 0160     		str r1, [r0]		@切换到HSE时钟
  72 00d4 5249     		ldr r1, = 0x5a5a0002
  73 00d6 4160     		str r1, [r0, # 0x04]	@关闭HSI时钟
  74              		
  75 00d8 5249     		ldr r1, =  0x5a5a0030
  76 00da 0163     		str r1, [r0, # 0x30]	@开pa pb时钟
  77 00dc 5249     		ldr r1, = 0x5a5a0005
  78 00de 8163     		str r1, [r0, # 0x38]	@
  79              	
  80              	
  81              	
  82              	__pa_chu_shi_hua:
  83 00e0 5248     	        ldr r0, = 0x48000000 @pa
  84 00e2 5349     	        ldr r1, = 0x187
  85 00e4 0160     	        str r1, [r0]		@GPIOx_DIR GPIO 输入输出方向寄存器
  86 00e6 5249     	        ldr r1, = 0x187
  87 00e8 C161     	        str r1, [r0, # 0x1c]	@GPIOx_ANALOG GPIO 模拟数字配置寄存器
  88              		
  89 00ea 4161     	        str r1, [r0, # 0x14]    @8-15
  90 00ec 5149     		ldr r1, = 0x330000
  91 00ee 8161     	        str r1, [r0, # 0x18]    @0-7
  92              	
  93              	__pb_chu_shi_hua:
  94 00f0 5148     	        ldr r0, = 0x48000100 @pb
  95 00f2 FF21     	        movs r1, #  0xff
  96 00f4 0160     	        str r1, [r0]
  97 00f6 7F21     	        movs r1, # 0x7f
  98 00f8 C161     	        str r1, [r0, # 0x1c]
  99              	
 100 00fa 4161     		str r1, [r0, # 0x14]    @8-15
 101 00fc 8161     	        str r1, [r0, # 0x18]    @0-7
 102              	
 103              	
 104              	__spi_chu_shi_hua_74hc595:
 105 00fe 4F48     		ldr r0, = 0x40000800
 106 0100 4F49     		ldr r1, = 0x10F03       @0x10773        @8位，主机单发模式
 107 0102 0160     	        str r1, [r0]
 108 0104 0121     	        movs r1, # 0x01
 109 0106 4160     		str r1, [r0, # 0x04]    @开SPI
 110              	
 111 0108 0023     		movs r3, # 0
 112              	adad:
 113 010a 00F053FA 		bl __lcd_xie_ming_ling
 114 010e 4D49     		ldr r1, = led_biao
ARM GAS  1.s 			page 3


 115 0110 0888     		ldrh r0, [r1]
 116 0112 00F041FA 		bl __xie_spi1
 117 0116 00F053FA 		bl __lcd_xie_shu_ju
 118              	__bbkk:	
 119 011a 03BE     		bkpt # 3
 120              	
 121              	led_biao:
 122 011c FEFDFDFB 		.short 0xfdfe,0xfbfd,0xf7fb,0xeff7,0xdfef,0xbfdf,0x7fbf,0xfe7f
 122      FBF7F7EF 
 122      EFDFDFBF 
 122      BF7F7FFE 
 123              	
 124              	
 125              	
 126              	
 127              	
 128              	
 129              	
 130              	
 131              	
 132              	
 133              	
 134              		
 135              	
 136              		
 137              	__spi_chu_shi_hua_ST7735S:
 138 012c 4348     		ldr r0, = 0x40000800
 139 012e 4649     		ldr r1, = 0x10703	@0x10773	@8位，主机单发模式
 140 0130 0160     		str r1, [r0]
 141 0132 0121     		movs r1, # 0x01
 142 0134 4160     		str r1, [r0, # 0x04]	@开SPI
 143              	
 144 0136 00F066F9 		bl __lcd_chushihua
 145 013a 00F016F8 		bl __lcd_qingping
 146              		
 147 013e 434A     		ldr r2, = 999999999
 148 0140 0021     		movs r1, # 0
 149              	ting:
 150 0142 0846     		mov r0, r1
 151 0144 00F005F8 		bl __xianshi_shuzi
 152 0148 0131     		adds r1, r1, # 1
 153 014a 9142     		cmp r1, r2
 154 014c F9D1     		bne ting
 155 014e 0021     		movs r1, # 0
 156 0150 F7E7     		b ting
 157              	
 158              	__xianshi_shuzi:
 159 0152 0EB5     	        push {r1-r3,lr}
 160              		@入口R0
 161              	       @ ldr r0, = 123456789
 162 0154 0921     	        movs r1, # 9    @转换几个字符
 163 0156 3E4A     	        ldr r2, = asciibiao
 164 0158 FF23     	        movs r3, # 0xff            @小数点位置
 165 015a 00F03FF8 	        bl __zhuanascii
 166 015e 3C48     	        ldr r0, = asciibiao
 167 0160 0921     	        movs r1, # 9    @显示几个字
 168 0162 3C4A     	        ldr r2, =  0x200020    @位置高16=行，低16=列
ARM GAS  1.s 			page 4


 169 0164 00F07AF8 	        bl __xie_ascii_16
 170 0168 0EBD     		pop {r1-r3,pc}
 171              	
 172              		
 173              	__lcd_qingping:
 174 016a 61B5     		push {r0,r5,r6,lr}
 175 016c 00F022FA 		bl __lcd_xie_ming_ling
 176 0170 2A20     		movs r0, # 0x2a        
 177 0172 00F011FA 		bl __xie_spi1
 178 0176 00F023FA 		bl __lcd_xie_shu_ju
 179 017a 0020     		movs r0, # 0
 180 017c 00F00CFA 		bl __xie_spi1
 181 0180 1820     	        movs r0, # 24
 182 0182 00F009FA 		bl __xie_spi1
 183 0186 0020     	        movs r0, # 0
 184 0188 00F006FA 		bl __xie_spi1
 185 018c 6820     		movs r0, # 104
 186 018e 00F003FA 		bl __xie_spi1
 187              	
 188 0192 00F00FFA 	        bl __lcd_xie_ming_ling
 189 0196 2B20     		movs r0, # 0x2b
 190 0198 00F0FEF9 	        bl __xie_spi1
 191 019c 00F010FA 	        bl __lcd_xie_shu_ju
 192 01a0 0020     	        movs r0, # 0
 193 01a2 00F0F9F9 	        bl __xie_spi1
 194 01a6 0020     	        movs r0, # 0
 195 01a8 00F0F6F9 	        bl __xie_spi1
 196 01ac 0020     	        movs r0, # 0
 197 01ae 00F0F3F9 		bl __xie_spi1
 198 01b2 9F20     	        movs r0, # 159
 199 01b4 00F0F0F9 		bl __xie_spi1
 200              	
 201 01b8 00F0FCF9 	        bl __lcd_xie_ming_ling
 202 01bc 2C20     		movs r0, # 0x2c
 203 01be 00F0EBF9 	        bl __xie_spi1
 204 01c2 00F0FDF9 	        bl __lcd_xie_shu_ju
 205 01c6 244E     		ldr r6, = 12958
 206 01c8 0025     		movs r5, # 0
 207              	__qingping_xunhuan:	
 208 01ca FF20     	        movs r0, # 0xff		@背景颜色
 209 01cc 00F0E4F9 	        bl __xie_spi1
 210 01d0 FF20     	        movs r0, # 0xff
 211 01d2 00F0E1F9 	        bl __xie_spi1
 212 01d6 013E     		subs r6, r6, # 1
 213 01d8 F7D1     		bne __qingping_xunhuan
 214 01da 61BD     		pop {r0,r5,r6,pc}
 215              	
 216              		
 217              	__zhuanascii:	@ 转ASCII
 218              		@ R0要转的数据， R1长度，R2结果表首地址, r3=小数点位置
 219 01dc F0B5     		push {r4-r7,lr}
 220 01de 1F46     		mov r7, r3
 221 01e0 0546     		mov r5, r0
 222 01e2 0E46     		mov r6, r1
 223 01e4 0A21     		movs r1, # 10
 224              	__xunhuanqiuma:
 225 01e6 00F0F1F9 		bl _chufa
ARM GAS  1.s 			page 5


 226 01ea 0446     		mov r4, r0
 227 01ec 4C43     		muls r4, r1
 228 01ee 2B1B     		subs r3, r5, r4
 229 01f0 3033     		adds r3, r3, # 0x30     @ascii偏移
 230 01f2 0546     		mov r5, r0
 231 01f4 013E     		subs r6, r6, # 1
 232 01f6 08D0     		beq __qiumafanhui
 233 01f8 BE42     		cmp r6, r7
 234 01fa 02D1     		bne __meidaoxiaoshudian
 235 01fc 2E24     		movs r4, # 0x2e         @小数点
 236 01fe 9455     		strb r4, [r2,r6]        @插入小数点
 237 0200 013E     		subs r6, r6, # 1
 238              	__meidaoxiaoshudian:
 239 0202 9355     		strb r3, [r2,r6]
 240 0204 3600     		movs r6, r6
 241 0206 EED1     		bne __xunhuanqiuma
 242 0208 F0BD     		pop {r4-r7,pc}
 243              	__qiumafanhui:
 244 020a 9355     		strb r3, [r2, r6]
 245 020c F0BD     		pop {r4-r7,pc}
 246 020e 00000040 		.ltorg
 246      00402200 
 246      24000300 
 246      5A5A0100 
 246      5A5A0200 
 247              	
 248              		
 249              	__xie_ascii_16:
 250 025c F8B5     		push {r3-r7,lr}
 251              		@入口r0=ascii地址
 252              		@r1=写几个字
 253              		@r2=要写的地址
 254 025e 4E46     		mov r6, r9
 255 0260 40B4     		push {r6}
 256 0262 9146     		mov r9, r2
 257 0264 0F46     		mov r7, r1
 258 0266 1221     		movs r1, # 18
 259 0268 0222     		movs r2, # 2
 260 026a 0546     		mov r5, r0
 261 026c 0026     		movs r6, # 0
 262              	__xie_lcd_dizhi_16:
 263 026e 4846     		mov r0, r9
 264 0270 00F013F8 		bl __xie_lcd_weizhi_16
 265              	__du_ascii_16:
 266 0274 A85D     		ldrb r0, [r5, r6]
 267 0276 2038     		subs r0, r0, # 32
 268 0278 4843     		muls r0, r0, r1
 269 027a 2D4B     		ldr r3, = ascii_biao_16
 270 027c 0344     		add r3, r3, r0
 271              	__du_ziku_chu_shi_hua:
 272 027e 0024     		movs r4, # 0
 273              	__du_ziku_16:
 274 0280 185B     		ldrh r0, [r3, r4]
 275 0282 1444     		add r4, r4, r2
 276 0284 8C42     		cmp r4, r1
 277 0286 02D8     		bhi __duwan_ziku_16
 278 0288 00F039F8 		bl __xie_lcd_lie_16
ARM GAS  1.s 			page 6


 279 028c F8E7     		b __du_ziku_16
 280              	__duwan_ziku_16:
 281 028e 0136     		adds r6, r6, # 1
 282 0290 BE42     		cmp r6, r7
 283 0292 EFD1     		bne __du_ascii_16
 284 0294 40BC     		pop {r6}
 285 0296 4E46     		mov r6, r9
 286 0298 F8BD     		pop {r3-r7,pc}
 287              	
 288              	
 289              	__xie_lcd_weizhi_16:
 290              		@入口R0= 高16行，低16列
 291 029a 06B5     		push {r1,r2,lr}
 292 029c 0146     		mov r1, r0
 293 029e 0A46     		mov r2, r1
 294 02a0 090C     		lsrs r1, r1, # 16
 295 02a2 1204     		lsls r2, r2, # 16
 296 02a4 120C     		lsrs r2, r2, # 16
 297              	
 298 02a6 00F085F9 		bl __lcd_xie_ming_ling
 299 02aa 2A20     	        movs r0, # 0x2a
 300 02ac 00F074F9 	        bl __xie_spi1
 301 02b0 00F086F9 	        bl __lcd_xie_shu_ju
 302 02b4 0020     	        movs r0, # 0x00
 303 02b6 00F06FF9 	        bl __xie_spi1
 304              		
 305 02ba 1820     	        movs r0, # 24
 306 02bc 4018     		adds r0, r0, r1
 307 02be 00F06BF9 	        bl __xie_spi1
 308              		
 309 02c2 0020     		movs r0, # 0x00
 310 02c4 00F068F9 		bl __xie_spi1
 311              		
 312 02c8 1820     		movs r0, # 24
 313 02ca 4018     		adds r0, r0, r1
 314 02cc 0F30     		adds r0, r0, # 15
 315 02ce 00F063F9 		bl __xie_spi1
 316              	
 317              		
 318              		
 319 02d2 00F06FF9 	        bl __lcd_xie_ming_ling
 320 02d6 2B20     	        movs r0, # 0x2b
 321 02d8 00F05EF9 	        bl __xie_spi1
 322 02dc 00F070F9 	        bl __lcd_xie_shu_ju
 323              		
 324 02e0 0020     	        movs r0, # 0x00
 325 02e2 00F059F9 	        bl __xie_spi1
 326              		
 327 02e6 0020     	        movs r0, # 0
 328 02e8 8018     		adds r0, r0, r2
 329 02ea 00F055F9 	        bl __xie_spi1
 330              	
 331 02ee 00F061F9 	        bl __lcd_xie_ming_ling
 332 02f2 2C20     	        movs r0, # 0x2c
 333 02f4 00F050F9 	        bl __xie_spi1
 334 02f8 00F062F9 		bl __lcd_xie_shu_ju
 335 02fc 06BD     		pop {r1,r2,pc}
ARM GAS  1.s 			page 7


 336              	
 337              	
 338              	
 339              	
 340              	
 341              	
 342              		
 343              	__xie_lcd_lie_16:
 344              		@入口R0=16位
 345 02fe 06B5     		push {r1-r2, lr}
 346 0300 0146     		mov r1, r0
 347 0302 C903     		lsls r1, r1, # 15
 348 0304 1022     		movs r2, # 16
 349              	__xie_lcd_lie16_xunhuan:
 350 0306 4900     		lsls r1, r1, # 1
 351 0308 08D4     		bmi __xie_lcd_16_1
 352 030a FF20     	        movs r0, # 0xff
 353 030c 00F044F9 	        bl __xie_spi1
 354 0310 0020     	        movs r0, # 0x00
 355 0312 00F041F9 	        bl __xie_spi1
 356 0316 013A     		subs r2, r2, # 1
 357 0318 F5D1     		bne __xie_lcd_lie16_xunhuan
 358 031a 06BD     		pop {r1-r2,pc}
 359              	__xie_lcd_16_1:
 360 031c 0020     	        movs r0, # 0
 361 031e 00F03BF9 	        bl __xie_spi1
 362 0322 0020     	        movs r0, # 0x00
 363 0324 00F038F9 	        bl __xie_spi1
 364 0328 013A     		subs r2, r2, # 1
 365 032a ECD1     		bne __xie_lcd_lie16_xunhuan
 366 032c 06BD     		pop {r1-r2,pc}
 367              	
 368 032e 00005002 		.ltorg
 368      0000
 369              	
 370              	
 371              	
 372              	
 373              	
 374              	
 375              	
 376              	
 377              	
 378              	
 379              	
 380              	
 381              	
 382              	
 383              	
 384              	
 385              	
 386              	
 387              	
 388              		
 389              	
 390              	
 391              	__xie_ascii:
ARM GAS  1.s 			page 8


 392 0334 F8B5     		push {r3-r7,lr}
 393              		@入口r0=ascii地址
 394              		@r1=写几个字
 395              		@r2=要写的地址
 396 0336 4E46     		mov r6, r9
 397 0338 40B4     		push {r6}
 398 033a 9146     		mov r9, r2
 399 033c 0F46     		mov r7, r1
 400 033e 0621     		movs r1, # 6
 401 0340 0122     		movs r2, # 1
 402 0342 0546     		mov r5, r0
 403 0344 0026     		movs r6, # 0
 404              	__xie_lcd_dizhi2:
 405 0346 4846     		mov r0, r9
 406 0348 00F013F8 		bl __xie_lcd_weizhi_1
 407              	__du_ascii2:
 408 034c A85D     		ldrb r0, [r5, r6]
 409 034e 2038     		subs r0, r0, # 32
 410 0350 4843     		muls r0, r0, r1
 411 0352 A84B     		ldr r3, = ascii_biao
 412 0354 0344     		add r3, r3, r0
 413              	__du_ziku_chushihua2:
 414 0356 0024     		movs r4, # 0
 415              	__du_ziku1:
 416 0358 185D     		ldrb r0, [r3, r4]
 417 035a 1444     		add r4, r4, r2
 418 035c 8C42     		cmp r4, r1
 419 035e 02D8     		bhi __duwan_ziku1
 420 0360 00F039F8 		bl __xie_lcd_lie
 421 0364 F8E7     		b __du_ziku1
 422              	__duwan_ziku1:
 423 0366 0136     		adds r6, r6, # 1
 424 0368 BE42     		cmp r6, r7
 425 036a EFD1     		bne __du_ascii2
 426 036c 40BC     		pop {r6}
 427 036e 4E46     		mov r6, r9
 428 0370 F8BD     		pop {r3-r7,pc}
 429              	
 430              	
 431              	__xie_lcd_weizhi_1:
 432              		@入口R0= 高16行，低16列
 433 0372 06B5     		push {r1,r2,lr}
 434 0374 0146     		mov r1, r0
 435 0376 0A46     		mov r2, r1
 436 0378 090C     		lsrs r1, r1, # 16
 437 037a 1204     		lsls r2, r2, # 16
 438 037c 120C     		lsrs r2, r2, # 16
 439              	
 440 037e 00F019F9 		bl __lcd_xie_ming_ling
 441 0382 2A20     	        movs r0, # 0x2a
 442 0384 00F008F9 	        bl __xie_spi1
 443 0388 00F01AF9 	        bl __lcd_xie_shu_ju
 444 038c 0020     	        movs r0, # 0x00
 445 038e 00F003F9 	        bl __xie_spi1
 446              		
 447 0392 1820     	        movs r0, # 24
 448 0394 4018     		adds r0, r0, r1
ARM GAS  1.s 			page 9


 449 0396 00F0FFF8 	        bl __xie_spi1
 450              		
 451 039a 0020     		movs r0, # 0x00
 452 039c 00F0FCF8 		bl __xie_spi1
 453              		
 454 03a0 1820     		movs r0, # 24
 455 03a2 4018     		adds r0, r0, r1
 456 03a4 0730     		adds r0, r0, # 7
 457 03a6 00F0F7F8 		bl __xie_spi1
 458              	
 459              		
 460              		
 461 03aa 00F003F9 	        bl __lcd_xie_ming_ling
 462 03ae 2B20     	        movs r0, # 0x2b
 463 03b0 00F0F2F8 	        bl __xie_spi1
 464 03b4 00F004F9 	        bl __lcd_xie_shu_ju
 465              		
 466 03b8 0020     	        movs r0, # 0x00
 467 03ba 00F0EDF8 	        bl __xie_spi1
 468              		
 469 03be 0020     	        movs r0, # 0
 470 03c0 8018     		adds r0, r0, r2
 471 03c2 00F0E9F8 	        bl __xie_spi1
 472              	
 473 03c6 00F0F5F8 	        bl __lcd_xie_ming_ling
 474 03ca 2C20     	        movs r0, # 0x2c
 475 03cc 00F0E4F8 	        bl __xie_spi1
 476 03d0 00F0F6F8 		bl __lcd_xie_shu_ju
 477 03d4 06BD     		pop {r1,r2,pc}
 478              	
 479              	
 480              	
 481              	
 482              	
 483              	
 484              		
 485              	__xie_lcd_lie:
 486              		@入口R0=8位
 487 03d6 06B5     		push {r1-r2, lr}
 488 03d8 0146     		mov r1, r0
 489 03da C905     		lsls r1, r1, # 23
 490 03dc 0822     		movs r2, # 8
 491              	__xie_lcd_lie_xunhuan:
 492 03de 4900     		lsls r1, r1, # 1
 493 03e0 08D4     		bmi __xie_lcd_8_1
 494 03e2 FF20     	        movs r0, # 0xff
 495 03e4 00F0D8F8 	        bl __xie_spi1
 496 03e8 0020     	        movs r0, # 0x00
 497 03ea 00F0D5F8 	        bl __xie_spi1
 498 03ee 013A     		subs r2, r2, # 1
 499 03f0 F5D1     		bne __xie_lcd_lie_xunhuan
 500 03f2 06BD     		pop {r1-r2,pc}
 501              	__xie_lcd_8_1:
 502 03f4 0020     	        movs r0, # 0
 503 03f6 00F0CFF8 	        bl __xie_spi1
 504 03fa 0020     	        movs r0, # 0x00
 505 03fc 00F0CCF8 	        bl __xie_spi1
ARM GAS  1.s 			page 10


 506 0400 013A     		subs r2, r2, # 1
 507 0402 ECD1     		bne __xie_lcd_lie_xunhuan
 508 0404 06BD     		pop {r1-r2,pc}
 509              	
 510              	
 511              	
 512              	
 513              	
 514              		
 515              	
 516              	
 517              	
 518              		
 519              	__lcd_chushihua:
 520 0406 07B5     		push {r0-r2,lr}
 521 0408 7B48     		ldr r0,  = 0x48000000
 522 040a 4021     		movs r1, # 0x40
 523 040c C165     		str r1, [r0, 0x5c]            @RST=1
 524 040e 7B4A     		ldr r2, = 0x1ffff
 525 0410 00F0BFF8 		bl __lcd_yanshi
 526              	
 527 0414 8165     		str r1, [r0, 0x58]            @RST=0
 528 0416 794A     		ldr r2, = 0x1ffff
 529 0418 00F0BBF8 		bl __lcd_yanshi
 530              	
 531 041c C165     		str r1, [r0, # 0x5c]            @RST=1
 532 041e 774A     		ldr r2, = 0x1ffff
 533 0420 00F0B7F8 		bl __lcd_yanshi
 534              	
 535 0424 754A     		ldr r2, = 0x1ffff
 536 0426 00F0B4F8 		bl __lcd_yanshi
 537              	
 538 042a 00F0C3F8 		bl __lcd_xie_ming_ling
 539 042e 0120     		movs r0, # 0x01		@软件复位
 540 0430 00F0B2F8 		bl __xie_spi1
 541 0434 714A     		ldr r2, = 0x1ffff
 542 0436 00F0ACF8 		bl __lcd_yanshi
 543 043a 1120     		movs r0, # 0x11		@退出休眠
 544 043c 00F0ACF8 		bl __xie_spi1
 545 0440 6E4A     		ldr r2, = 0x1ffff
 546 0442 00F0A6F8 		bl __lcd_yanshi
 547              	
 548              		
 549 0446 B120     		movs r0, # 0xb1		@设置帧率
 550 0448 00F0A6F8 		bl __xie_spi1
 551 044c 00F0B8F8 		bl __lcd_xie_shu_ju
 552 0450 0120     		movs r0, # 0x01
 553 0452 00F0A1F8 		bl __xie_spi1
 554 0456 2C20     		movs r0, # 0x2c
 555 0458 00F09EF8 		bl __xie_spi1
 556 045c 2D20     		movs r0, # 0x2d
 557 045e 00F09BF8 		bl __xie_spi1
 558              	
 559 0462 00F0A7F8 		bl __lcd_xie_ming_ling
 560 0466 B220     		movs r0, # 0xb2		@设置帧率
 561 0468 00F096F8 		bl __xie_spi1
 562 046c 00F0A8F8 		bl __lcd_xie_shu_ju
ARM GAS  1.s 			page 11


 563 0470 0120     		movs r0, # 0x01
 564 0472 00F091F8 		bl __xie_spi1
 565 0476 2C20     		movs r0, # 0x2c
 566 0478 00F08EF8 		bl __xie_spi1
 567 047c 2D20     		movs r0, # 0x2d
 568 047e 00F08BF8 		bl __xie_spi1
 569              	
 570              	
 571 0482 00F097F8 		bl __lcd_xie_ming_ling
 572 0486 B320     		movs r0, # 0xb3		@设置帧率
 573 0488 00F086F8 		bl __xie_spi1
 574 048c 00F098F8 		bl __lcd_xie_shu_ju
 575 0490 0120     		movs r0, # 0x01
 576 0492 00F081F8 		bl __xie_spi1
 577 0496 2C20     		movs r0, # 0x2c
 578 0498 00F07EF8 		bl __xie_spi1
 579 049c 2D20     		movs r0, # 0x2d
 580 049e 00F07BF8 		bl __xie_spi1
 581 04a2 0120     		movs r0, # 0x01
 582 04a4 00F078F8 		bl __xie_spi1
 583 04a8 2C20     		movs r0, # 0x2c
 584 04aa 00F075F8 		bl __xie_spi1
 585 04ae 2D20     		movs r0, # 0x2d
 586 04b0 00F072F8 		bl __xie_spi1
 587              	
 588 04b4 00F07EF8 		bl __lcd_xie_ming_ling
 589 04b8 B420     		movs r0, # 0xb4		@关闭外部振荡器
 590 04ba 00F06DF8 		bl __xie_spi1
 591 04be 00F07FF8 		bl __lcd_xie_shu_ju
 592 04c2 0720     		movs r0, # 0x07
 593 04c4 00F068F8 		bl __xie_spi1
 594              	
 595 04c8 00F074F8 		bl __lcd_xie_ming_ling
 596 04cc C020     		movs r0, # 0xc0		@设置电源控制1
 597 04ce 00F063F8 		bl __xie_spi1
 598 04d2 00F075F8 		bl __lcd_xie_shu_ju
 599 04d6 A220     		movs r0, # 0xa2
 600 04d8 00F05EF8 		bl __xie_spi1
 601 04dc 0220     		movs r0, # 0x02
 602 04de 00F05BF8 		bl __xie_spi1
 603 04e2 8420     		movs r0, # 0x84
 604 04e4 00F058F8 		bl __xie_spi1
 605              	
 606 04e8 00F064F8 		bl __lcd_xie_ming_ling
 607 04ec C120     		movs r0, # 0xc1		@设置电源控制2
 608 04ee 00F053F8 		bl __xie_spi1
 609 04f2 00F065F8 		bl __lcd_xie_shu_ju
 610 04f6 C520     		movs r0, # 0xc5
 611 04f8 00F04EF8 		bl __xie_spi1
 612              	
 613 04fc 00F05AF8 		bl __lcd_xie_ming_ling
 614 0500 C220     		movs r0, # 0xc2		@设置电源控制3
 615 0502 00F049F8 		bl __xie_spi1
 616 0506 00F05BF8 		bl __lcd_xie_shu_ju
 617 050a 0A20     		movs r0, # 0x0a
 618 050c 00F044F8 		bl __xie_spi1
 619 0510 0020     		movs r0, # 0x00
ARM GAS  1.s 			page 12


 620 0512 00F041F8 		bl __xie_spi1
 621              	
 622 0516 00F04DF8 		bl __lcd_xie_ming_ling
 623 051a C320     		movs r0, # 0xc3		@设置电源控制4
 624 051c 00F03CF8 		bl __xie_spi1
 625 0520 00F04EF8 		bl __lcd_xie_shu_ju
 626 0524 8A20     		movs r0, # 0x8a
 627 0526 00F037F8 		bl __xie_spi1
 628 052a 2A20     		movs r0, # 0x2a
 629 052c 00F034F8 		bl __xie_spi1
 630              	
 631 0530 00F040F8 		bl __lcd_xie_ming_ling
 632 0534 C420     		movs r0, # 0xc4		@设置电源控制5
 633 0536 00F02FF8 		bl __xie_spi1
 634 053a 00F041F8 		bl __lcd_xie_shu_ju
 635 053e 8A20     		movs r0, # 0x8a
 636 0540 00F02AF8 		bl __xie_spi1
 637 0544 EE20     		movs r0, # 0xee
 638 0546 00F027F8 		bl __xie_spi1
 639              	
 640 054a 00F033F8 		bl __lcd_xie_ming_ling
 641 054e C520     		movs r0, # 0xc5
 642 0550 00F022F8 		bl __xie_spi1
 643 0554 00F034F8 		bl __lcd_xie_shu_ju
 644 0558 0E20     		movs r0, # 0x0e
 645 055a 00F01DF8 		bl __xie_spi1
 646              	
 647 055e 00F029F8 		bl __lcd_xie_ming_ling
 648 0562 3620     		movs r0, # 0x36
 649 0564 00F018F8 		bl __xie_spi1
 650 0568 00F02AF8 		bl __lcd_xie_shu_ju
 651 056c C820     		movs r0, # 0xc8
 652 056e 00F013F8 		bl __xie_spi1
 653              	
 654 0572 00F01FF8 		bl __lcd_xie_ming_ling
 655 0576 3A20     		movs r0, # 0x3a
 656 0578 00F00EF8 		bl __xie_spi1
 657 057c 00F020F8 		bl __lcd_xie_shu_ju
 658 0580 0520     		movs r0, # 0x05
 659 0582 00F009F8 		bl __xie_spi1
 660              		
 661 0586 00F015F8 		bl __lcd_xie_ming_ling
 662 058a 2920     		movs r0, # 0x29
 663 058c 00F004F8 		bl __xie_spi1
 664 0590 07BD     		pop {r0-r2,pc}
 665              	
 666              	__lcd_yanshi:
 667 0592 013A     		subs r2, r2, # 1
 668 0594 FDD1     		bne __lcd_yanshi
 669 0596 7047     		bx lr
 670              	
 671              	__xie_spi1:
 672 0598 06B4     	        push {r1-r2}
 673 059a 1949     	        ldr r1, = 0x40000800
 674              	__deng_huan_chong_kong:
 675 059c 4A69     	        ldr r2, [r1, # 0x14]
 676 059e D207     	        lsls r2, r2, # 31
ARM GAS  1.s 			page 13


 677 05a0 FCD5     	        bpl __deng_huan_chong_kong
 678 05a2 C861     		str r0, [r1, # 0x1c]
 679              	__deng_huan_chong_kong1:
 680 05a4 4A69     	        ldr r2, [r1, # 0x14]
 681 05a6 D207     	        lsls r2, r2, # 31
 682 05a8 FCD5     	        bpl __deng_huan_chong_kong1
 683              	__busy_zong_xian_mang:
 684 05aa 4A69     	        ldr r2, [r1, # 0x14]
 685 05ac D205     	        lsls r2, r2, # 23
 686 05ae FCD4     	        bmi __busy_zong_xian_mang
 687 05b0 06BC     	        pop {r1-r2}
 688 05b2 7047     	        bx lr
 689              	__lcd_xie_ming_ling:
 690 05b4 03B4     		push {r0-r1}
 691 05b6 1048     		ldr r0, = 0x48000000
 692 05b8 0821     		movs r1, # 0x08
 693 05ba 8165     		str r1, [r0, # 0x58]            @0写命令
 694 05bc 03BC     		pop {r0-r1}
 695 05be 7047     		bx lr
 696              	__lcd_xie_shu_ju:
 697 05c0 03B4     	        push {r0-r1}
 698 05c2 0D48     	        ldr r0, = 0x48000000
 699 05c4 0821     	        movs r1, # 0x08
 700 05c6 C165     		str r1, [r0, # 0x5c]            @1写数据
 701 05c8 03BC     	        pop {r0-r1}
 702 05ca 7047     	        bx lr
 703              	
 704              	
 705              	
 706              	_chufa:						@软件除法
 707              		@ r0 除以 r1 等于 商(r0)
 708 05cc 1EB5     		push {r1-r4,lr}
 709 05ce 0028     		cmp r0, # 0
 710 05d0 0ED0     		beq _chufafanhui
 711 05d2 0029     		cmp r1, # 0
 712 05d4 0CD0     		beq _chufafanhui
 713 05d6 0246     		mov r2, r0
 714 05d8 0123     		movs r3, # 1
 715 05da DB07     		lsls r3, r3, # 31
 716 05dc 0020     		movs r0, # 0
 717 05de 0446     		mov r4, r0
 718              	_chufaxunhuan:
 719 05e0 5200     		lsls r2, r2, # 1
 720 05e2 6441     		adcs r4, r4, r4
 721 05e4 8C42     		cmp r4, r1
 722 05e6 01D3     		bcc _chufaweishubudao0
 723 05e8 C018     		adds r0, r0, r3
 724 05ea 641A     		subs r4, r4, r1
 725              	_chufaweishubudao0:
 726 05ec 5B08     		lsrs r3, r3, # 1
 727 05ee F7D1     		bne _chufaxunhuan
 728              	_chufafanhui:
 729 05f0 1EBD     		pop {r1-r4,pc}
 730 05f2 00001000 		.ltorg
 730      00000000 
 730      0048FFFF 
 730      01000008 
ARM GAS  1.s 			page 14


 730      0040
 731              	
 732              	
 733              	
 734              		
 735              	
 736              	_nmi:
 737              	_Hard_Fault:
 738              	_svc_handler:
 739              	_pendsv_handler:	
 740              	_systickzhongduan:
 741              	aaa:
 742 0604 7047     		bx lr
 743              		
 744 0606 C046     		.section .data
 745              		.equ zhanding,	0x20000100
 746              		.equ asciibiao,	0x20000500
 747              	
 748              	a0123456789:
 749 0000 30313233 		.ascii "0123456789"
 749      34353637 
 749      3839
 750 000a 00000000 		.align 4
 750      0000
 751              	ascii_biao:				@6*8
 752 0010 00000000 		.byte 0x00, 0x00, 0x00, 0x00, 0x00, 0x00 @
 752      0000
 753 0016 0000004F 		.byte 0x00, 0x00, 0x00, 0x4F, 0x00, 0x00 @ !
 753      0000
 754 001c 00000700 		.byte 0x00, 0x00, 0x07, 0x00, 0x07, 0x00 @ "
 754      0700
 755 0022 00147F14 		.byte 0x00, 0x14, 0x7F, 0x14, 0x7F, 0x14 @ #
 755      7F14
 756 0028 00242A7F 		.byte 0x00, 0x24, 0x2A, 0x7F, 0x2A, 0x12 @ $
 756      2A12
 757 002e 00231308 		.byte 0x00, 0x23, 0x13, 0x08, 0x64, 0x62 @ %
 757      6462
 758 0034 00364955 		.byte 0x00, 0x36, 0x49, 0x55, 0x22, 0x50 @ &
 758      2250
 759 003a 00000503 		.byte 0x00, 0x00, 0x05, 0x03, 0x00, 0x00 @ '
 759      0000
 760 0040 00001C22 		.byte 0x00, 0x00, 0x1C, 0x22, 0x41, 0x00 @ (
 760      4100
 761 0046 00004122 		.byte 0x00, 0x00, 0x41, 0x22, 0x1C, 0x00 @ )
 761      1C00
 762 004c 0014083E 		.byte 0x00, 0x14, 0x08, 0x3E, 0x08, 0x14 @ *
 762      0814
 763 0052 0008083E 		.byte 0x00, 0x08, 0x08, 0x3E, 0x08, 0x08 @ +
 763      0808
 764 0058 00005030 		.byte 0x00, 0x00, 0x50, 0x30, 0x00, 0x00 @ ,
 764      0000
 765 005e 00080808 		.byte 0x00, 0x08, 0x08, 0x08, 0x08, 0x08 @ -
 765      0808
 766 0064 00006060 		.byte 0x00, 0x00, 0x60, 0x60, 0x00, 0x00 @ .
 766      0000
 767 006a 00201008 		.byte 0x00, 0x20, 0x10, 0x08, 0x04, 0x02 @ /
 767      0402
ARM GAS  1.s 			page 15


 768 0070 003E5149 		.byte 0x00, 0x3E, 0x51, 0x49, 0x45, 0x3E @ 0
 768      453E
 769 0076 0000427F 		.byte 0x00, 0x00, 0x42, 0x7F, 0x40, 0x00 @ 1
 769      4000
 770 007c 00426151 		.byte 0x00, 0x42, 0x61, 0x51, 0x49, 0x46 @ 2
 770      4946
 771 0082 00214145 		.byte 0x00, 0x21, 0x41, 0x45, 0x4B, 0x31 @ 3
 771      4B31
 772 0088 00181412 		.byte 0x00, 0x18, 0x14, 0x12, 0x7F, 0x10 @ 4
 772      7F10
 773 008e 00274545 		.byte 0x00, 0x27, 0x45, 0x45, 0x45, 0x39 @ 5
 773      4539
 774 0094 003C4A49 		.byte 0x00, 0x3C, 0x4A, 0x49, 0x49, 0x30 @ 6
 774      4930
 775 009a 00010179 		.byte 0x00, 0x01, 0x01, 0x79, 0x05, 0x03 @ 7
 775      0503
 776 00a0 00364949 		.byte 0x00, 0x36, 0x49, 0x49, 0x49, 0x36 @ 8
 776      4936
 777 00a6 00064949 		.byte 0x00, 0x06, 0x49, 0x49, 0x29, 0x1E @ 9
 777      291E
 778 00ac 00003636 		.byte 0x00, 0x00, 0x36, 0x36, 0x00, 0x00 @ :
 778      0000
 779 00b2 00005636 		.byte 0x00, 0x00, 0x56, 0x36, 0x00, 0x00 @ ;
 779      0000
 780 00b8 00081422 		.byte 0x00, 0x08, 0x14, 0x22, 0x41, 0x00 @ <
 780      4100
 781 00be 00141414 		.byte 0x00, 0x14, 0x14, 0x14, 0x14, 0x14 @ =
 781      1414
 782 00c4 00004122 		.byte 0x00, 0x00, 0x41, 0x22, 0x14, 0x08 @ >
 782      1408
 783 00ca 02015109 		.byte 0x02, 0x01, 0x51, 0x09, 0x06, 0x00 @ ?
 783      0600
 784 00d0 00324979 		.byte 0x00, 0x32, 0x49, 0x79, 0x41, 0x3E @ @
 784      413E
 785 00d6 007E1111 		.byte 0x00, 0x7E, 0x11, 0x11, 0x11, 0x7E @ A
 785      117E
 786 00dc 00417F49 		.byte 0x00, 0x41, 0x7F, 0x49, 0x49, 0x36 @ B
 786      4936
 787 00e2 003E4141 		.byte 0x00, 0x3E, 0x41, 0x41, 0x41, 0x22 @ C
 787      4122
 788 00e8 00417F41 		.byte 0x00, 0x41, 0x7F, 0x41, 0x41, 0x3E @ D
 788      413E
 789 00ee 007F4949 		.byte 0x00, 0x7F, 0x49, 0x49, 0x49, 0x49 @ E
 789      4949
 790 00f4 007F0909 		.byte 0x00, 0x7F, 0x09, 0x09, 0x09, 0x09 @ F
 790      0909
 791 00fa 003E4141 		.byte 0x00, 0x3E, 0x41, 0x41, 0x51, 0x72 @ G
 791      5172
 792 0100 007F0808 		.byte 0x00, 0x7F, 0x08, 0x08, 0x08, 0x7F @ H
 792      087F
 793 0106 0000417F 		.byte 0x00, 0x00, 0x41, 0x7F, 0x41, 0x00 @ I
 793      4100
 794 010c 00204041 		.byte 0x00, 0x20, 0x40, 0x41, 0x3F, 0x01 @ J
 794      3F01
 795 0112 007F0814 		.byte 0x00, 0x7F, 0x08, 0x14, 0x22, 0x41 @ K
 795      2241
 796 0118 007F4040 		.byte 0x00, 0x7F, 0x40, 0x40, 0x40, 0x40 @ L
ARM GAS  1.s 			page 16


 796      4040
 797 011e 007F020C 		.byte 0x00, 0x7F, 0x02, 0x0C, 0x02, 0x7F @ M
 797      027F
 798 0124 817F0608 		.byte 0x81, 0x7F, 0x06, 0x08, 0x30, 0x7F @ N
 798      307F
 799 012a 003E4141 		.byte 0x00, 0x3E, 0x41, 0x41, 0x41, 0x3E @ O
 799      413E
 800 0130 007F0909 		.byte 0x00, 0x7F, 0x09, 0x09, 0x09, 0x06 @ P
 800      0906
 801 0136 003E4151 		.byte 0x00, 0x3E, 0x41, 0x51, 0x21, 0x5E @ Q
 801      215E
 802 013c 007F0919 		.byte 0x00, 0x7F, 0x09, 0x19, 0x29, 0x46 @ R
 802      2946
 803 0142 00264949 		.byte 0x00, 0x26, 0x49, 0x49, 0x49, 0x32 @ S
 803      4932
 804 0148 0001017F 		.byte 0x00, 0x01, 0x01, 0x7F, 0x01, 0x01 @ T
 804      0101
 805 014e 003F4040 		.byte 0x00, 0x3F, 0x40, 0x40, 0x40, 0x3F @ U
 805      403F
 806 0154 001F2040 		.byte 0x00, 0x1F, 0x20, 0x40, 0x20, 0x1F @ V
 806      201F
 807 015a 007F2018 		.byte 0x00, 0x7F, 0x20, 0x18, 0x20, 0x7F @ W
 807      207F
 808 0160 00631408 		.byte 0x00, 0x63, 0x14, 0x08, 0x14, 0x63 @ X
 808      1463
 809 0166 00070870 		.byte 0x00, 0x07, 0x08, 0x70, 0x08, 0x07 @ Y
 809      0807
 810 016c 00615149 		.byte 0x00, 0x61, 0x51, 0x49, 0x45, 0x43 @ Z
 810      4543
 811 0172 00007F41 		.byte 0x00, 0x00, 0x7F, 0x41, 0x41, 0x00 @ [
 811      4100
 812 0178 00020408 		.byte 0x00, 0x02, 0x04, 0x08, 0x10, 0x20 @ BackSlash
 812      1020
 813 017e 00004141 		.byte 0x00, 0x00, 0x41, 0x41, 0x7F, 0x00 @ ]
 813      7F00
 814 0184 00040201 		.byte 0x00, 0x04, 0x02, 0x01, 0x02, 0x04 @ ^
 814      0204
 815 018a 00404040 		.byte 0x00, 0x40, 0x40, 0x40, 0x40, 0x40 @ _
 815      4040
 816 0190 00010204 		.byte 0x00, 0x01, 0x02, 0x04, 0x00, 0x00 @ `
 816      0000
 817 0196 00205454 		.byte 0x00, 0x20, 0x54, 0x54, 0x54, 0x78 @ a
 817      5478
 818 019c 007F4844 		.byte 0x00, 0x7F, 0x48, 0x44, 0x44, 0x38 @ b
 818      4438
 819 01a2 00384444 		.byte 0x00, 0x38, 0x44, 0x44, 0x44, 0x28 @ c
 819      4428
 820 01a8 00384444 		.byte 0x00, 0x38, 0x44, 0x44, 0x48, 0x7F @ d
 820      487F
 821 01ae 00385454 		.byte 0x00, 0x38, 0x54, 0x54, 0x54, 0x18 @ e
 821      5418
 822 01b4 0000087E 		.byte 0x00, 0x00, 0x08, 0x7E, 0x09, 0x02 @ f
 822      0902
 823 01ba 000C5252 		.byte 0x00, 0x0C, 0x52, 0x52, 0x4C, 0x3E @ g
 823      4C3E
 824 01c0 007F0804 		.byte 0x00, 0x7F, 0x08, 0x04, 0x04, 0x78 @ h
 824      0478
ARM GAS  1.s 			page 17


 825 01c6 0000447D 		.byte 0x00, 0x00, 0x44, 0x7D, 0x40, 0x00 @ i
 825      4000
 826 01cc 00204044 		.byte 0x00, 0x20, 0x40, 0x44, 0x3D, 0x00 @ j
 826      3D00
 827 01d2 00007F10 		.byte 0x00, 0x00, 0x7F, 0x10, 0x28, 0x44 @ k
 827      2844
 828 01d8 0000417F 		.byte 0x00, 0x00, 0x41, 0x7F, 0x40, 0x00 @ l
 828      4000
 829 01de 00780478 		.byte 0x00, 0x78, 0x04, 0x78, 0x04, 0x78 @ m
 829      0478
 830 01e4 007C0804 		.byte 0x00, 0x7C, 0x08, 0x04, 0x04, 0x78 @ n
 830      0478
 831 01ea 00387C7C 		.byte 0x00, 0x38, 0x7C, 0x7C, 0x7C, 0x38 @ o
 831      7C38
 832 01f0 007E0C12 		.byte 0x00, 0x7E, 0x0C, 0x12, 0x12, 0x0C @ p
 832      120C
 833 01f6 000C1212 		.byte 0x00, 0x0C, 0x12, 0x12, 0x0C, 0x7E @ q
 833      0C7E
 834 01fc 007C0804 		.byte 0x00, 0x7C, 0x08, 0x04, 0x04, 0x08 @ r
 834      0408
 835 0202 00585454 		.byte 0x00, 0x58, 0x54, 0x54, 0x54, 0x64 @ s
 835      5464
 836 0208 00043F44 		.byte 0x00, 0x04, 0x3F, 0x44, 0x40, 0x20 @ t
 836      4020
 837 020e 003C4040 		.byte 0x00, 0x3C, 0x40, 0x40, 0x3C, 0x40 @ u
 837      3C40
 838 0214 001C2040 		.byte 0x00, 0x1C, 0x20, 0x40, 0x20, 0x1C @ v
 838      201C
 839 021a 003C4030 		.byte 0x00, 0x3C, 0x40, 0x30, 0x40, 0x3C @ w
 839      403C
 840 0220 00442810 		.byte 0x00, 0x44, 0x28, 0x10, 0x28, 0x44 @ x
 840      2844
 841 0226 001CA0A0 		.byte 0x00, 0x1C, 0xA0, 0xA0, 0x90, 0x7C @ y
 841      907C
 842 022c 00446454 		.byte 0x00, 0x44, 0x64, 0x54, 0x4C, 0x44 @ z
 842      4C44
 843 0232 00000836 		.byte 0x00, 0x00, 0x08, 0x36, 0x41, 0x00 @ {
 843      4100
 844 0238 00000077 		.byte 0x00, 0x00, 0x00, 0x77, 0x00, 0x00 @ |
 844      0000
 845 023e 00004136 		.byte 0x00, 0x00, 0x41, 0x36, 0x08, 0x00 @ }
 845      0800
 846 0244 00020102 		.byte 0x00, 0x02, 0x01, 0x02, 0x04, 0x02 @ ~
 846      0402
 847 024a 00000000 		.byte 0x00, 0x00, 0x00, 0x00, 0x00, 0x00 @
 847      0000
 848              	
 849              		.align 4
 850              	ascii_biao_16:	@hack 9*16	
 851 0250 00000000 	 .byte 0x00, 0x00, 0x00, 0x00, 0x00, 0x00, 0x00, 0x00, 0x00, 0x00, 0x00, 0x00, 0x00, 0x00, 0x00, 0x
 851      00000000 
 851      00000000 
 851      00000000 
 851      0000
 852 0262 00000000 	 .byte 0x00, 0x00, 0x00, 0x00, 0x00, 0x00, 0x00, 0x00, 0xFE, 0x0C, 0x00, 0x00, 0x00, 0x00, 0x00, 0x
 852      00000000 
 852      FE0C0000 
ARM GAS  1.s 			page 18


 852      00000000 
 852      0000
 853 0274 00000000 	 .byte 0x00, 0x00, 0x00, 0x00, 0x1E, 0x00, 0x00, 0x00, 0x00, 0x00, 0x1E, 0x00, 0x00, 0x00, 0x00, 0x
 853      1E000000 
 853      00001E00 
 853      00000000 
 853      0000
 854 0286 00011009 	 .byte 0x00, 0x01, 0x10, 0x09, 0xD0, 0x07, 0x7C, 0x01, 0x16, 0x0D, 0xD0, 0x07, 0x7C, 0x01, 0x16, 0x
 854      D0077C01 
 854      160DD007 
 854      7C011601 
 854      1000
 855 0298 00000000 	 .byte 0x00, 0x00, 0x00, 0x00, 0x78, 0x0C, 0x44, 0x08, 0xFE, 0x3F, 0xC4, 0x08, 0x8C, 0x08, 0x08, 0x
 855      780C4408 
 855      FE3FC408 
 855      8C080807 
 855      0000
 856 02aa 1801A400 	 .byte 0x18, 0x01, 0xA4, 0x00, 0xA4, 0x00, 0xA4, 0x00, 0x58, 0x07, 0xC0, 0x08, 0xC0, 0x08, 0xA0, 0x
 856      A400A400 
 856      5807C008 
 856      C008A008 
 856      2007
 857 02bc 00008003 	 .byte 0x00, 0x00, 0x80, 0x03, 0x7C, 0x04, 0x62, 0x08, 0xC2, 0x08, 0x82, 0x09, 0x06, 0x0F, 0x00, 0x
 857      7C046208 
 857      C2088209 
 857      060F000E 
 857      C009
 858 02ce 00000000 	 .byte 0x00, 0x00, 0x00, 0x00, 0x00, 0x00, 0x00, 0x00, 0x1E, 0x00, 0x00, 0x00, 0x00, 0x00, 0x00, 0x
 858      00000000 
 858      1E000000 
 858      00000000 
 858      0000
 859 02e0 00000000 	 .byte 0x00, 0x00, 0x00, 0x00, 0xF8, 0x0F, 0x06, 0x30, 0x02, 0x20, 0x00, 0x00, 0x00, 0x00, 0x00, 0x
 859      F80F0630 
 859      02200000 
 859      00000000 
 859      0000
 860 02f2 00000000 	 .byte 0x00, 0x00, 0x00, 0x00, 0x00, 0x00, 0x00, 0x00, 0x02, 0x20, 0x06, 0x30, 0xF8, 0x0F, 0x00, 0x
 860      00000000 
 860      02200630 
 860      F80F0000 
 860      0000
 861 0304 00000800 	 .byte 0x00, 0x00, 0x08, 0x00, 0x90, 0x00, 0x70, 0x00, 0x3E, 0x00, 0x70, 0x00, 0x90, 0x00, 0x08, 0x
 861      90007000 
 861      3E007000 
 861      90000800 
 861      0000
 862 0316 00008000 	 .byte 0x00, 0x00, 0x80, 0x00, 0x80, 0x00, 0x80, 0x00, 0xF0, 0x07, 0x80, 0x00, 0x80, 0x00, 0x80, 0x
 862      80008000 
 862      F0078000 
 862      80008000 
 862      0000
 863 0328 00000000 	 .byte 0x00, 0x00, 0x00, 0x00, 0x00, 0x00, 0x00, 0x40, 0x00, 0x4C, 0x00, 0x3C, 0x00, 0x00, 0x00, 0x
 863      00000040 
 863      004C003C 
 863      00000000 
 863      0000
ARM GAS  1.s 			page 19


 864 033a 00000000 	 .byte 0x00, 0x00, 0x00, 0x00, 0x80, 0x00, 0x80, 0x00, 0x80, 0x00, 0x80, 0x00, 0x80, 0x00, 0x80, 0x
 864      80008000 
 864      80008000 
 864      80008000 
 864      0000
 865 034c 00000000 	 .byte 0x00, 0x00, 0x00, 0x00, 0x00, 0x00, 0x00, 0x0C, 0x00, 0x0C, 0x00, 0x00, 0x00, 0x00, 0x00, 0x
 865      0000000C 
 865      000C0000 
 865      00000000 
 865      0000
 866 035e 00000010 	 .byte 0x00, 0x00, 0x00, 0x10, 0x00, 0x1C, 0x00, 0x07, 0xC0, 0x00, 0x38, 0x00, 0x0E, 0x00, 0x02, 0x
 866      001C0007 
 866      C0003800 
 866      0E000200 
 866      0000
 867 0370 0000F803 	 .byte 0x00, 0x00, 0xF8, 0x03, 0x04, 0x04, 0x02, 0x08, 0xF2, 0x09, 0x02, 0x08, 0x04, 0x04, 0xF8, 0x
 867      04040208 
 867      F2090208 
 867      0404F803 
 867      0000
 868 0382 00000000 	 .byte 0x00, 0x00, 0x00, 0x00, 0x00, 0x00, 0x04, 0x08, 0x06, 0x08, 0xFE, 0x0F, 0x00, 0x08, 0x00, 0x
 868      00000408 
 868      0608FE0F 
 868      00080008 
 868      0000
 869 0394 0000040C 	 .byte 0x00, 0x00, 0x04, 0x0C, 0x02, 0x0E, 0x02, 0x09, 0x82, 0x08, 0x42, 0x08, 0x3C, 0x08, 0x00, 0x
 869      020E0209 
 869      82084208 
 869      3C080000 
 869      0000
 870 03a6 00000000 	 .byte 0x00, 0x00, 0x00, 0x00, 0x02, 0x0C, 0x02, 0x08, 0x42, 0x08, 0x42, 0x08, 0x42, 0x08, 0xBC, 0x
 870      020C0208 
 870      42084208 
 870      4208BC07 
 870      0000
 871 03b8 00000001 	 .byte 0x00, 0x00, 0x00, 0x01, 0xC0, 0x01, 0x30, 0x01, 0x18, 0x01, 0x06, 0x01, 0xFE, 0x0F, 0x00, 0x
 871      C0013001 
 871      18010601 
 871      FE0F0001 
 871      0000
 872 03ca 0000400C 	 .byte 0x00, 0x00, 0x40, 0x0C, 0x3E, 0x08, 0x22, 0x08, 0x22, 0x08, 0x62, 0x0C, 0xC2, 0x07, 0x00, 0x
 872      3E082208 
 872      2208620C 
 872      C2070000 
 872      0000
 873 03dc 0000F803 	 .byte 0x00, 0x00, 0xF8, 0x03, 0xC4, 0x07, 0x62, 0x0C, 0x22, 0x08, 0x22, 0x08, 0x22, 0x08, 0xC2, 0x
 873      C407620C 
 873      22082208 
 873      2208C207 
 873      0000
 874 03ee 00000200 	 .byte 0x00, 0x00, 0x02, 0x00, 0x02, 0x08, 0x02, 0x0E, 0x82, 0x07, 0xF2, 0x00, 0x3E, 0x00, 0x06, 0x
 874      0208020E 
 874      8207F200 
 874      3E000600 
 874      0000
 875 0400 00009C07 	 .byte 0x00, 0x00, 0x9C, 0x07, 0xA6, 0x0C, 0x42, 0x08, 0x42, 0x08, 0x42, 0x08, 0xA2, 0x08, 0x9C, 0x
 875      A60C4208 
ARM GAS  1.s 			page 20


 875      42084208 
 875      A2089C07 
 875      0000
 876 0412 00007C0C 	 .byte 0x00, 0x00, 0x7C, 0x0C, 0x82, 0x08, 0x82, 0x08, 0x82, 0x08, 0xC6, 0x08, 0x7C, 0x04, 0xF8, 0x
 876      82088208 
 876      8208C608 
 876      7C04F803 
 876      0000
 877 0424 00000000 	 .byte 0x00, 0x00, 0x00, 0x00, 0x00, 0x00, 0x00, 0x00, 0x70, 0x0C, 0x20, 0x0C, 0x00, 0x00, 0x00, 0x
 877      00000000 
 877      700C200C 
 877      00000000 
 877      0000
 878 0436 00000000 	 .byte 0x00, 0x00, 0x00, 0x00, 0x00, 0x00, 0x20, 0x40, 0x70, 0x4C, 0x20, 0x3C, 0x00, 0x00, 0x00, 0x
 878      00002040 
 878      704C203C 
 878      00000000 
 878      0000
 879 0448 00008001 	 .byte 0x00, 0x00, 0x80, 0x01, 0xC0, 0x01, 0x40, 0x01, 0x40, 0x02, 0x20, 0x02, 0x20, 0x06, 0x30, 0x
 879      C0014001 
 879      40022002 
 879      20063004 
 879      0000
 880 045a 00002001 	 .byte 0x00, 0x00, 0x20, 0x01, 0x20, 0x01, 0x20, 0x01, 0x20, 0x01, 0x20, 0x01, 0x20, 0x01, 0x20, 0x
 880      20012001 
 880      20012001 
 880      20012001 
 880      0000
 881 046c 00003004 	 .byte 0x00, 0x00, 0x30, 0x04, 0x20, 0x06, 0x20, 0x02, 0x40, 0x02, 0x40, 0x01, 0xC0, 0x01, 0x80, 0x
 881      20062002 
 881      40024001 
 881      C0018001 
 881      0000
 882 047e 00000000 	 .byte 0x00, 0x00, 0x00, 0x00, 0x06, 0x00, 0x02, 0x00, 0xC2, 0x0D, 0x22, 0x00, 0x1E, 0x00, 0x00, 0x
 882      06000200 
 882      C20D2200 
 882      1E000000 
 882      0000
 883 0490 E0071018 	 .byte 0xE0, 0x07, 0x10, 0x18, 0x08, 0x10, 0xC4, 0x23, 0x24, 0x24, 0x24, 0x24, 0x24, 0x24, 0x68, 0x
 883      0810C423 
 883      24242424 
 883      24246806 
 883      F007
 884 04a2 0008000F 	 .byte 0x00, 0x08, 0x00, 0x0F, 0xE0, 0x01, 0x3E, 0x01, 0x02, 0x01, 0x3E, 0x01, 0xE0, 0x01, 0x00, 0x
 884      E0013E01 
 884      02013E01 
 884      E001000F 
 884      0008
 885 04b4 0000FE0F 	 .byte 0x00, 0x00, 0xFE, 0x0F, 0x42, 0x08, 0x42, 0x08, 0x42, 0x08, 0x42, 0x08, 0x42, 0x08, 0xBC, 0x
 885      42084208 
 885      42084208 
 885      4208BC07 
 885      0000
 886 04c6 0000F803 	 .byte 0x00, 0x00, 0xF8, 0x03, 0x06, 0x0C, 0x02, 0x08, 0x02, 0x08, 0x02, 0x08, 0x06, 0x0C, 0x00, 0x
 886      060C0208 
 886      02080208 
 886      060C0000 
ARM GAS  1.s 			page 21


 886      0000
 887 04d8 0000FE0F 	 .byte 0x00, 0x00, 0xFE, 0x0F, 0x02, 0x08, 0x02, 0x08, 0x02, 0x08, 0x02, 0x08, 0x04, 0x04, 0xF8, 0x
 887      02080208 
 887      02080208 
 887      0404F803 
 887      0000
 888 04ea 00000000 	 .byte 0x00, 0x00, 0x00, 0x00, 0xFE, 0x0F, 0x42, 0x08, 0x42, 0x08, 0x42, 0x08, 0x42, 0x08, 0x42, 0x
 888      FE0F4208 
 888      42084208 
 888      42084208 
 888      0000
 889 04fc 00000000 	 .byte 0x00, 0x00, 0x00, 0x00, 0xFE, 0x0F, 0x42, 0x00, 0x42, 0x00, 0x42, 0x00, 0x42, 0x00, 0x42, 0x
 889      FE0F4200 
 889      42004200 
 889      42004200 
 889      0000
 890 050e 0000F803 	 .byte 0x00, 0x00, 0xF8, 0x03, 0x04, 0x04, 0x02, 0x08, 0x02, 0x08, 0x82, 0x08, 0x82, 0x08, 0x86, 0x
 890      04040208 
 890      02088208 
 890      82088607 
 890      0000
 891 0520 0000FC0F 	 .byte 0x00, 0x00, 0xFC, 0x0F, 0x40, 0x00, 0x40, 0x00, 0x40, 0x00, 0x40, 0x00, 0x40, 0x00, 0xFC, 0x
 891      40004000 
 891      40004000 
 891      4000FC0F 
 891      0000
 892 0532 00000000 	 .byte 0x00, 0x00, 0x00, 0x00, 0x02, 0x08, 0x02, 0x08, 0xFE, 0x0F, 0x02, 0x08, 0x02, 0x08, 0x00, 0x
 892      02080208 
 892      FE0F0208 
 892      02080000 
 892      0000
 893 0544 0000000C 	 .byte 0x00, 0x00, 0x00, 0x0C, 0x00, 0x08, 0x02, 0x08, 0x02, 0x08, 0x02, 0x08, 0xFE, 0x07, 0x00, 0x
 893      00080208 
 893      02080208 
 893      FE070000 
 893      0000
 894 0556 0000FE0F 	 .byte 0x00, 0x00, 0xFE, 0x0F, 0x60, 0x00, 0x70, 0x00, 0xD8, 0x01, 0x0C, 0x03, 0x06, 0x0E, 0x02, 0x
 894      60007000 
 894      D8010C03 
 894      060E0208 
 894      0000
 895 0568 00000000 	 .byte 0x00, 0x00, 0x00, 0x00, 0xFE, 0x0F, 0x00, 0x08, 0x00, 0x08, 0x00, 0x08, 0x00, 0x08, 0x00, 0x
 895      FE0F0008 
 895      00080008 
 895      00080008 
 895      0000
 896 057a 0000FE0F 	 .byte 0x00, 0x00, 0xFE, 0x0F, 0x0E, 0x00, 0x78, 0x00, 0x80, 0x00, 0x78, 0x00, 0x0E, 0x00, 0xFE, 0x
 896      0E007800 
 896      80007800 
 896      0E00FE0F 
 896      0000
 897 058c 0000FE0F 	 .byte 0x00, 0x00, 0xFE, 0x0F, 0x0E, 0x00, 0x3C, 0x00, 0xF0, 0x01, 0x80, 0x07, 0x00, 0x0E, 0xFE, 0x
 897      0E003C00 
 897      F0018007 
 897      000EFE0F 
 897      0000
 898 059e 0000F803 	 .byte 0x00, 0x00, 0xF8, 0x03, 0x04, 0x04, 0x02, 0x08, 0x02, 0x08, 0x02, 0x08, 0x06, 0x0C, 0xF8, 0x
ARM GAS  1.s 			page 22


 898      04040208 
 898      02080208 
 898      060CF803 
 898      0000
 899 05b0 0000FE0F 	 .byte 0x00, 0x00, 0xFE, 0x0F, 0x82, 0x00, 0x82, 0x00, 0x82, 0x00, 0x82, 0x00, 0xC6, 0x00, 0x7C, 0x
 899      82008200 
 899      82008200 
 899      C6007C00 
 899      0000
 900 05c2 0000F803 	 .byte 0x00, 0x00, 0xF8, 0x03, 0x04, 0x04, 0x02, 0x08, 0x02, 0x08, 0x02, 0x08, 0x06, 0x3C, 0xF8, 0x
 900      04040208 
 900      02080208 
 900      063CF823 
 900      0000
 901 05d4 0000FE0F 	 .byte 0x00, 0x00, 0xFE, 0x0F, 0x42, 0x00, 0x42, 0x00, 0x42, 0x00, 0xC2, 0x00, 0xBC, 0x03, 0x00, 0x
 901      42004200 
 901      4200C200 
 901      BC03000E 
 901      0008
 902 05e6 00003C0C 	 .byte 0x00, 0x00, 0x3C, 0x0C, 0x64, 0x08, 0x62, 0x08, 0x42, 0x08, 0x42, 0x08, 0xC2, 0x08, 0x86, 0x
 902      64086208 
 902      42084208 
 902      C2088607 
 902      0000
 903 05f8 00000200 	 .byte 0x00, 0x00, 0x02, 0x00, 0x02, 0x00, 0x02, 0x00, 0xFE, 0x0F, 0x02, 0x00, 0x02, 0x00, 0x02, 0x
 903      02000200 
 903      FE0F0200 
 903      02000200 
 903      0000
 904 060a 0000FE07 	 .byte 0x00, 0x00, 0xFE, 0x07, 0x00, 0x08, 0x00, 0x08, 0x00, 0x08, 0x00, 0x08, 0xFE, 0x07, 0x00, 0x
 904      00080008 
 904      00080008 
 904      FE070000 
 904      0000
 905 061c 02001E00 	 .byte 0x02, 0x00, 0x1E, 0x00, 0xF8, 0x00, 0x80, 0x0F, 0x00, 0x08, 0x80, 0x0F, 0xF8, 0x00, 0x1E, 0x
 905      F800800F 
 905      0008800F 
 905      F8001E00 
 905      0200
 906 062e 0E00FC07 	 .byte 0x0E, 0x00, 0xFC, 0x07, 0x00, 0x0C, 0xE0, 0x03, 0x30, 0x00, 0xE0, 0x03, 0x00, 0x0C, 0xFC, 0x
 906      000CE003 
 906      3000E003 
 906      000CFC07 
 906      1E00
 907 0640 0008020C 	 .byte 0x00, 0x08, 0x02, 0x0C, 0x0C, 0x07, 0xB8, 0x01, 0xE0, 0x00, 0xF0, 0x01, 0x0C, 0x07, 0x06, 0x
 907      0C07B801 
 907      E000F001 
 907      0C07060C 
 907      0208
 908 0652 02000600 	 .byte 0x02, 0x00, 0x06, 0x00, 0x1C, 0x00, 0x30, 0x00, 0xC0, 0x0F, 0x30, 0x00, 0x1C, 0x00, 0x06, 0x
 908      1C003000 
 908      C00F3000 
 908      1C000600 
 908      0200
 909 0664 0000020C 	 .byte 0x00, 0x00, 0x02, 0x0C, 0x02, 0x0E, 0x82, 0x0B, 0xC2, 0x08, 0x72, 0x08, 0x1E, 0x08, 0x0E, 0x
 909      020E820B 
 909      C2087208 
ARM GAS  1.s 			page 23


 909      1E080E08 
 909      0008
 910 0676 00000000 	 .byte 0x00, 0x00, 0x00, 0x00, 0x00, 0x00, 0x00, 0x00, 0xFE, 0x3F, 0x00, 0x20, 0x00, 0x20, 0x00, 0x
 910      00000000 
 910      FE3F0020 
 910      00200000 
 910      0000
 911 0688 00000200 	 .byte 0x00, 0x00, 0x02, 0x00, 0x0E, 0x00, 0x38, 0x00, 0xC0, 0x00, 0x00, 0x07, 0x00, 0x1C, 0x00, 0x
 911      0E003800 
 911      C0000007 
 911      001C0010 
 911      0000
 912 069a 00000000 	 .byte 0x00, 0x00, 0x00, 0x00, 0x00, 0x20, 0x00, 0x20, 0xFE, 0x3F, 0x00, 0x00, 0x00, 0x00, 0x00, 0x
 912      00200020 
 912      FE3F0000 
 912      00000000 
 912      0000
 913 06ac 00001000 	 .byte 0x00, 0x00, 0x10, 0x00, 0x08, 0x00, 0x06, 0x00, 0x02, 0x00, 0x06, 0x00, 0x08, 0x00, 0x10, 0x
 913      08000600 
 913      02000600 
 913      08001000 
 913      1000
 914 06be 00800080 	 .byte 0x00, 0x80, 0x00, 0x80, 0x00, 0x80, 0x00, 0x80, 0x00, 0x80, 0x00, 0x80, 0x00, 0x80, 0x00, 0x
 914      00800080 
 914      00800080 
 914      00800080 
 914      0000
 915 06d0 00000000 	 .byte 0x00, 0x00, 0x00, 0x00, 0x00, 0x00, 0x02, 0x00, 0x06, 0x00, 0x04, 0x00, 0x00, 0x00, 0x00, 0x
 915      00000200 
 915      06000400 
 915      00000000 
 915      0000
 916 06e2 00003007 	 .byte 0x00, 0x00, 0x30, 0x07, 0x90, 0x08, 0x90, 0x08, 0x90, 0x08, 0x90, 0x04, 0xE0, 0x0F, 0x00, 0x
 916      90089008 
 916      90089004 
 916      E00F0000 
 916      0000
 917 06f4 0000FE0F 	 .byte 0x00, 0x00, 0xFE, 0x0F, 0x20, 0x0C, 0x10, 0x08, 0x10, 0x08, 0x10, 0x08, 0x30, 0x0C, 0xE0, 0x
 917      200C1008 
 917      10081008 
 917      300CE007 
 917      0000
 918 0706 00000000 	 .byte 0x00, 0x00, 0x00, 0x00, 0xE0, 0x07, 0x30, 0x0C, 0x10, 0x08, 0x10, 0x08, 0x10, 0x08, 0x30, 0x
 918      E007300C 
 918      10081008 
 918      1008300C 
 918      0000
 919 0718 0000E007 	 .byte 0x00, 0x00, 0xE0, 0x07, 0x10, 0x08, 0x10, 0x08, 0x10, 0x08, 0x30, 0x04, 0xFE, 0x0F, 0x00, 0x
 919      10081008 
 919      10083004 
 919      FE0F0000 
 919      0000
 920 072a 0000C003 	 .byte 0x00, 0x00, 0xC0, 0x03, 0xA0, 0x04, 0x90, 0x08, 0x90, 0x08, 0x90, 0x08, 0xB0, 0x08, 0xE0, 0x
 920      A0049008 
 920      90089008 
 920      B008E00C 
 920      0000
ARM GAS  1.s 			page 24


 921 073c 00000000 	 .byte 0x00, 0x00, 0x00, 0x00, 0x10, 0x00, 0x10, 0x00, 0xFC, 0x0F, 0x12, 0x00, 0x12, 0x00, 0x12, 0x
 921      10001000 
 921      FC0F1200 
 921      12001200 
 921      0000
 922 074e 0000C067 	 .byte 0x00, 0x00, 0xC0, 0x67, 0x30, 0x48, 0x10, 0x48, 0x10, 0x48, 0x20, 0x64, 0xF0, 0x3F, 0x00, 0x
 922      30481048 
 922      10482064 
 922      F03F0000 
 922      0000
 923 0760 0000FE0F 	 .byte 0x00, 0x00, 0xFE, 0x0F, 0x20, 0x00, 0x10, 0x00, 0x10, 0x00, 0x10, 0x00, 0xE0, 0x0F, 0x00, 0x
 923      20001000 
 923      10001000 
 923      E00F0000 
 923      0000
 924 0772 00000000 	 .byte 0x00, 0x00, 0x00, 0x00, 0x10, 0x00, 0x10, 0x00, 0xF2, 0x07, 0x00, 0x08, 0x00, 0x08, 0x00, 0x
 924      10001000 
 924      F2070008 
 924      00080008 
 924      0000
 925 0784 00000000 	 .byte 0x00, 0x00, 0x00, 0x00, 0x00, 0x40, 0x10, 0x40, 0x10, 0x40, 0xF2, 0x3F, 0x00, 0x00, 0x00, 0x
 925      00401040 
 925      1040F23F 
 925      00000000 
 925      0000
 926 0796 00000000 	 .byte 0x00, 0x00, 0x00, 0x00, 0xFE, 0x0F, 0x80, 0x00, 0xC0, 0x00, 0x60, 0x03, 0x30, 0x06, 0x10, 0x
 926      FE0F8000 
 926      C0006003 
 926      3006100C 
 926      0008
 927 07a8 00000000 	 .byte 0x00, 0x00, 0x00, 0x00, 0x02, 0x00, 0x02, 0x00, 0xFE, 0x07, 0x00, 0x08, 0x00, 0x08, 0x00, 0x
 927      02000200 
 927      FE070008 
 927      00080008 
 927      0000
 928 07ba 0000F00F 	 .byte 0x00, 0x00, 0xF0, 0x0F, 0x10, 0x00, 0x10, 0x00, 0xF0, 0x0F, 0x10, 0x00, 0x10, 0x00, 0xF0, 0x
 928      10001000 
 928      F00F1000 
 928      1000F00F 
 928      0000
 929 07cc 0000F00F 	 .byte 0x00, 0x00, 0xF0, 0x0F, 0x20, 0x00, 0x10, 0x00, 0x10, 0x00, 0x10, 0x00, 0xE0, 0x0F, 0x00, 0x
 929      20001000 
 929      10001000 
 929      E00F0000 
 929      0000
 930 07de 0000C003 	 .byte 0x00, 0x00, 0xC0, 0x03, 0x20, 0x04, 0x10, 0x08, 0x10, 0x08, 0x10, 0x08, 0x30, 0x0C, 0xE0, 0x
 930      20041008 
 930      10081008 
 930      300CE007 
 930      0000
 931 07f0 0000F07F 	 .byte 0x00, 0x00, 0xF0, 0x7F, 0x20, 0x04, 0x10, 0x08, 0x10, 0x08, 0x10, 0x08, 0x30, 0x0C, 0xE0, 0x
 931      20041008 
 931      10081008 
 931      300CE007 
 931      0000
 932 0802 0000E007 	 .byte 0x00, 0x00, 0xE0, 0x07, 0x10, 0x0C, 0x10, 0x08, 0x10, 0x08, 0x20, 0x04, 0xF0, 0x7F, 0x00, 0x
 932      100C1008 
ARM GAS  1.s 			page 25


 932      10082004 
 932      F07F0000 
 932      0000
 933 0814 00000000 	 .byte 0x00, 0x00, 0x00, 0x00, 0x00, 0x00, 0xF0, 0x0F, 0x20, 0x00, 0x10, 0x00, 0x10, 0x00, 0x30, 0x
 933      0000F00F 
 933      20001000 
 933      10003000 
 933      0000
 934 0826 00000000 	 .byte 0x00, 0x00, 0x00, 0x00, 0xE0, 0x0C, 0x90, 0x08, 0x90, 0x08, 0x10, 0x09, 0x30, 0x07, 0x00, 0x
 934      E00C9008 
 934      90081009 
 934      30070000 
 934      0000
 935 0838 00001000 	 .byte 0x00, 0x00, 0x10, 0x00, 0x10, 0x00, 0xFC, 0x07, 0x10, 0x08, 0x10, 0x08, 0x10, 0x08, 0x00, 0x
 935      1000FC07 
 935      10081008 
 935      10080000 
 935      0000
 936 084a 0000F007 	 .byte 0x00, 0x00, 0xF0, 0x07, 0x00, 0x08, 0x00, 0x08, 0x00, 0x08, 0x00, 0x04, 0xF0, 0x0F, 0x00, 0x
 936      00080008 
 936      00080004 
 936      F00F0000 
 936      0000
 937 085c 00003000 	 .byte 0x00, 0x00, 0x30, 0x00, 0xE0, 0x01, 0x00, 0x0F, 0x00, 0x08, 0x00, 0x0F, 0xE0, 0x01, 0x30, 0x
 937      E001000F 
 937      0008000F 
 937      E0013000 
 937      0000
 938 086e 3000E003 	 .byte 0x30, 0x00, 0xE0, 0x03, 0x00, 0x0E, 0x00, 0x07, 0xC0, 0x00, 0x00, 0x07, 0x00, 0x0E, 0xE0, 0x
 938      000E0007 
 938      C0000007 
 938      000EE003 
 938      3000
 939 0880 00001008 	 .byte 0x00, 0x00, 0x10, 0x08, 0x30, 0x06, 0x40, 0x03, 0x80, 0x01, 0xC0, 0x03, 0x30, 0x06, 0x10, 0x
 939      30064003 
 939      8001C003 
 939      30061008 
 939      0000
 940 0892 00003040 	 .byte 0x00, 0x00, 0x30, 0x40, 0xE0, 0x40, 0x80, 0x67, 0x00, 0x3C, 0x00, 0x07, 0xE0, 0x01, 0x30, 0x
 940      E0408067 
 940      003C0007 
 940      E0013000 
 940      0000
 941 08a4 00000000 	 .byte 0x00, 0x00, 0x00, 0x00, 0x10, 0x0C, 0x10, 0x0E, 0x10, 0x0B, 0xD0, 0x08, 0x70, 0x08, 0x30, 0x
 941      100C100E 
 941      100BD008 
 941      70083008 
 941      0000
 942 08b6 00004000 	 .byte 0x00, 0x00, 0x40, 0x00, 0x40, 0x00, 0x40, 0x00, 0xBE, 0x1F, 0x00, 0x20, 0x00, 0x20, 0x00, 0x
 942      40004000 
 942      BE1F0020 
 942      00200000 
 942      0000
 943 08c8 00000000 	 .byte 0x00, 0x00, 0x00, 0x00, 0x00, 0x00, 0x00, 0x00, 0xFE, 0xFF, 0x00, 0x00, 0x00, 0x00, 0x00, 0x
 943      00000000 
 943      FEFF0000 
 943      00000000 
ARM GAS  1.s 			page 26


 943      0000
 944 08da 00000000 	 .byte 0x00, 0x00, 0x00, 0x00, 0x00, 0x20, 0x00, 0x20, 0xBE, 0x1F, 0xC0, 0x00, 0x40, 0x00, 0x40, 0x
 944      00200020 
 944      BE1FC000 
 944      40004000 
 944      0000
 945 08ec 0000C000 	 .byte 0x00, 0x00, 0xC0, 0x00, 0x40, 0x00, 0x40, 0x00, 0x40, 0x00, 0x80, 0x00, 0x80, 0x00, 0xC0, 0x
 945      40004000 
 945      40008000 
 945      8000C000 
 945      0000
 946 08fe F00F1008 	 .byte 0xF0, 0x0F, 0x10, 0x08, 0xF0, 0x0F, 0x00, 0x00, 0x00, 0x00, 0x00, 0x00, 0x00, 0x00, 0x00, 0x
 946      F00F0000 
 946      00000000 
 946      00000000 
 946      0000
 947              	
 948              	
 949              	
 950              	
ARM GAS  1.s 			page 27


DEFINED SYMBOLS
                 1.s:7      .text:00000000 vectors
                            *ABS*:20000100 zhanding
                 1.s:56     .text:000000c0 kaishi
                 1.s:736    .text:00000604 _nmi
                 1.s:737    .text:00000604 _Hard_Fault
                 1.s:738    .text:00000604 _svc_handler
                 1.s:739    .text:00000604 _pendsv_handler
                 1.s:740    .text:00000604 _systickzhongduan
                 1.s:741    .text:00000604 aaa
                 1.s:60     .text:000000c0 __shi_zhong
                            .text:00000000 $d
                 1.s:61     .text:000000c0 $t
                 1.s:66     .text:000000ca deng_hse
                 1.s:82     .text:000000e0 __pa_chu_shi_hua
                 1.s:93     .text:000000f0 __pb_chu_shi_hua
                 1.s:104    .text:000000fe __spi_chu_shi_hua_74hc595
                 1.s:112    .text:0000010a adad
                 1.s:689    .text:000005b4 __lcd_xie_ming_ling
                 1.s:121    .text:0000011c led_biao
                 1.s:671    .text:00000598 __xie_spi1
                 1.s:696    .text:000005c0 __lcd_xie_shu_ju
                 1.s:118    .text:0000011a __bbkk
                 1.s:122    .text:0000011c $d
                 1.s:137    .text:0000012c __spi_chu_shi_hua_ST7735S
                 1.s:138    .text:0000012c $t
                 1.s:519    .text:00000406 __lcd_chushihua
                 1.s:173    .text:0000016a __lcd_qingping
                 1.s:149    .text:00000142 ting
                 1.s:158    .text:00000152 __xianshi_shuzi
                            *ABS*:20000500 asciibiao
                 1.s:217    .text:000001dc __zhuanascii
                 1.s:249    .text:0000025c __xie_ascii_16
                 1.s:207    .text:000001ca __qingping_xunhuan
                 1.s:224    .text:000001e6 __xunhuanqiuma
                 1.s:706    .text:000005cc _chufa
                 1.s:243    .text:0000020a __qiumafanhui
                 1.s:238    .text:00000202 __meidaoxiaoshudian
                 1.s:246    .text:0000020e $d
                 1.s:246    .text:00000210 $d
                 1.s:250    .text:0000025c $t
                 1.s:262    .text:0000026e __xie_lcd_dizhi_16
                 1.s:289    .text:0000029a __xie_lcd_weizhi_16
                 1.s:265    .text:00000274 __du_ascii_16
                 1.s:850    .data:00000250 ascii_biao_16
                 1.s:271    .text:0000027e __du_ziku_chu_shi_hua
                 1.s:273    .text:00000280 __du_ziku_16
                 1.s:280    .text:0000028e __duwan_ziku_16
                 1.s:343    .text:000002fe __xie_lcd_lie_16
                 1.s:349    .text:00000306 __xie_lcd_lie16_xunhuan
                 1.s:359    .text:0000031c __xie_lcd_16_1
                 1.s:368    .text:0000032e $d
                 1.s:368    .text:00000330 $d
                 1.s:391    .text:00000334 __xie_ascii
                 1.s:392    .text:00000334 $t
                 1.s:404    .text:00000346 __xie_lcd_dizhi2
                 1.s:431    .text:00000372 __xie_lcd_weizhi_1
ARM GAS  1.s 			page 28


                 1.s:407    .text:0000034c __du_ascii2
                 1.s:751    .data:00000010 ascii_biao
                 1.s:413    .text:00000356 __du_ziku_chushihua2
                 1.s:415    .text:00000358 __du_ziku1
                 1.s:422    .text:00000366 __duwan_ziku1
                 1.s:485    .text:000003d6 __xie_lcd_lie
                 1.s:491    .text:000003de __xie_lcd_lie_xunhuan
                 1.s:501    .text:000003f4 __xie_lcd_8_1
                 1.s:666    .text:00000592 __lcd_yanshi
                 1.s:674    .text:0000059c __deng_huan_chong_kong
                 1.s:679    .text:000005a4 __deng_huan_chong_kong1
                 1.s:683    .text:000005aa __busy_zong_xian_mang
                 1.s:728    .text:000005f0 _chufafanhui
                 1.s:718    .text:000005e0 _chufaxunhuan
                 1.s:725    .text:000005ec _chufaweishubudao0
                 1.s:730    .text:000005f2 $d
                 1.s:730    .text:000005f4 $d
                 1.s:742    .text:00000604 $t
                 1.s:748    .data:00000000 a0123456789
                 1.s:750    .data:0000000a $d

NO UNDEFINED SYMBOLS
