ARM GAS  1.s 			page 1


   1              		@cw32f030c8
   2              		@编译器ARM-NONE-EABI
   3              	
   4              		.thumb
   5              		.syntax unified
   6              		.section .text
   7              	vectors:
   8 0000 00010020 		.word zhanding
   9 0004 C1000000 		.word kaishi + 1
  10 0008 F3000000 		.word _nmi	+1
  11 000c F3000000 		.word _Hard_Fault +1
  12 0010 00000000 		.word 0
  13 0014 00000000 		.word 0
  14 0018 00000000 		.word 0
  15 001c 00000000 		.word 0
  16 0020 00000000 		.word 0
  17 0024 00000000 		.word 0
  18 0028 00000000 		.word 0
  19 002c F3000000 		.word _svc_handler +1
  20 0030 00000000 		.word 0
  21 0034 00000000 		.word 0
  22 0038 F3000000 		.word _pendsv_handler +1
  23 003c F3000000 		.word _systickzhongduan +1  @ 15
  24 0040 F3000000 		.word aaa +1                @ 0		WDT
  25 0044 F3000000 		.word aaa +1                @ 1		LVD
  26 0048 F3000000 		.word aaa +1                @ 2	
  27 004c F3000000 		.word aaa +1                @ 3		FLASHRAM
  28 0050 F3000000 		.word aaa +1                @ 4		RCC
  29 0054 F3000000 		.word aaa +1         	    @ 5		GPIOA
  30 0058 F3000000 		.word aaa +1                @ 6		GPIOB
  31 005c F3000000 		.word aaa +1                @ 7		GPIOC
  32 0060 F3000000 		.word aaa +1                @ 8
  33 0064 F3000000 		.word aaa +1                @ 9
  34 0068 F3000000 		.word aaa +1                @ 10
  35 006c F3000000 		.word aaa +1                @ 11
  36 0070 F3000000 		.word aaa +1                @ 12	ADC
  37 0074 F3000000 		.word aaa +1                @ 13	ATIM
  38 0078 F3000000 		.word aaa +1                @ 14	VC1
  39 007c F3000000 		.word aaa +1                @ 15	VC2
  40 0080 F3000000 		.word aaa +1                @ 16	GTIM
  41 0084 F3000000 		.word aaa +1                @ 17
  42 0088 F3000000 		.word aaa +1                @ 18
  43 008c F3000000 		.word aaa +1                @ 19
  44 0090 F3000000 		.word aaa +1                @ 20	BTIM1
  45 0094 F3000000 		.word aaa +1                @ 21	BTIM2
  46 0098 F3000000 		.word aaa +1                @ 22	BTIM3
  47 009c F3000000 		.word aaa +1                @ 23	I2C
  48 00a0 F3000000 		.word aaa +1                @ 24
  49 00a4 F3000000 		.word aaa +1                @ 25	SPI
  50 00a8 F3000000 		.word aaa +1                @ 26
  51 00ac F3000000 		.word aaa +1                @ 27	UART1
  52 00b0 F3000000 		.word aaa +1		    @ 28	UART2
  53 00b4 F3000000 		.word aaa +1		    @ 29
  54 00b8 F3000000 		.word aaa +1		    @ 30	AWT
  55 00bc F3000000 	 	.word aaa +1		    @ 31
  56              	kaishi:
  57              	@bkpt # 1
ARM GAS  1.s 			page 2


  58              	
  59              	__shi_zhong:
  60 00c0 0C48     		ldr r0, = 0x40010000
  61 00c2 1021     		movs r1, # 0x10
  62 00c4 0163     		str r1, [r0, # 0x30]	@开PA时钟
  63              	
  64              	__pa_chu_shi_hua:	
  65 00c6 0C4A     		ldr r2, = 0x8000	@pa15
  66 00c8 0C4B     		ldr r3, = 0x1fff	
  67 00ca 0D48     		ldr r0, = 0x48000000 @pa
  68 00cc 0D49     		ldr r1, = 0x7fff
  69 00ce C361     		str r3, [r0, # 0x1c]
  70 00d0 0160     		str r1, [r0]
  71              		
  72              	ting:
  73 00d2 00F001F8 		bl __led_kai_guan
  74 00d6 FCE7     		b ting
  75              		
  76              	__led_kai_guan:
  77 00d8 07B4     		push {r0-r2}
  78 00da 0948     		ldr r0, = 0x48000000	@pa
  79 00dc 0649     		ldr r1, = 0x8000
  80 00de C165     		str r1, [r0, # 0x5c]
  81 00e0 094A     		ldr r2, = 0xfffff
  82              	__led_kai_yan_shi:
  83 00e2 013A     		subs r2, r2, # 1
  84 00e4 FDD1     		bne __led_kai_yan_shi
  85 00e6 8165     		str r1, [r0, # 0x58]
  86 00e8 074A     		ldr r2, = 0xfffff
  87              	__led_guan_yan_shi:
  88 00ea 013A     		subs r2, r2, # 1
  89 00ec FDD1     		bne __led_guan_yan_shi
  90 00ee 07BC     		pop {r0-r2}
  91 00f0 7047     		bx lr
  92              	
  93              	_nmi:
  94              	_Hard_Fault:
  95              	_svc_handler:
  96              	_pendsv_handler:	
  97              	_systickzhongduan:
  98              	aaa:
  99 00f2 7047     		bx lr
 100              		
 101              		.section .data
 102              		.equ zhanding,	0x20000100
 103              		
ARM GAS  1.s 			page 3


DEFINED SYMBOLS
                 1.s:7      .text:00000000 vectors
                            *ABS*:20000100 zhanding
                 1.s:56     .text:000000c0 kaishi
                 1.s:93     .text:000000f2 _nmi
                 1.s:94     .text:000000f2 _Hard_Fault
                 1.s:95     .text:000000f2 _svc_handler
                 1.s:96     .text:000000f2 _pendsv_handler
                 1.s:97     .text:000000f2 _systickzhongduan
                 1.s:98     .text:000000f2 aaa
                 1.s:59     .text:000000c0 __shi_zhong
                            .text:00000000 $d
                 1.s:60     .text:000000c0 $t
                 1.s:64     .text:000000c6 __pa_chu_shi_hua
                 1.s:72     .text:000000d2 ting
                 1.s:76     .text:000000d8 __led_kai_guan
                 1.s:82     .text:000000e2 __led_kai_yan_shi
                 1.s:87     .text:000000ea __led_guan_yan_shi
                 1.s:103    .text:000000f4 $d

NO UNDEFINED SYMBOLS
