ARM GAS  1.s 			page 1


   1              		@cw32f030c8t6
   2              		@编译器ARM-NONE-EABI
   3              		@读写24C64并且用COG12864显示
   4              		@yjmwxwx-2024-08-18
   5              		.thumb
   6              		.syntax unified
   7              		.section .text
   8              	vectors:
   9 0000 FC000020 		.word zhanding
  10 0004 C1000000 		.word kaishi + 1
  11 0008 9B050000 		.word _nmi	+1
  12 000c 9B050000 		.word _Hard_Fault +1
  13 0010 00000000 		.word 0
  14 0014 00000000 		.word 0
  15 0018 00000000 		.word 0
  16 001c 00000000 		.word 0
  17 0020 00000000 		.word 0
  18 0024 00000000 		.word 0
  19 0028 00000000 		.word 0
  20 002c 9B050000 		.word _svc_handler +1
  21 0030 00000000 		.word 0
  22 0034 00000000 		.word 0
  23 0038 9B050000 		.word _pendsv_handler +1
  24 003c 9D050000 		.word _systickzhongduan +1  @ 15
  25 0040 9B050000 		.word aaa +1                @ 0		WDT
  26 0044 9B050000 		.word aaa +1                @ 1		LVD
  27 0048 9B050000 		.word aaa +1                @ 2		RTC
  28 004c 9B050000 		.word aaa +1                @ 3		FLASHRAM
  29 0050 9B050000 		.word aaa +1                @ 4		RCC
  30 0054 9B050000 		.word aaa +1         	    @ 5		GPIOA
  31 0058 9B050000 		.word aaa +1                @ 6		GPIOB
  32 005c 9B050000 		.word aaa +1                @ 7		GPIOC
  33 0060 9B050000 		.word aaa +1                @ 8		GPIOF
  34 0064 9B050000 		.word aaa +1		    @ 9		DMA1
  35 0068 9B050000 		.word aaa +1                @ 10	DMA23
  36 006c 9B050000 		.word aaa +1                @ 11	DMA45
  37 0070 9B050000 		.word aaa +1                @ 12	ADC
  38 0074 9B050000 		.word aaa +1                @ 13	ATIM
  39 0078 9B050000 		.word aaa +1                @ 14	VC1
  40 007c 9B050000 		.word aaa +1                @ 15	VC2
  41 0080 9B050000 		.word aaa +1                @ 16	GTIM1
  42 0084 9B050000 		.word aaa +1                @ 17	GITM2
  43 0088 9B050000 		.word aaa +1                @ 18	GTIM3
  44 008c 9B050000 		.word aaa +1                @ 19	GTIM4
  45 0090 9B050000 		.word aaa +1                @ 20	BTIM1
  46 0094 9B050000 		.word aaa +1                @ 21	BTIM2
  47 0098 9B050000 		.word aaa +1                @ 22	BTIM3
  48 009c 9B050000 		.word aaa +1                @ 23	I2C1
  49 00a0 9B050000 		.word aaa +1                @ 24	I2C2
  50 00a4 9B050000 		.word aaa +1                @ 25	SPI1
  51 00a8 9B050000 		.word aaa +1                @ 26	SPI2
  52 00ac 9B050000 		.word aaa +1                @ 27	UART1
  53 00b0 9B050000 		.word aaa +1		    @ 28	UART2
  54 00b4 9B050000 		.word aaa +1		    @ 29	UART3
  55 00b8 9B050000 		.word aaa +1		    @ 30	AWT
  56 00bc 9B050000 	 	.word aaa +1		    @ 31	FAULT
  57              	kaishi:
ARM GAS  1.s 			page 2


  58              	@	bkpt # 1
  59              	shizhong:
  60              	@	ldr r0, = 0x40022000   @FLASH访问控制
  61              	@	ldr r1, = 0x5a51001a
  62              	@	str r1, [r0, # 0x04]           @FLASH缓冲 缓冲开启	
  63              	@	ldr r0, = 0x40010000 @ rcc
  64              	@	ldr r1, = 0x5a5a0183
  65              	@	str r1, [r0, # 0x04]
  66              	@	ldr r1, = 0x7ff2e
  67              	@	str r1, [r0, # 0x1c]
  68              	@deng_hse:
  69              	@	ldr r1, [r0, # 0x1c]
  70              	@	lsls r1, r1, # 12
  71              	@	bpl deng_hse
  72              	@	ldr r1, = 0x5a5a0001
  73              	@	str r1, [r0]	@HSE作为系统时钟	
  74              	@	ldr r1, = 0x5a5a0182
  75              	@	str r1, [r0, # 0x04]	@关HSI
  76              		
  77              	__wai_she_shi_zhong:
  78 00c0 2748     		ldr r0, = 0x40010000
  79              		@+0x30 0=DMA,1=FLASH,2=CRC,4=PA,5=PB,6=PC,9=PF
  80 00c2 2849     		ldr r1, = 0x273
  81 00c4 0163     		str r1, [r0, # 0x30]
  82              	
  83              		@+0X34 2=ADC,4=VC,7=ATIM,8=SPI1,9=UART1,10=GTIM3
  84              		@11=GTIM4,12=BTIM,13=AWT
  85              	
  86 00c6 2849     		ldr r1, = 0x504
  87 00c8 4163     		str r1, [r0, # 0x34]
  88              		
  89              		@+0X38 1=GTIM1,2=GTIM2,3=RTC,4=WWDT,5=IWDT,6=SPI2
  90              		@7=UART2,8=UART3,11=I2C1,12=I2C2
  91              	
  92 00ca 2849     		ldr r1, = 0x800
  93 00cc 8163     		str r1, [r0, # 0x38]
  94              		
  95              	
  96              	_neicunqingling:
  97 00ce 2848     		ldr r0, = 0x20002000
  98 00d0 284A     		ldr r2, = 0x20000000
  99 00d2 0021     		movs r1, # 0
 100              	_neicunqinglingxunhuan:
 101 00d4 0438     		subs r0, r0, # 4
 102 00d6 0160     		str r1, [r0]
 103 00d8 9042     		cmp r0, r2
 104 00da FBD1     		bne _neicunqinglingxunhuan
 105              	__pa_chu_shi_hua:
 106 00dc 2648     		ldr r0, = 0x48000000 @pa
 107 00de 2749     		ldr r1, = 0x7Dff
 108 00e0 0160     		str r1, [r0]		@0=输出，1=输入
 109 00e2 2749     		ldr r1, = 0x1Dff
 110 00e4 C161     		str r1, [r0, # 0x1c]	@0=数字，1=模拟
 111              	
 112              	
 113              	
 114              	
ARM GAS  1.s 			page 3


 115              		
 116 00e6 2749     		ldr r1, = 0x50000060
 117 00e8 4161     		str r1, [r0, # 0x14]	@复用8-15
 118              		@str r1, [r0, # 0x18]	@复用0-7
 119              	
 120              	
 121              	
 122              	__pb_chu_shi_hua:
 123              	
 124 00ea 2748     		ldr r0, = 0x48000400 @pb
 125 00ec 2749     		ldr r1, = 0xfcc7
 126 00ee 0160     		str r1, [r0]            @0=输出，1=输入
 127 00f0 2749     		ldr r1, = 0xfc07
 128 00f2 C161     		str r1, [r0, # 0x1c]    @0=数字，1=模拟
 129              	
 130 00f4 2749     		ldr r1, = 0x300
 131 00f6 4160     		str r1, [r0, # 0x04]	@pb8 pb9 开漏
 132              	
 133              		
 134 00f8 C021     		movs r1, # 0xc0
 135 00fa 0161     		str r1, [r0, # 0x10]	@上拉
 136              	
 137 00fc 1121     		movs r1, # 0x11		@pb8 pb9 I2C1
 138 00fe 4161     		str r1, [r0, # 0x14]    @复用8-15
 139 0100 2549     		ldr r1, = 0x505000
 140 0102 8161     		str r1, [r0, # 0x18]	@复用0-7
 141              	
 142              		
 143              	__pc_chu_shi_hua:	
 144 0104 254B     		ldr r3, = 0xc000	
 145 0106 2648     		ldr r0, = 0x48000800 @pc
 146 0108 C361     		str r3, [r0, # 0x1c]
 147 010a 0360     		str r3, [r0]
 148              	
 149              	
 150              		
 151              	__i2c1_chu_shi_hua:
 152 010c 2548     		ldr r0, = 0x40010048
 153 010e 2649     		ldr r1, = 0x11ff
 154 0110 0160     		str r1, [r0]
 155 0112 2649     		ldr r1, = 0x19ff
 156 0114 0160     		str r1, [r0]
 157 0116 2648     		ldr r0, = 0x40005400	@I2C1
 158 0118 FF21     		movs r1, # 0xff		@传输速率
 159 011a 4160     		str r1, [r0, # 0x04]
 160 011c 0121     		movs r1, # 0x01
 161 011e 0160     		str r1, [r0]		@开时钟
 162 0120 4021     		movs r1, # 0x40
 163 0122 8160     		str r1, [r0, # 0x08]	@控制寄存器
 164              		
 165              		
 166              		
 167              	__spi1_chu_shi_hua:
 168 0124 2348     		ldr r0, = 0x40013000
 169 0126 2449     		ldr r1, = 0x5e74	@8位	@0x7e74 16位
 170 0128 0160     		str r1, [r0]
 171              	
ARM GAS  1.s 			page 4


 172 012a 00F09DF8 		bl __lcd_chushihua
 173 012e 00F0FFF8 		bl __lcd_qingping
 174              	
 175              	
 176              		
 177              	ting:
 178 0132 E721     		movs r1, # 231
 179 0134 00F05EF8 		bl __xie_24c64
 180 0138 2048     		ldr r0, = 0xffff
 181              	__i2c_du_yanshi:
 182 013a 0138     		subs r0, r0, # 1
 183 013c FDD1     		bne __i2c_du_yanshi
 184 013e 00F043F8 		bl __du_24c64
 185              	
 186 0142 1E49     		ldr r1, = 0xffff
 187              	__i2c_du_yanshi1:
 188 0144 0139     	        subs r1, r1, # 1
 189 0146 FDD1     		bne __i2c_du_yanshi1
 190              	
 191              	
 192              	
 193              		
 194              	@	ldr r0, = 123456
 195 0148 0621     		movs r1, # 6
 196 014a 1D4A     		ldr r2, = asciibiao
 197 014c FF23     		movs r3, # 0xff            @小数点位置
 198 014e 00F0D0F9 		bl _zhuanascii
 199 0152 0620     		movs r0, # 6            @写几个字
 200 0154 3021     		movs r1, # 48           @字库单字长度
 201 0156 0322     		movs r2, # 3            @宽度
 202 0158 1A4B     		ldr r3, = 0x1102              @lcd位置
 203 015a 00F07CF9 		bl __xie_lcd_ascii
 204 015e E8E7     		b ting
 205 0160 00000140 		.ltorg
 205      73020000 
 205      04050000 
 205      00080000 
 205      00200020 
 206              	
 207              	
 208              	
 209              	
 210              	__du_24c64:	
 211              		@r0=结果
 212 01c8 00B5     		push {lr}
 213 01ca 00F025F8 	        bl __fasong_i2c_qishi
 214 01ce A020     	        movs r0, # 0xa0
 215 01d0 00F02BF8 	        bl __xie_i2c8wei
 216 01d4 0020     	        movs r0, # 0x00
 217 01d6 00F028F8 	        bl __xie_i2c8wei
 218 01da 0020     	        movs r0, # 0x00
 219 01dc 00F025F8 	        bl __xie_i2c8wei
 220 01e0 00F01AF8 	        bl __fasong_i2c_qishi
 221 01e4 A120     	        movs r0, # 0xa1
 222 01e6 00F020F8 	        bl __xie_i2c8wei
 223 01ea 00F028F8 	        bl __du_i2c8wei
 224 01ee 00F035F8 	        bl __i2c1_ting
ARM GAS  1.s 			page 5


 225 01f2 00BD     		pop {pc}
 226              	
 227              	__xie_24c64:
 228 01f4 01B5     		push {r0,lr}
 229 01f6 00F00FF8 	        bl __fasong_i2c_qishi
 230 01fa A020     	        movs r0, # 0xa0
 231 01fc 00F015F8 	        bl __xie_i2c8wei
 232 0200 0020     	        movs r0, # 0x00		@要写的地址
 233 0202 00F012F8 	        bl __xie_i2c8wei
 234 0206 0020     	        movs r0, # 0x00		@要写的地址
 235 0208 00F00FF8 	        bl __xie_i2c8wei
 236 020c 0800     	        movs r0, r1		@要写的数据
 237 020e 00F00CF8 	        bl __xie_i2c8wei
 238 0212 00F023F8 	        bl __i2c1_ting
 239 0216 01BD     		pop {r0,pc}
 240              	
 241              		
 242              	
 243              	__fasong_i2c_qishi:
 244 0218 03B4     		push {r0-r1}
 245 021a CE48     		ldr r0, = 0x40005400
 246 021c 6021     	        movs r1, # 0x60
 247 021e 8160     	        str r1, [r0, # 0x08]    @发送START
 248              	__du_si:
 249 0220 8168     	        ldr r1, [r0, # 0x08]
 250 0222 0907     	        lsls r1, r1, # 28
 251 0224 FCD5     	        bpl __du_si
 252 0226 03BC     		pop {r0-r1}
 253 0228 7047     		bx lr
 254              			
 255              	__xie_i2c8wei:
 256 022a 03B4     		push {r0-r1}
 257 022c C949     		ldr r1, = 0x40005400
 258 022e C860     	        str r0, [r1, # 0x0c]    @要写的数据
 259              	
 260 0230 4020     		movs r0, # 0x40
 261 0232 8860     		str r0, [r1, # 0x08]
 262              	
 263              	__du_si1:
 264 0234 8868     	        ldr r0, [r1, # 0x08]
 265 0236 0007     	        lsls r0, r0, # 28
 266 0238 FCD5     	        bpl __du_si1
 267 023a 03BC     		pop {r0-r1}
 268 023c 7047     		bx lr
 269              	__du_i2c8wei:
 270 023e 02B4     		push {r1}
 271 0240 C449     		ldr r1, = 0x40005400
 272 0242 4C20     		movs r0, # 0x4c
 273 0244 8860     		str r0, [r1, # 0x08]
 274 0246 C448     		ldr r0, = 0xff
 275              	__i2c_yanshi:
 276 0248 0138     		subs r0, r0, # 1
 277 024a FDD1     		bne __i2c_yanshi
 278 024c 4420     		movs r0, # 0x44
 279 024e 8860     		str r0, [r1, # 0x08]
 280              	__du_si2:
 281 0250 8868     		ldr r0, [r1, # 0x08]
ARM GAS  1.s 			page 6


 282 0252 0007     	        lsls r0, r0, # 28
 283 0254 FCD5     		bpl __du_si2
 284 0256 C868     		ldr r0, [r1, # 0x0c]
 285 0258 02BC     		pop {r1}
 286 025a 7047     		bx lr
 287              	
 288              	
 289              	__i2c1_ting:
 290 025c 03B4     		push {r0-r1}
 291 025e BD48     		ldr r0, = 0x40005400
 292 0260 5021     		movs r1, # 0x50
 293 0262 8160     		str r1, [r0, # 0x08]    @i2c1停止
 294 0264 03BC     		pop {r0-r1}
 295 0266 7047     		bx lr
 296              	
 297              	
 298              	
 299              	
 300              		
 301              	
 302              	__lcd_chushihua:
 303 0268 07B5     		push {r0-r2,lr}
 304 026a BC48     		ldr r0,  = 0x48000400
 305 026c 1021     		movs r1, # 0x10
 306 026e C165     		str r1, [r0, 0x5c]            @RST=1
 307 0270 BB4A     		ldr r2, = 0x1ffff
 308 0272 00F027F8 		bl __lcd_yanshi
 309              	
 310 0276 8165     		str r1, [r0, 0x58]            @RST=0
 311 0278 B94A     		ldr r2, = 0x1ffff
 312 027a 00F023F8 		bl __lcd_yanshi
 313              	
 314 027e C165     		str r1, [r0, # 0x5c]            @RST=1
 315 0280 B74A     		ldr r2, = 0x1ffff
 316 0282 00F01FF8 		bl __lcd_yanshi
 317              	
 318 0286 B748     		ldr r0, = 0x40013000
 319 0288 0021     		movs r1, # 0x00
 320 028a C160     		str r1, [r0, # 0x0c]		@A0=0
 321              		
 322 028c B44A     		ldr r2, = 0x1ffff
 323 028e 00F019F8 		bl __lcd_yanshi
 324              	
 325 0292 A220     		movs r0, # 0xa2         @ 偏置选择
 326 0294 00F019F8 		bl __xie_spi1
 327 0298 A020     		movs r0, # 0xa0         @SEG方向（横 0=0到131，1=131到0）
 328 029a 00F016F8 		bl __xie_spi1
 329 029e C820     		movs r0, # 0xc8         @选择COM方向（竖 0=0到63, 1=63到1）
 330 02a0 00F013F8 		bl __xie_spi1
 331 02a4 2F20     		movs r0, # 0x2f         @选择调节率
 332 02a6 00F010F8 		bl __xie_spi1
 333 02aa 8120     		movs r0, # 0x81         @设置EV命令
 334 02ac 00F00DF8 		bl __xie_spi1
 335 02b0 2520     		movs r0, # 0x25         @设置EV（0x00-0x3f 对比度）
 336 02b2 00F00AF8 		bl __xie_spi1
 337 02b6 2F20     		movs r0, # 0x2f         @助推器开启
 338 02b8 00F007F8 		bl __xie_spi1           @调节器开、追踪器开
ARM GAS  1.s 			page 7


 339 02bc AF20     		movs r0, # 0xaf         @显示开
 340 02be 00F004F8 		bl __xie_spi1
 341 02c2 07BD     		pop {r0-r2,pc}
 342              	
 343              	__lcd_yanshi:
 344 02c4 013A     		subs r2, r2, # 1
 345 02c6 FDD1     		bne __lcd_yanshi
 346 02c8 7047     		bx lr
 347              		
 348              	__xie_spi1:
 349 02ca 06B4     		push {r1-r2}
 350 02cc A549     		ldr r1, = 0x40013000
 351              	@	movs r2, # 0x00
 352              	@	str r2, [r1, # 0x0c]
 353              	__deng_huan_chong_kong:
 354 02ce 0A69     		ldr r2, [r1, # 0x10]
 355 02d0 D207     		lsls r2, r2, # 31
 356 02d2 FCD5     		bpl __deng_huan_chong_kong
 357 02d4 8861     		str r0, [r1, # 0x18]
 358              	__deng_huan_chong_kong1:
 359 02d6 0A69     		ldr r2, [r1, # 0x10]
 360 02d8 D207     		lsls r2, r2, # 31
 361 02da FCD5     		bpl __deng_huan_chong_kong1
 362              	__busy_zong_xian_mang:
 363 02dc 0A69     		ldr r2, [r1, # 0x10]
 364 02de D205     		lsls r2, r2, # 23
 365 02e0 FCD4     		bmi __busy_zong_xian_mang
 366              	@	movs r2, # 0x01
 367              	@	str r2, [r1, # 0x0c]
 368 02e2 06BC     		pop {r1-r2}
 369 02e4 7047     		bx lr
 370              	
 371              	__xie_lcd_ye:
 372              		@入口R0=数据首地址
 373 02e6 1EB5     		push {r1-r4,lr}
 374 02e8 B023     		movs r3, # 0xb0
 375 02ea 013B     		subs r3, r3, # 1
 376 02ec 0446     		mov r4, r0
 377              	__ye_jia:
 378 02ee 9D48     	        ldr r0, = 0x40013000
 379 02f0 0121     		movs r1, # 0x01
 380 02f2 C160     		str r1, [r0, # 0x0c]            @A0=1
 381 02f4 984A     		ldr r2, = 0xff
 382 02f6 FFF7E5FF 		bl __lcd_yanshi
 383 02fa 0133     		adds r3, r3, # 1
 384 02fc B92B     		cmp r3, # 0xb9
 385 02fe 00D1     		bne __xie_ye_dizhi
 386 0300 1EBD     		pop {r1-r4,pc}
 387              		@       movs r3, # 0xb0
 388              		@       mvns r4, r4
 389              		@       lsls r4, r4, # 24
 390              		@       lsrs r4, r4, # 24
 391              	__xie_ye_dizhi:
 392 0302 1020     		movs r0, # 0x10
 393 0304 FFF7E1FF 		bl __xie_spi1
 394 0308 0020     		movs r0, # 0
 395 030a FFF7DEFF 		bl __xie_spi1
ARM GAS  1.s 			page 8


 396 030e 1846     		mov r0, r3
 397 0310 FFF7DBFF 		bl __xie_spi1
 398              	
 399 0314 9348     	        ldr r0, = 0x40013000
 400 0316 0121     		movs r1, # 0x01
 401 0318 C160     		str r1, [r0, # 0x0c]            @A0=1
 402 031a 8F4A     		ldr r2, = 0xff
 403 031c FFF7D2FF 		bl __lcd_yanshi
 404              	
 405 0320 8421     		movs r1, # 132
 406              	__heng_sao:
 407 0322 2078     		ldrb r0, [r4]
 408              		@       mov r0, r4
 409 0324 FFF7D1FF 		bl __xie_spi1
 410 0328 0134     		adds r4, r4, # 1
 411 032a 0139     		subs r1, r1, # 1
 412 032c F9D1     		bne __heng_sao
 413 032e DEE7     		b __ye_jia
 414              	
 415              	__lcd_qingping:
 416 0330 1FB5     		push {r0-r4,lr}
 417 0332 B023     		movs r3, # 0xb0
 418 0334 013B     		subs r3, r3, # 1
 419 0336 0024     		movs r4, # 0
 420              	__ye_jia1:
 421 0338 8A48     	        ldr r0, = 0x40013000
 422 033a 0021     		movs r1, # 0x00
 423 033c C160     		str r1, [r0, # 0x0c]            @A0=0
 424 033e 864A     		ldr r2, = 0xff
 425 0340 FFF7C0FF 		bl __lcd_yanshi
 426 0344 0133     		adds r3, r3, # 1
 427 0346 B92B     		cmp r3, # 0xb9
 428 0348 00D1     		bne __xie_ye_dizhi1
 429 034a 1FBD     		pop {r0-r4,pc}
 430              	__xie_ye_dizhi1:
 431 034c 1020     		movs r0, # 0x10
 432 034e FFF7BCFF 		bl __xie_spi1
 433 0352 0020     		movs r0, # 0
 434 0354 FFF7B9FF 		bl __xie_spi1
 435 0358 1846     		mov r0, r3
 436 035a FFF7B6FF 		bl __xie_spi1
 437 035e FF22     		movs r2, # 0xff
 438 0360 FFF7B0FF 		bl __lcd_yanshi
 439              	
 440 0364 7F48     	        ldr r0, = 0x40013000
 441 0366 0121     		movs r1, # 0x01
 442 0368 C160     		str r1, [r0, # 0x0c]            @A0=1
 443 036a 7B4A     		ldr r2, = 0xff
 444 036c FFF7AAFF 		bl __lcd_yanshi
 445 0370 8521     		movs r1, # 133
 446              	__heng_sao1:
 447 0372 2046     		mov r0, r4
 448 0374 FFF7A9FF 		bl __xie_spi1
 449 0378 0139     		subs r1, r1, # 1
 450 037a FAD1     		bne __heng_sao1
 451 037c DCE7     		b __ye_jia1
 452              	
ARM GAS  1.s 			page 9


 453              	
 454              	__xie_lcd_weizhi:
 455              		@入口R0=要写的地址(低8=X，高8=Y=（0-131(r5=高4,R4=低4))
 456 037e 3EB5     		push {r1-r5,lr}
 457 0380 0546     		mov r5, r0
 458 0382 0446     		mov r4, r0
 459 0384 0006     		lsls r0, r0, # 24
 460 0386 000E     		lsrs r0, r0, # 24
 461 0388 2D0B     		lsrs r5, r5, # 12	@高4
 462 038a 2405     		lsls r4, r4, # 20
 463 038c 240F     		lsrs r4, r4, # 28
 464 038e 7549     	        ldr r1, = 0x40013000
 465 0390 0023     		movs r3, # 0x00
 466 0392 CB60     		str r3, [r1, # 0x0c]            @A0=0
 467 0394 704A     		ldr r2, = 0xff
 468 0396 FFF795FF 		bl __lcd_yanshi
 469 039a B030     		adds r0, r0, # 0xb0     @写页命令0XB0
 470 039c FFF795FF 		bl __xie_spi1		@写页地址0-8页
 471              	
 472 03a0 1020     		movs r0, # 0x10
 473 03a2 2843     		orrs r0, r0, r5
 474 03a4 FFF791FF 		bl __xie_spi1
 475              	
 476 03a8 2046     		mov r0, r4
 477 03aa FFF78EFF 		bl __xie_spi1
 478              	
 479 03ae 0123     		movs r3, # 0x01
 480 03b0 8B81     		strh r3, [r1, # 0x0c]            @A0=1
 481 03b2 694A     		ldr r2, = 0xff
 482 03b4 FFF786FF 		bl __lcd_yanshi
 483 03b8 3EBD     		pop {r1-r5,pc}
 484              	
 485              	
 486              	__xie_ascii:
 487 03ba F8B5     		push {r3-r7,lr}
 488              		@入口r0=ascii地址
 489              		@r1=写几个字
 490              		@r2=要写的地址
 491 03bc 4E46     		mov r6, r9
 492 03be 40B4     		push {r6}
 493 03c0 9146     		mov r9, r2
 494 03c2 0F46     		mov r7, r1
 495 03c4 0621     		movs r1, # 6
 496 03c6 0122     		movs r2, # 1
 497 03c8 0546     		mov r5, r0
 498 03ca 0026     		movs r6, # 0
 499              	__xie_lcd_dizhi2:
 500 03cc 4846     		mov r0, r9
 501 03ce FFF7D6FF 		bl __xie_lcd_weizhi
 502              	__du_ascii2:
 503 03d2 A85D     		ldrb r0, [r5, r6]
 504 03d4 2038     		subs r0, r0, # 32
 505 03d6 4843     		muls r0, r0, r1
 506 03d8 634B     		ldr r3, = ascii_biao
 507 03da 0344     		add r3, r3, r0
 508              	__du_ziku_chushihua2:
 509 03dc 0024     		movs r4, # 0
ARM GAS  1.s 			page 10


 510              	__du_ziku1:
 511 03de 185D     		ldrb r0, [r3, r4]
 512 03e0 1444     		add r4, r4, r2
 513 03e2 8C42     		cmp r4, r1
 514 03e4 02D8     		bhi __duwan_ziku1
 515 03e6 FFF770FF 		bl __xie_spi1
 516 03ea F8E7     		b __du_ziku1
 517              	__duwan_ziku1:
 518 03ec 0136     		adds r6, r6, # 1
 519 03ee BE42     		cmp r6, r7
 520 03f0 EFD1     		bne __du_ascii2
 521 03f2 40BC     		pop {r6}
 522 03f4 4E46     		mov r6, r9
 523 03f6 F8BD     		pop {r3-r7,pc}
 524              	
 525              	__xie_alabo:
 526 03f8 E0B5     		push {r5-r7,lr}
 527              		@入口r0=写几个字
 528              		@r1=字库单字长度
 529              		@r2=y宽（几行）
 530              		@r3=要写的地址
 531 03fa 4D46     		mov r5, r9
 532 03fc 5646     		mov r6, r10
 533 03fe 5F46     		mov r7, r11
 534 0400 E0B4     		push {r5-r7}
 535 0402 6546     		mov r5, r12
 536 0404 20B4     		push {r5}
 537 0406 594D     		ldr r5, = asciibiao
 538 0408 A446     		mov r12, r4
 539 040a 9946     		mov r9, r3
 540 040c 0026     		movs r6, # 0
 541 040e 3746     		mov r7, r6
 542 0410 8246     		mov r10, r0
 543 0412 9346     		mov r11, r2
 544              	__xie_lcd_dizhi1:
 545 0414 4846     		mov r0, r9
 546 0416 FFF7B2FF 		bl __xie_lcd_weizhi
 547              	__du_ascii1:
 548 041a A85D     		ldrb r0, [r5, r6]
 549 041c 4843     		muls r0, r0, r1
 550 041e 6346     		mov r3, r12
 551 0420 0344     		add r3, r3, r0
 552 0422 DB19     		adds r3, r3, r7
 553              	__du_ziku_chushihua1:
 554 0424 0024     		movs r4, # 0
 555              	__du_ziku:
 556 0426 185D     		ldrb r0, [r3, r4]
 557 0428 1444     		add r4, r4, r2
 558 042a 8C42     		cmp r4, r1
 559 042c 02D8     		bhi __duwan_ziku
 560 042e FFF74CFF 		bl __xie_spi1
 561 0432 F8E7     		b __du_ziku
 562              	__duwan_ziku:
 563 0434 0136     		adds r6, r6, # 1
 564 0436 5645     		cmp r6, r10
 565 0438 EFD1     		bne __du_ascii1
 566 043a 0026     		movs r6, # 0
ARM GAS  1.s 			page 11


 567 043c 0137     		adds r7, r7, # 1        @字库地址偏移
 568 043e 4846     		mov r0, r9
 569 0440 0130     		adds r0, r0, # 1        @Y偏移
 570 0442 8146     		mov r9, r0
 571 0444 5F45     		cmp r7, r11
 572 0446 E5D1     		bne __xie_lcd_dizhi1
 573 0448 20BC     		pop {r5}
 574 044a AC46     		mov r12, r5
 575 044c E0BC     		pop {r5-r7}
 576 044e A946     		mov r9, r5
 577 0450 B246     		mov r10, r6
 578 0452 BB46     		mov r11, r7
 579 0454 E0BD     		pop {r5-r7,pc}
 580              	
 581              	
 582              	
 583              	__xie_lcd_ascii:
 584 0456 F0B5     		push {r4-r7,lr}
 585              		@入口r0=写几个字
 586              		@r1=字库单字长度
 587              		@r2=y宽（几行）
 588              		@r3=要写的地址
 589 0458 4C46     		mov r4, r9
 590 045a 5546     		mov r5, r10
 591 045c 5E46     		mov r6, r11
 592 045e 6746     		mov r7, r12
 593 0460 F0B4     		push {r4-r7}
 594 0462 424D     		ldr r5, = asciibiao
 595 0464 9946     		mov r9, r3
 596 0466 0026     		movs r6, # 0
 597 0468 3746     		mov r7, r6
 598 046a B446     		mov r12, r6
 599 046c 8246     		mov r10, r0
 600 046e 9346     		mov r11, r2
 601              	__xie_lcd_dizhi:
 602 0470 4846     		mov r0, r9
 603 0472 FFF784FF 		bl __xie_lcd_weizhi
 604              	__du_ascii:
 605 0476 A85D     		ldrb r0, [r5, r6]
 606 0478 2E28     		cmp r0, # 0x2e
 607 047a 1BD0     		beq __xie_ascii_xiaoshudian
 608 047c 4843     		muls r0, r0, r1
 609              	
 610 047e 3C4B     		ldr r3, = da_a_labo_hack  @da_a_labo_shuzi
 611 0480 0344     		add r3, r3, r0
 612 0482 DB19     		adds r3, r3, r7
 613              	__du_ziku_16_chushihua:
 614 0484 0024     		movs r4, # 0
 615              	__du_ziku_16:
 616 0486 185D     		ldrb r0, [r3, r4]
 617 0488 1444     		add r4, r4, r2
 618 048a 8C42     		cmp r4, r1
 619 048c 02D8     		bhi __duwan_16
 620 048e FFF71CFF 		bl __xie_spi1
 621 0492 F8E7     		b __du_ziku_16
 622              	__duwan_16:
 623 0494 0136     		adds r6, r6, # 1
ARM GAS  1.s 			page 12


 624 0496 5645     		cmp r6, r10
 625 0498 EDD1     		bne __du_ascii
 626 049a 0026     		movs r6, # 0
 627 049c 0137     		adds r7, r7, # 1	@字库地址偏移
 628 049e 4846     		mov r0, r9
 629 04a0 0130     		adds r0, r0, # 1	@Y偏移
 630 04a2 8146     		mov r9, r0
 631 04a4 5F45     		cmp r7, r11
 632 04a6 E3D1     		bne __xie_lcd_dizhi
 633 04a8 F0BC     		pop {r4-r7}
 634 04aa A146     		mov r9, r4
 635 04ac AA46     		mov r10, r5
 636 04ae B346     		mov r11, r6
 637 04b0 BC46     		mov r12, r7
 638 04b2 F0BD     		pop {r4-r7,pc}
 639              	
 640              	__xie_ascii_xiaoshudian:
 641 04b4 6046     		mov r0, r12
 642 04b6 0130     		adds r0, r0, # 1
 643 04b8 8446     		mov r12, r0
 644 04ba 9445     		cmp r12, r2
 645 04bc 0CD0     		beq __xie_ru_xiaoshudian
 646 04be 0020     		movs r0, # 0
 647 04c0 FFF703FF 		bl __xie_spi1
 648 04c4 0020     		movs r0, # 0
 649 04c6 FFF700FF 		bl __xie_spi1
 650 04ca 0020     		movs r0, # 0
 651 04cc FFF7FDFE 		bl __xie_spi1
 652 04d0 0020     		movs r0, # 0
 653 04d2 FFF7FAFE 		bl __xie_spi1
 654              	
 655 04d6 DDE7     		b __duwan_16
 656              	__xie_ru_xiaoshudian:
 657 04d8 0020     		movs r0, # 0
 658 04da FFF7F6FE 		bl __xie_spi1
 659 04de 7020     		movs r0, # 0x70
 660 04e0 FFF7F3FE 		bl __xie_spi1
 661 04e4 7020     		movs r0, # 0x70
 662 04e6 FFF7F0FE 		bl __xie_spi1
 663 04ea 7020     		movs r0, # 0x70
 664 04ec FFF7EDFE 		bl __xie_spi1
 665 04f0 D0E7     		b __duwan_16
 666              	
 667              	_zhuanascii:														@ 16进制转ASCII
 668              		@ R0要转的数据， R1长度，R2结果表首地址, r3=小数点位置
 669 04f2 F0B5     		push {r4-r7,lr}
 670 04f4 1F46     		mov r7, r3
 671 04f6 0546     		mov r5, r0
 672 04f8 0E46     		mov r6, r1
 673 04fa 0A21     		movs r1, # 10
 674              	_xunhuanqiuma:
 675 04fc 00F03AF8 		bl _chufa
 676 0500 0446     		mov r4, r0
 677 0502 4C43     		muls r4, r1
 678 0504 2B1B     		subs r3, r5, r4
 679              		@	adds r3, r3, # 0x30	@ascii偏移
 680 0506 0546     		mov r5, r0
ARM GAS  1.s 			page 13


 681 0508 013E     		subs r6, r6, # 1
 682 050a 08D0     		beq _qiumafanhui
 683 050c BE42     		cmp r6, r7
 684 050e 02D1     		bne _meidaoxiaoshudian
 685 0510 2E24     		movs r4, # 0x2e		@小数点
 686 0512 9455     		strb r4, [r2,r6]	@插入小数点
 687 0514 013E     		subs r6, r6, # 1
 688              	_meidaoxiaoshudian:
 689 0516 9355     		strb r3, [r2,r6]
 690 0518 3600     		movs r6, r6
 691 051a EFD1     		bne _xunhuanqiuma
 692 051c F0BD     		pop {r4-r7,pc}
 693              	_qiumafanhui:
 694 051e 9355     		strb r3, [r2, r6]
 695 0520 F0BD     		pop {r4-r7,pc}
 696              	
 697              	__zhuanascii:								              @ 转ASCII
 698              		@ R0要转的数据， R1长度，R2结果表首地址, r3=小数点位置
 699 0522 F0B5     		push {r4-r7,lr}
 700 0524 1F46     		mov r7, r3
 701 0526 0546     		mov r5, r0
 702 0528 0E46     		mov r6, r1
 703 052a 0A21     		movs r1, # 10
 704              	__xunhuanqiuma:
 705 052c 00F022F8 		bl _chufa
 706 0530 0446     		mov r4, r0
 707 0532 4C43     		muls r4, r1
 708 0534 2B1B     		subs r3, r5, r4
 709 0536 3033     		adds r3, r3, # 0x30     @ascii偏移
 710 0538 0546     		mov r5, r0
 711 053a 013E     		subs r6, r6, # 1
 712 053c 08D0     		beq __qiumafanhui
 713 053e BE42     		cmp r6, r7
 714 0540 02D1     		bne __meidaoxiaoshudian
 715 0542 2E24     		movs r4, # 0x2e         @小数点
 716 0544 9455     		strb r4, [r2,r6]        @插入小数点
 717 0546 013E     		subs r6, r6, # 1
 718              	__meidaoxiaoshudian:
 719 0548 9355     		strb r3, [r2,r6]
 720 054a 3600     		movs r6, r6
 721 054c EED1     		bne __xunhuanqiuma
 722 054e F0BD     		pop {r4-r7,pc}
 723              	__qiumafanhui:
 724 0550 9355     		strb r3, [r2, r6]
 725 0552 F0BD     		pop {r4-r7,pc}
 726 0554 00540040 		.ltorg
 726      FF000000 
 726      00040048 
 726      FFFF0100 
 726      00300140 
 727              	
 728              	_chufa:						@软件除法
 729              		@ r0 除以 r1 等于 商(r0)
 730 0574 1EB5     		push {r1-r4,lr}
 731 0576 0028     		cmp r0, # 0
 732 0578 0ED0     		beq _chufafanhui
 733 057a 0029     		cmp r1, # 0
ARM GAS  1.s 			page 14


 734 057c 0CD0     		beq _chufafanhui
 735 057e 0246     		mov r2, r0
 736 0580 0123     		movs r3, # 1
 737 0582 DB07     		lsls r3, r3, # 31
 738 0584 0020     		movs r0, # 0
 739 0586 0446     		mov r4, r0
 740              	_chufaxunhuan:
 741 0588 5200     		lsls r2, r2, # 1
 742 058a 6441     		adcs r4, r4, r4
 743 058c 8C42     		cmp r4, r1
 744 058e 01D3     		bcc _chufaweishubudao0
 745 0590 C018     		adds r0, r0, r3
 746 0592 641A     		subs r4, r4, r1
 747              	_chufaweishubudao0:
 748 0594 5B08     		lsrs r3, r3, # 1
 749 0596 F7D1     		bne _chufaxunhuan
 750              	_chufafanhui:
 751 0598 1EBD     		pop {r1-r4,pc}
 752              		.ltorg
 753              	
 754              	
 755              	
 756              		
 757              		
 758              	_nmi:
 759              	_Hard_Fault:
 760              	_svc_handler:
 761              	_pendsv_handler:
 762              	aaa:
 763 059a 7047     		bx lr
 764              		
 765              	_systickzhongduan:
 766 059c 7047     		bx lr
 767              	
 768              	
 769 059e C046     		.section .data
 770              		.equ zhanding,		0x200000fc
 771              		
 772              		.equ asciibiao,		0x20001fe0
 773              	
 774              	
 775              	
 776              	
 777              	
 778              	yjmwxwx:
 779 0000 796A6D77 		.ascii "yjmwxwx 2024 01 01"
 779      78777820 
 779      32303234 
 779      20303120 
 779      3031
 780              	kong:
 781 0012 20202020 		.int 0x20202020
 782              	fu:
 783 0016 2121     		.ascii "!!"
 784              	_fu:
 785 0018 2D       		.ascii "-"
 786              	
ARM GAS  1.s 			page 15


 787              	
 788 0019 00000000 		.align 4
 788      000000
 789              	da_a_labo_hack:			 @16*24
 790 0020 00000080 		.byte 0x00, 0x00, 0x00, 0x80, 0xFF, 0x01, 0xF0, 0xFF, 0x0F, 0xF8, 0xFF, 0x1F, 0x7C, 0x00, 0x3E, 0x
 790      FF01F0FF 
 790      0FF8FF1F 
 790      7C003E1E 
 790      00780E00 
 791 0050 00000000 		.byte 0x00, 0x00, 0x00, 0x00, 0x00, 0x00, 0x00, 0x00, 0x00, 0x70, 0x00, 0x70, 0x70, 0x00, 0x70, 0x
 791      00000000 
 791      00700070 
 791      70007070 
 791      00707800 
 792 0080 00000000 		.byte 0x00, 0x00, 0x00, 0x00, 0x00, 0x78, 0x1C, 0x00, 0x7C, 0x1C, 0x00, 0x7E, 0x0E, 0x00, 0x77, 0x
 792      00781C00 
 792      7C1C007E 
 792      0E00770E 
 792      00770E80 
 793 00b0 00000000 		.byte 0x00, 0x00, 0x00, 0x00, 0x00, 0x38, 0x1C, 0x00, 0x38, 0x1C, 0x00, 0x70, 0x0E, 0x00, 0x70, 0x
 793      00381C00 
 793      381C0070 
 793      0E00700E 
 793      00700E1C 
 794 00e0 00E00100 		.byte 0x00, 0xE0, 0x01, 0x00, 0xF0, 0x01, 0x00, 0xFC, 0x01, 0x00, 0xFE, 0x01, 0x00, 0xDF, 0x01, 0x
 794      F00100FC 
 794      0100FE01 
 794      00DF0180 
 794      CF01E0C3 
 795 0110 00000000 		.byte 0x00, 0x00, 0x00, 0x00, 0x00, 0x00, 0x00, 0x00, 0x38, 0xFE, 0x1F, 0x38, 0xFE, 0x0F, 0x70, 0x
 795      00000000 
 795      38FE1F38 
 795      FE0F70FE 
 795      0F700E0E 
 796 0140 00000000 		.byte 0x00, 0x00, 0x00, 0x00, 0xFE, 0x03, 0xC0, 0xFF, 0x0F, 0xF0, 0xFF, 0x1F, 0xF8, 0x1C, 0x3E, 0x
 796      FE03C0FF 
 796      0FF0FF1F 
 796      F81C3E3C 
 796      0C781C0E 
 797 0170 0000000E 		.byte 0x00, 0x00, 0x00, 0x0E, 0x00, 0x00, 0x0E, 0x00, 0x00, 0x0E, 0x00, 0x40, 0x0E, 0x00, 0x70, 0x
 797      00000E00 
 797      000E0040 
 797      0E00700E 
 797      007C0E00 
 798 01a0 00000000 		.byte 0x00, 0x00, 0x00, 0x00, 0xC0, 0x07, 0xF0, 0xE1, 0x1F, 0xF8, 0xF3, 0x3F, 0xFC, 0x3F, 0x3C, 0x
 798      C007F0E1 
 798      1FF8F33F 
 798      FC3F3C1E 
 798      1F780E0E 
 799 01d0 000000E0 		.byte 0x00, 0x00, 0x00, 0xE0, 0x07, 0x00, 0xF0, 0x1F, 0x00, 0xF8, 0x3F, 0x78, 0x3C, 0x3C, 0x70, 0x
 799      0700F01F 
 799      00F83F78 
 799      3C3C701E 
 799      78700E70 
 800              		.align 4
 801              	ascii_biao:				@6*8
 802 0200 00000000 		.byte 0x00, 0x00, 0x00, 0x00, 0x00, 0x00 @
ARM GAS  1.s 			page 16


 802      0000
 803              		@	.byte 0x00, 0x00, 0x00, 0x4F, 0x00, 0x00 @ !	
 804 0206 3C3C3C3C 		.byte 0x3c, 0x3c, 0x3c, 0x3c, 0x3c, 0x3c @ !		@上面是对的
 804      3C3C
 805 020c 00000700 		.byte 0x00, 0x00, 0x07, 0x00, 0x07, 0x00 @ "
 805      0700
 806 0212 00147F14 		.byte 0x00, 0x14, 0x7F, 0x14, 0x7F, 0x14 @ #
 806      7F14
 807 0218 00242A7F 		.byte 0x00, 0x24, 0x2A, 0x7F, 0x2A, 0x12 @ $
 807      2A12
 808 021e 00231308 		.byte 0x00, 0x23, 0x13, 0x08, 0x64, 0x62 @ %
 808      6462
 809 0224 00364955 		.byte 0x00, 0x36, 0x49, 0x55, 0x22, 0x50 @ &
 809      2250
 810 022a 00000503 		.byte 0x00, 0x00, 0x05, 0x03, 0x00, 0x00 @ '
 810      0000
 811 0230 00001C22 		.byte 0x00, 0x00, 0x1C, 0x22, 0x41, 0x00 @ (
 811      4100
 812 0236 00004122 		.byte 0x00, 0x00, 0x41, 0x22, 0x1C, 0x00 @ )
 812      1C00
 813 023c 0014083E 		.byte 0x00, 0x14, 0x08, 0x3E, 0x08, 0x14 @ *
 813      0814
 814 0242 0008083E 		.byte 0x00, 0x08, 0x08, 0x3E, 0x08, 0x08 @ +
 814      0808
 815 0248 00005030 		.byte 0x00, 0x00, 0x50, 0x30, 0x00, 0x00 @ ,
 815      0000
 816 024e 00080808 		.byte 0x00, 0x08, 0x08, 0x08, 0x08, 0x08 @ -
 816      0808
 817 0254 00006060 		.byte 0x00, 0x00, 0x60, 0x60, 0x00, 0x00 @ .
 817      0000
 818 025a 00201008 		.byte 0x00, 0x20, 0x10, 0x08, 0x04, 0x02 @ /
 818      0402
 819 0260 003E5149 		.byte 0x00, 0x3E, 0x51, 0x49, 0x45, 0x3E @ 0
 819      453E
 820 0266 0000427F 		.byte 0x00, 0x00, 0x42, 0x7F, 0x40, 0x00 @ 1
 820      4000
 821 026c 00426151 		.byte 0x00, 0x42, 0x61, 0x51, 0x49, 0x46 @ 2
 821      4946
 822 0272 00214145 		.byte 0x00, 0x21, 0x41, 0x45, 0x4B, 0x31 @ 3
 822      4B31
 823 0278 00181412 		.byte 0x00, 0x18, 0x14, 0x12, 0x7F, 0x10 @ 4
 823      7F10
 824 027e 00274545 		.byte 0x00, 0x27, 0x45, 0x45, 0x45, 0x39 @ 5
 824      4539
 825 0284 003C4A49 		.byte 0x00, 0x3C, 0x4A, 0x49, 0x49, 0x30 @ 6
 825      4930
 826 028a 00010179 		.byte 0x00, 0x01, 0x01, 0x79, 0x05, 0x03 @ 7
 826      0503
 827 0290 00364949 		.byte 0x00, 0x36, 0x49, 0x49, 0x49, 0x36 @ 8
 827      4936
 828 0296 00064949 		.byte 0x00, 0x06, 0x49, 0x49, 0x29, 0x1E @ 9
 828      291E
 829 029c 00003636 		.byte 0x00, 0x00, 0x36, 0x36, 0x00, 0x00 @ :
 829      0000
 830 02a2 00005636 		.byte 0x00, 0x00, 0x56, 0x36, 0x00, 0x00 @ ;
 830      0000
 831 02a8 00081422 		.byte 0x00, 0x08, 0x14, 0x22, 0x41, 0x00 @ <
ARM GAS  1.s 			page 17


 831      4100
 832 02ae 00141414 		.byte 0x00, 0x14, 0x14, 0x14, 0x14, 0x14 @ =
 832      1414
 833 02b4 00004122 		.byte 0x00, 0x00, 0x41, 0x22, 0x14, 0x08 @ >
 833      1408
 834 02ba 02015109 		.byte 0x02, 0x01, 0x51, 0x09, 0x06, 0x00 @ ?
 834      0600
 835 02c0 00324979 		.byte 0x00, 0x32, 0x49, 0x79, 0x41, 0x3E @ @
 835      413E
 836 02c6 007E1111 		.byte 0x00, 0x7E, 0x11, 0x11, 0x11, 0x7E @ A
 836      117E
 837 02cc 00417F49 		.byte 0x00, 0x41, 0x7F, 0x49, 0x49, 0x36 @ B
 837      4936
 838 02d2 003E4141 		.byte 0x00, 0x3E, 0x41, 0x41, 0x41, 0x22 @ C
 838      4122
 839 02d8 00417F41 		.byte 0x00, 0x41, 0x7F, 0x41, 0x41, 0x3E @ D
 839      413E
 840 02de 007F4949 		.byte 0x00, 0x7F, 0x49, 0x49, 0x49, 0x49 @ E
 840      4949
 841 02e4 007F0909 		.byte 0x00, 0x7F, 0x09, 0x09, 0x09, 0x09 @ F
 841      0909
 842 02ea 003E4141 		.byte 0x00, 0x3E, 0x41, 0x41, 0x51, 0x72 @ G
 842      5172
 843 02f0 007F0808 		.byte 0x00, 0x7F, 0x08, 0x08, 0x08, 0x7F @ H
 843      087F
 844 02f6 0000417F 		.byte 0x00, 0x00, 0x41, 0x7F, 0x41, 0x00 @ I
 844      4100
 845 02fc 00204041 		.byte 0x00, 0x20, 0x40, 0x41, 0x3F, 0x01 @ J
 845      3F01
 846 0302 007F0814 		.byte 0x00, 0x7F, 0x08, 0x14, 0x22, 0x41 @ K
 846      2241
 847 0308 007F4040 		.byte 0x00, 0x7F, 0x40, 0x40, 0x40, 0x40 @ L
 847      4040
 848 030e 007F020C 		.byte 0x00, 0x7F, 0x02, 0x0C, 0x02, 0x7F @ M
 848      027F
 849 0314 817F0608 		.byte 0x81, 0x7F, 0x06, 0x08, 0x30, 0x7F @ N
 849      307F
 850 031a 003E4141 		.byte 0x00, 0x3E, 0x41, 0x41, 0x41, 0x3E @ O
 850      413E
 851 0320 007F0909 		.byte 0x00, 0x7F, 0x09, 0x09, 0x09, 0x06 @ P
 851      0906
 852 0326 003E4151 		.byte 0x00, 0x3E, 0x41, 0x51, 0x21, 0x5E @ Q
 852      215E
 853 032c 007F0919 		.byte 0x00, 0x7F, 0x09, 0x19, 0x29, 0x46 @ R
 853      2946
 854 0332 00264949 		.byte 0x00, 0x26, 0x49, 0x49, 0x49, 0x32 @ S
 854      4932
 855 0338 0001017F 		.byte 0x00, 0x01, 0x01, 0x7F, 0x01, 0x01 @ T
 855      0101
 856 033e 003F4040 		.byte 0x00, 0x3F, 0x40, 0x40, 0x40, 0x3F @ U
 856      403F
 857 0344 001F2040 		.byte 0x00, 0x1F, 0x20, 0x40, 0x20, 0x1F @ V
 857      201F
 858 034a 007F2018 		.byte 0x00, 0x7F, 0x20, 0x18, 0x20, 0x7F @ W
 858      207F
 859 0350 00631408 		.byte 0x00, 0x63, 0x14, 0x08, 0x14, 0x63 @ X
 859      1463
ARM GAS  1.s 			page 18


 860 0356 00070870 		.byte 0x00, 0x07, 0x08, 0x70, 0x08, 0x07 @ Y
 860      0807
 861 035c 00615149 		.byte 0x00, 0x61, 0x51, 0x49, 0x45, 0x43 @ Z
 861      4543
 862 0362 00007F41 		.byte 0x00, 0x00, 0x7F, 0x41, 0x41, 0x00 @ [
 862      4100
 863 0368 00020408 		.byte 0x00, 0x02, 0x04, 0x08, 0x10, 0x20 @ BackSlash
 863      1020
 864 036e 00004141 		.byte 0x00, 0x00, 0x41, 0x41, 0x7F, 0x00 @ ]
 864      7F00
 865 0374 00040201 		.byte 0x00, 0x04, 0x02, 0x01, 0x02, 0x04 @ ^
 865      0204
 866 037a 00404040 		.byte 0x00, 0x40, 0x40, 0x40, 0x40, 0x40 @ _
 866      4040
 867 0380 00010204 		.byte 0x00, 0x01, 0x02, 0x04, 0x00, 0x00 @ `
 867      0000
 868 0386 00205454 		.byte 0x00, 0x20, 0x54, 0x54, 0x54, 0x78 @ a
 868      5478
 869 038c 007F4844 		.byte 0x00, 0x7F, 0x48, 0x44, 0x44, 0x38 @ b
 869      4438
 870 0392 00384444 		.byte 0x00, 0x38, 0x44, 0x44, 0x44, 0x28 @ c
 870      4428
 871 0398 00384444 		.byte 0x00, 0x38, 0x44, 0x44, 0x48, 0x7F @ d
 871      487F
 872 039e 00385454 		.byte 0x00, 0x38, 0x54, 0x54, 0x54, 0x18 @ e
 872      5418
 873 03a4 0000087E 		.byte 0x00, 0x00, 0x08, 0x7E, 0x09, 0x02 @ f
 873      0902
 874 03aa 000C5252 		.byte 0x00, 0x0C, 0x52, 0x52, 0x4C, 0x3E @ g
 874      4C3E
 875 03b0 007F0804 		.byte 0x00, 0x7F, 0x08, 0x04, 0x04, 0x78 @ h
 875      0478
 876 03b6 0000447D 		.byte 0x00, 0x00, 0x44, 0x7D, 0x40, 0x00 @ i
 876      4000
 877 03bc 00204044 		.byte 0x00, 0x20, 0x40, 0x44, 0x3D, 0x00 @ j
 877      3D00
 878 03c2 00007F10 		.byte 0x00, 0x00, 0x7F, 0x10, 0x28, 0x44 @ k
 878      2844
 879 03c8 0000417F 		.byte 0x00, 0x00, 0x41, 0x7F, 0x40, 0x00 @ l
 879      4000
 880 03ce 00780478 		.byte 0x00, 0x78, 0x04, 0x78, 0x04, 0x78 @ m
 880      0478
 881 03d4 007C0804 		.byte 0x00, 0x7C, 0x08, 0x04, 0x04, 0x78 @ n
 881      0478
 882 03da 00387C7C 		.byte 0x00, 0x38, 0x7C, 0x7C, 0x7C, 0x38 @ o
 882      7C38
 883 03e0 007E0C12 		.byte 0x00, 0x7E, 0x0C, 0x12, 0x12, 0x0C @ p
 883      120C
 884 03e6 000C1212 		.byte 0x00, 0x0C, 0x12, 0x12, 0x0C, 0x7E @ q
 884      0C7E
 885 03ec 007C0804 		.byte 0x00, 0x7C, 0x08, 0x04, 0x04, 0x08 @ r
 885      0408
 886 03f2 00585454 		.byte 0x00, 0x58, 0x54, 0x54, 0x54, 0x64 @ s
 886      5464
 887 03f8 00043F44 		.byte 0x00, 0x04, 0x3F, 0x44, 0x40, 0x20 @ t
 887      4020
 888 03fe 003C4040 		.byte 0x00, 0x3C, 0x40, 0x40, 0x3C, 0x40 @ u
ARM GAS  1.s 			page 19


 888      3C40
 889 0404 001C2040 		.byte 0x00, 0x1C, 0x20, 0x40, 0x20, 0x1C @ v
 889      201C
 890 040a 003C4030 		.byte 0x00, 0x3C, 0x40, 0x30, 0x40, 0x3C @ w
 890      403C
 891 0410 00442810 		.byte 0x00, 0x44, 0x28, 0x10, 0x28, 0x44 @ x
 891      2844
 892 0416 001CA0A0 		.byte 0x00, 0x1C, 0xA0, 0xA0, 0x90, 0x7C @ y
 892      907C
 893 041c 00446454 		.byte 0x00, 0x44, 0x64, 0x54, 0x4C, 0x44 @ z
 893      4C44
 894 0422 00000836 		.byte 0x00, 0x00, 0x08, 0x36, 0x41, 0x00 @ {
 894      4100
 895 0428 00000077 		.byte 0x00, 0x00, 0x00, 0x77, 0x00, 0x00 @ |
 895      0000
 896 042e 00004136 		.byte 0x00, 0x00, 0x41, 0x36, 0x08, 0x00 @ }
 896      0800
 897 0434 00020102 		.byte 0x00, 0x02, 0x01, 0x02, 0x04, 0x02 @ ~
 897      0402
 898 043a 00000000 		.byte 0x00, 0x00, 0x00, 0x00, 0x00, 0x00 @
 898      0000
 899              	
 900              		.align 4
 901              	
 902              	danweibiao:			 @15*24
 903 0440 000000FE 		.byte 0x00, 0x00, 0x00, 0xFE, 0xFF, 0x7F, 0xFE, 0xFF, 0x7F, 0xFE, 0xFF, 0x7F, 0x00, 0xC0, 0x00, 0x
 903      FF7FFEFF 
 903      7FFEFF7F 
 903      00C00000 
 903      80010080 
 904 046d 007F70E0 		.byte 0x00, 0x7F, 0x70, 0xE0, 0xFF, 0x73, 0xF0, 0xFF, 0x77, 0xF8, 0x00, 0x7F, 0x38, 0x00, 0x7C, 0x
 904      FF73F0FF 
 904      77F8007F 
 904      38007C3C 
 904      00701C00 
 905 049a 000000FE 		.byte 0x00, 0x00, 0x00, 0xFE, 0xFF, 0x7F, 0xFE, 0xFF, 0x7F, 0xFE, 0xFF, 0x7F, 0x0E, 0x1C, 0x00, 0x
 905      FF7FFEFF 
 905      7FFEFF7F 
 905      0E1C000E 
 905      1C000E1C 
 906 04c7 00F87F00 		.byte 0x00, 0xF8, 0x7F, 0x00, 0xFC, 0x7F, 0x00, 0x1E, 0x00, 0x00, 0x0E, 0x00, 0x00, 0x0C, 0x00, 0x
 906      FC7F001E 
 906      00000E00 
 906      000C0000 
 906      1C0000F8 
 907 04f4 000000FC 		.byte 0x00, 0x00, 0x00, 0xFC, 0xFF, 0x0F, 0xFC, 0xFF, 0x0F, 0x3C, 0x00, 0x00, 0xF0, 0x01, 0x00, 0x
 907      FF0FFCFF 
 907      0F3C0000 
 907      F0010080 
 907      0F00003C 
 908 0521 00000080 		.byte 0x00, 0x00, 0x00, 0x80, 0xFF, 0x7F, 0x80, 0xFF, 0x7F, 0x80, 0xFF, 0x7F, 0x00, 0x07, 0x00, 0x
 908      FF7F80FF 
 908      7F80FF7F 
 908      00070080 
 908      0300C001 
 909 054e 000000FE 		.byte 0x00, 0x00, 0x00, 0xFE, 0xFF, 0x7F, 0xFE, 0xFF, 0x7F, 0xFE, 0xFF, 0x7F, 0x1C, 0xE0, 0x00, 0x
 909      FF7FFEFF 
ARM GAS  1.s 			page 20


 909      7FFEFF7F 
 909      1CE0000E 
 909      C0000680 
 910 057b 000000FE 		.byte 0x00, 0x00, 0x00, 0xFE, 0xFF, 0x7F, 0xFE, 0xFF, 0x7F, 0xFE, 0xFF, 0x7F, 0x00, 0x1C, 0x00, 0x
 910      FF7FFEFF 
 910      7FFEFF7F 
 910      001C0000 
 910      1C00001C 
 911 05a8 000000FC 		.byte 0x00, 0x00, 0x00, 0xFC, 0xFF, 0x7F, 0xFC, 0xFF, 0x7F, 0xFC, 0xFF, 0x7F, 0x00, 0x7C, 0x00, 0x
 911      FF7FFCFF 
 911      7FFCFF7F 
 911      007C0000 
 911      FE0000EF 
 912 05d5 00000000 		.byte 0x00, 0x00, 0x00, 0x00, 0x00, 0x00, 0x00, 0x00, 0x00, 0x00, 0x00, 0x00, 0x00, 0x00, 0x00, 0x
 912      00000000 
 912      00000000 
 912      00000000 
 912      00000000 
 913              		
ARM GAS  1.s 			page 21


DEFINED SYMBOLS
                 1.s:8      .text:00000000 vectors
                            *ABS*:200000fc zhanding
                 1.s:57     .text:000000c0 kaishi
                 1.s:758    .text:0000059a _nmi
                 1.s:759    .text:0000059a _Hard_Fault
                 1.s:760    .text:0000059a _svc_handler
                 1.s:761    .text:0000059a _pendsv_handler
                 1.s:765    .text:0000059c _systickzhongduan
                 1.s:762    .text:0000059a aaa
                 1.s:59     .text:000000c0 shizhong
                 1.s:77     .text:000000c0 __wai_she_shi_zhong
                            .text:00000000 $d
                 1.s:78     .text:000000c0 $t
                 1.s:96     .text:000000ce _neicunqingling
                 1.s:100    .text:000000d4 _neicunqinglingxunhuan
                 1.s:105    .text:000000dc __pa_chu_shi_hua
                 1.s:122    .text:000000ea __pb_chu_shi_hua
                 1.s:143    .text:00000104 __pc_chu_shi_hua
                 1.s:151    .text:0000010c __i2c1_chu_shi_hua
                 1.s:167    .text:00000124 __spi1_chu_shi_hua
                 1.s:302    .text:00000268 __lcd_chushihua
                 1.s:415    .text:00000330 __lcd_qingping
                 1.s:177    .text:00000132 ting
                 1.s:227    .text:000001f4 __xie_24c64
                 1.s:181    .text:0000013a __i2c_du_yanshi
                 1.s:210    .text:000001c8 __du_24c64
                 1.s:187    .text:00000144 __i2c_du_yanshi1
                            *ABS*:20001fe0 asciibiao
                 1.s:667    .text:000004f2 _zhuanascii
                 1.s:583    .text:00000456 __xie_lcd_ascii
                 1.s:205    .text:00000160 $d
                 1.s:212    .text:000001c8 $t
                 1.s:243    .text:00000218 __fasong_i2c_qishi
                 1.s:255    .text:0000022a __xie_i2c8wei
                 1.s:269    .text:0000023e __du_i2c8wei
                 1.s:289    .text:0000025c __i2c1_ting
                 1.s:248    .text:00000220 __du_si
                 1.s:263    .text:00000234 __du_si1
                 1.s:275    .text:00000248 __i2c_yanshi
                 1.s:280    .text:00000250 __du_si2
                 1.s:343    .text:000002c4 __lcd_yanshi
                 1.s:348    .text:000002ca __xie_spi1
                 1.s:353    .text:000002ce __deng_huan_chong_kong
                 1.s:358    .text:000002d6 __deng_huan_chong_kong1
                 1.s:362    .text:000002dc __busy_zong_xian_mang
                 1.s:371    .text:000002e6 __xie_lcd_ye
                 1.s:377    .text:000002ee __ye_jia
                 1.s:391    .text:00000302 __xie_ye_dizhi
                 1.s:406    .text:00000322 __heng_sao
                 1.s:420    .text:00000338 __ye_jia1
                 1.s:430    .text:0000034c __xie_ye_dizhi1
                 1.s:446    .text:00000372 __heng_sao1
                 1.s:454    .text:0000037e __xie_lcd_weizhi
                 1.s:486    .text:000003ba __xie_ascii
                 1.s:499    .text:000003cc __xie_lcd_dizhi2
                 1.s:502    .text:000003d2 __du_ascii2
ARM GAS  1.s 			page 22


                 1.s:801    .data:00000200 ascii_biao
                 1.s:508    .text:000003dc __du_ziku_chushihua2
                 1.s:510    .text:000003de __du_ziku1
                 1.s:517    .text:000003ec __duwan_ziku1
                 1.s:525    .text:000003f8 __xie_alabo
                 1.s:544    .text:00000414 __xie_lcd_dizhi1
                 1.s:547    .text:0000041a __du_ascii1
                 1.s:553    .text:00000424 __du_ziku_chushihua1
                 1.s:555    .text:00000426 __du_ziku
                 1.s:562    .text:00000434 __duwan_ziku
                 1.s:601    .text:00000470 __xie_lcd_dizhi
                 1.s:604    .text:00000476 __du_ascii
                 1.s:640    .text:000004b4 __xie_ascii_xiaoshudian
                 1.s:789    .data:00000020 da_a_labo_hack
                 1.s:613    .text:00000484 __du_ziku_16_chushihua
                 1.s:615    .text:00000486 __du_ziku_16
                 1.s:622    .text:00000494 __duwan_16
                 1.s:656    .text:000004d8 __xie_ru_xiaoshudian
                 1.s:674    .text:000004fc _xunhuanqiuma
                 1.s:728    .text:00000574 _chufa
                 1.s:693    .text:0000051e _qiumafanhui
                 1.s:688    .text:00000516 _meidaoxiaoshudian
                 1.s:697    .text:00000522 __zhuanascii
                 1.s:704    .text:0000052c __xunhuanqiuma
                 1.s:723    .text:00000550 __qiumafanhui
                 1.s:718    .text:00000548 __meidaoxiaoshudian
                 1.s:726    .text:00000554 $d
                 1.s:730    .text:00000574 $t
                 1.s:750    .text:00000598 _chufafanhui
                 1.s:740    .text:00000588 _chufaxunhuan
                 1.s:747    .text:00000594 _chufaweishubudao0
                 1.s:778    .data:00000000 yjmwxwx
                 1.s:780    .data:00000012 kong
                 1.s:782    .data:00000016 fu
                 1.s:784    .data:00000018 _fu
                 1.s:788    .data:00000019 $d
                 1.s:902    .data:00000440 danweibiao

NO UNDEFINED SYMBOLS
