ARM GAS  1.s 			page 1


   1              		@cw32f030c8t6
   2              		@编译器ARM-NONE-EABI
   3              		@COG12864
   4              		@yjmwxwx-2023-11-20
   5              		.thumb
   6              		.syntax unified
   7              		.section .text
   8              	vectors:
   9 0000 FC000020 		.word zhanding
  10 0004 C1000000 		.word kaishi + 1
  11 0008 C3040000 		.word _nmi	+1
  12 000c C3040000 		.word _Hard_Fault +1
  13 0010 00000000 		.word 0
  14 0014 00000000 		.word 0
  15 0018 00000000 		.word 0
  16 001c 00000000 		.word 0
  17 0020 00000000 		.word 0
  18 0024 00000000 		.word 0
  19 0028 00000000 		.word 0
  20 002c C3040000 		.word _svc_handler +1
  21 0030 00000000 		.word 0
  22 0034 00000000 		.word 0
  23 0038 C3040000 		.word _pendsv_handler +1
  24 003c C5040000 		.word _systickzhongduan +1  @ 15
  25 0040 C3040000 		.word aaa +1                @ 0		WDT
  26 0044 C3040000 		.word aaa +1                @ 1		LVD
  27 0048 C3040000 		.word aaa +1                @ 2		RTC
  28 004c C3040000 		.word aaa +1                @ 3		FLASHRAM
  29 0050 C3040000 		.word aaa +1                @ 4		RCC
  30 0054 C3040000 		.word aaa +1         	    @ 5		GPIOA
  31 0058 C3040000 		.word aaa +1                @ 6		GPIOB
  32 005c C3040000 		.word aaa +1                @ 7		GPIOC
  33 0060 C3040000 		.word aaa +1                @ 8		GPIOF
  34 0064 C3040000 		.word aaa +1		    @ 9		DMA1
  35 0068 C3040000 		.word aaa +1                @ 10	DMA23
  36 006c C3040000 		.word aaa +1                @ 11	DMA45
  37 0070 C3040000 		.word aaa +1                @ 12	ADC
  38 0074 C3040000 		.word aaa +1                @ 13	ATIM
  39 0078 C3040000 		.word aaa +1                @ 14	VC1
  40 007c C3040000 		.word aaa +1                @ 15	VC2
  41 0080 C3040000 		.word aaa +1                @ 16	GTIM1
  42 0084 C3040000 		.word aaa +1                @ 17	GITM2
  43 0088 C3040000 		.word aaa +1                @ 18	GTIM3
  44 008c C3040000 		.word aaa +1                @ 19	GTIM4
  45 0090 C3040000 		.word aaa +1                @ 20	BTIM1
  46 0094 C3040000 		.word aaa +1                @ 21	BTIM2
  47 0098 C3040000 		.word aaa +1                @ 22	BTIM3
  48 009c C3040000 		.word aaa +1                @ 23	I2C1
  49 00a0 C3040000 		.word aaa +1                @ 24	I2C2
  50 00a4 C3040000 		.word aaa +1                @ 25	SPI1
  51 00a8 C3040000 		.word aaa +1                @ 26	SPI2
  52 00ac C3040000 		.word aaa +1                @ 27	UART1
  53 00b0 C3040000 		.word aaa +1		    @ 28	UART2
  54 00b4 C3040000 		.word aaa +1		    @ 29	UART3
  55 00b8 C3040000 		.word aaa +1		    @ 30	AWT
  56 00bc C3040000 	 	.word aaa +1		    @ 31	FAULT
  57              	kaishi:
ARM GAS  1.s 			page 2


  58              	@	bkpt # 1
  59              	shizhong:
  60              	@	ldr r0, = 0x40022000   @FLASH访问控制
  61              	@	ldr r1, = 0x5a51001a
  62              	@	str r1, [r0, # 0x04]           @FLASH缓冲 缓冲开启	
  63 00c0 DA48     		ldr r0, = 0x40010000 @ rcc
  64 00c2 DB49     		ldr r1, = 0x5a5a0183
  65 00c4 4160     		str r1, [r0, # 0x04]
  66 00c6 DB49     		ldr r1, = 0x7ff2e
  67 00c8 C161     		str r1, [r0, # 0x1c]
  68              	deng_hse:
  69 00ca C169     		ldr r1, [r0, # 0x1c]
  70 00cc 0903     		lsls r1, r1, # 12
  71 00ce FCD5     		bpl deng_hse
  72 00d0 D949     		ldr r1, = 0x5a5a0001
  73 00d2 0160     		str r1, [r0]	@HSE作为系统时钟	
  74 00d4 D949     		ldr r1, = 0x5a5a0182
  75 00d6 4160     		str r1, [r0, # 0x04]	@关HSI
  76              		
  77              	__wai_she_shi_zhong:
  78 00d8 D448     		ldr r0, = 0x40010000
  79              		@+0x30 0=DMA,1=FLASH,2=CRC,4=PA,5=PB,6=PC,9=PF
  80 00da D949     		ldr r1, = 0x273
  81 00dc 0163     		str r1, [r0, # 0x30]
  82              	
  83              		@+0X34 2=ADC,4=VC,7=ATIM,8=SPI1,9=UART1,10=GTIM3
  84              		@11=GTIM4,12=BTIM,13=AWT
  85              	
  86 00de D949     		ldr r1, = 0x504
  87 00e0 4163     		str r1, [r0, # 0x34]
  88              		
  89              		@+0X38 1=GTIM1,2=GTIM2,3=RTC,4=WWDT,5=IWDT,6=SPI2
  90              		@7=UART2,8=UART3,11=I2C1,12=I2C2
  91              	
  92              	_neicunqingling:
  93 00e2 D948     		ldr r0, = 0x20002000
  94 00e4 D94A     		ldr r2, = 0x20000000
  95 00e6 0021     		movs r1, # 0
  96              	_neicunqinglingxunhuan:
  97 00e8 0438     		subs r0, r0, # 4
  98 00ea 0160     		str r1, [r0]
  99 00ec 9042     		cmp r0, r2
 100 00ee FBD1     		bne _neicunqinglingxunhuan
 101              	__pa_chu_shi_hua:
 102 00f0 D748     		ldr r0, = 0x48000000 @pa
 103 00f2 D849     		ldr r1, = 0x7Dff
 104 00f4 0160     		str r1, [r0]		@0=输出，1=输入
 105 00f6 D849     		ldr r1, = 0x1Dff
 106 00f8 C161     		str r1, [r0, # 0x1c]	@0=数字，1=模拟
 107              	
 108              	
 109              	
 110              	
 111              		
 112 00fa D849     		ldr r1, = 0x50000060
 113 00fc 4161     		str r1, [r0, # 0x14]	@复用8-15
 114              		@str r1, [r0, # 0x18]	@复用0-7
ARM GAS  1.s 			page 3


 115              	
 116              	
 117              	
 118              	__pb_chu_shi_hua:
 119              	
 120 00fe D848     		ldr r0, = 0x48000400 @pb
 121 0100 D849     		ldr r1, = 0xffc7
 122 0102 0160     		str r1, [r0]            @0=输出，1=输入
 123 0104 D849     		ldr r1, = 0xff07
 124 0106 C161     		str r1, [r0, # 0x1c]    @0=数字，1=模拟
 125              	
 126 0108 C021     		movs r1, # 0xc0
 127 010a 0161     		str r1, [r0, # 0x10]	@上拉
 128              		
 129              		@str r1, [r0, # 0x14]    @复用8-15
 130 010c D749     		ldr r1, = 0x505000
 131 010e 8161     		str r1, [r0, # 0x18]	@复用0-7
 132              	
 133              		
 134              	__pc_chu_shi_hua:	
 135 0110 D74B     		ldr r3, = 0xc000	
 136 0112 D848     		ldr r0, = 0x48000800 @pc
 137 0114 C361     		str r3, [r0, # 0x1c]
 138 0116 0360     		str r3, [r0]
 139              	
 140              	
 141              	__spi1_chu_shi_hua:
 142 0118 D748     		ldr r0, = 0x40013000
 143 011a D849     		ldr r1, = 0x5e74	@8位	@0x7e74 16位
 144 011c 0160     		str r1, [r0]
 145              	
 146 011e 00F00FF8 		bl __lcd_chushihua
 147 0122 00F071F8 		bl __lcd_qingping
 148              	
 149              	ting:
 150 0126 D648     		ldr r0, = 654321
 151 0128 0621     		movs r1, # 6
 152 012a D64A     		ldr r2, = asciibiao
 153 012c FF23     		movs r3, # 0xff            @小数点位置
 154 012e 00F04CF9 		bl _zhuanascii
 155 0132 0620     		movs r0, # 6            @写几个字
 156 0134 3021     		movs r1, # 48           @字库单字长度
 157 0136 0322     		movs r2, # 3            @宽度
 158 0138 D34B     		ldr r3, = 0x1102              @lcd位置
 159 013a 00F0F8F8 		bl __xie_lcd_ascii
 160 013e F2E7     		b ting
 161              	
 162              	
 163              	
 164              	__lcd_chushihua:
 165 0140 07B5     		push {r0-r2,lr}
 166 0142 C748     		ldr r0,  = 0x48000400
 167 0144 1021     		movs r1, # 0x10
 168 0146 C165     		str r1, [r0, 0x5c]            @RST=1
 169 0148 D04A     		ldr r2, = 0x1ffff
 170 014a 00F027F8 		bl __lcd_yanshi
 171              	
ARM GAS  1.s 			page 4


 172 014e 8165     		str r1, [r0, 0x58]            @RST=0
 173 0150 CE4A     		ldr r2, = 0x1ffff
 174 0152 00F023F8 		bl __lcd_yanshi
 175              	
 176 0156 C165     		str r1, [r0, # 0x5c]            @RST=1
 177 0158 CC4A     		ldr r2, = 0x1ffff
 178 015a 00F01FF8 		bl __lcd_yanshi
 179              	
 180 015e C648     		ldr r0, = 0x40013000
 181 0160 0021     		movs r1, # 0x00
 182 0162 C160     		str r1, [r0, # 0x0c]		@A0=0
 183              		
 184 0164 C94A     		ldr r2, = 0x1ffff
 185 0166 00F019F8 		bl __lcd_yanshi
 186              	
 187 016a A220     		movs r0, # 0xa2         @ 偏置选择
 188 016c 00F019F8 		bl __xie_spi1
 189 0170 A020     		movs r0, # 0xa0         @SEG方向（横 0=0到131，1=131到0）
 190 0172 00F016F8 		bl __xie_spi1
 191 0176 C820     		movs r0, # 0xc8         @选择COM方向（竖 0=0到63, 1=63到1）
 192 0178 00F013F8 		bl __xie_spi1
 193 017c 2F20     		movs r0, # 0x2f         @选择调节率
 194 017e 00F010F8 		bl __xie_spi1
 195 0182 8120     		movs r0, # 0x81         @设置EV命令
 196 0184 00F00DF8 		bl __xie_spi1
 197 0188 2520     		movs r0, # 0x25         @设置EV（0x00-0x3f 对比度）
 198 018a 00F00AF8 		bl __xie_spi1
 199 018e 2F20     		movs r0, # 0x2f         @助推器开启
 200 0190 00F007F8 		bl __xie_spi1           @调节器开、追踪器开
 201 0194 AF20     		movs r0, # 0xaf         @显示开
 202 0196 00F004F8 		bl __xie_spi1
 203 019a 07BD     		pop {r0-r2,pc}
 204              	
 205              	__lcd_yanshi:
 206 019c 013A     		subs r2, r2, # 1
 207 019e FDD1     		bne __lcd_yanshi
 208 01a0 7047     		bx lr
 209              		
 210              	__xie_spi1:
 211 01a2 06B4     		push {r1-r2}
 212 01a4 B449     		ldr r1, = 0x40013000
 213              	@	movs r2, # 0x00
 214              	@	str r2, [r1, # 0x0c]
 215              	__deng_huan_chong_kong:
 216 01a6 0A69     		ldr r2, [r1, # 0x10]
 217 01a8 D207     		lsls r2, r2, # 31
 218 01aa FCD5     		bpl __deng_huan_chong_kong
 219 01ac 8861     		str r0, [r1, # 0x18]
 220              	__deng_huan_chong_kong1:
 221 01ae 0A69     		ldr r2, [r1, # 0x10]
 222 01b0 D207     		lsls r2, r2, # 31
 223 01b2 FCD5     		bpl __deng_huan_chong_kong1
 224              	__busy_zong_xian_mang:
 225 01b4 0A69     		ldr r2, [r1, # 0x10]
 226 01b6 D205     		lsls r2, r2, # 23
 227 01b8 FCD4     		bmi __busy_zong_xian_mang
 228              	@	movs r2, # 0x01
ARM GAS  1.s 			page 5


 229              	@	str r2, [r1, # 0x0c]
 230 01ba 06BC     		pop {r1-r2}
 231 01bc 7047     		bx lr
 232              	
 233              	__xie_lcd_ye:
 234              		@入口R0=数据首地址
 235 01be 1EB5     		push {r1-r4,lr}
 236 01c0 B023     		movs r3, # 0xb0
 237 01c2 013B     		subs r3, r3, # 1
 238 01c4 0446     		mov r4, r0
 239              	__ye_jia:
 240 01c6 AC48     	        ldr r0, = 0x40013000
 241 01c8 0121     		movs r1, # 0x01
 242 01ca C160     		str r1, [r0, # 0x0c]            @A0=1
 243 01cc B04A     		ldr r2, = 0xff
 244 01ce FFF7E5FF 		bl __lcd_yanshi
 245 01d2 0133     		adds r3, r3, # 1
 246 01d4 B92B     		cmp r3, # 0xb9
 247 01d6 00D1     		bne __xie_ye_dizhi
 248 01d8 1EBD     		pop {r1-r4,pc}
 249              		@       movs r3, # 0xb0
 250              		@       mvns r4, r4
 251              		@       lsls r4, r4, # 24
 252              		@       lsrs r4, r4, # 24
 253              	__xie_ye_dizhi:
 254 01da 1020     		movs r0, # 0x10
 255 01dc FFF7E1FF 		bl __xie_spi1
 256 01e0 0020     		movs r0, # 0
 257 01e2 FFF7DEFF 		bl __xie_spi1
 258 01e6 1846     		mov r0, r3
 259 01e8 FFF7DBFF 		bl __xie_spi1
 260              	
 261 01ec A248     	        ldr r0, = 0x40013000
 262 01ee 0121     		movs r1, # 0x01
 263 01f0 C160     		str r1, [r0, # 0x0c]            @A0=1
 264 01f2 A74A     		ldr r2, = 0xff
 265 01f4 FFF7D2FF 		bl __lcd_yanshi
 266              	
 267 01f8 8421     		movs r1, # 132
 268              	__heng_sao:
 269 01fa 2078     		ldrb r0, [r4]
 270              		@       mov r0, r4
 271 01fc FFF7D1FF 		bl __xie_spi1
 272 0200 0134     		adds r4, r4, # 1
 273 0202 0139     		subs r1, r1, # 1
 274 0204 F9D1     		bne __heng_sao
 275 0206 DEE7     		b __ye_jia
 276              	
 277              	__lcd_qingping:
 278 0208 1FB5     		push {r0-r4,lr}
 279 020a B023     		movs r3, # 0xb0
 280 020c 013B     		subs r3, r3, # 1
 281 020e 0024     		movs r4, # 0
 282              	__ye_jia1:
 283 0210 9948     	        ldr r0, = 0x40013000
 284 0212 0021     		movs r1, # 0x00
 285 0214 C160     		str r1, [r0, # 0x0c]            @A0=0
ARM GAS  1.s 			page 6


 286 0216 9E4A     		ldr r2, = 0xff
 287 0218 FFF7C0FF 		bl __lcd_yanshi
 288 021c 0133     		adds r3, r3, # 1
 289 021e B92B     		cmp r3, # 0xb9
 290 0220 00D1     		bne __xie_ye_dizhi1
 291 0222 1FBD     		pop {r0-r4,pc}
 292              	__xie_ye_dizhi1:
 293 0224 1020     		movs r0, # 0x10
 294 0226 FFF7BCFF 		bl __xie_spi1
 295 022a 0020     		movs r0, # 0
 296 022c FFF7B9FF 		bl __xie_spi1
 297 0230 1846     		mov r0, r3
 298 0232 FFF7B6FF 		bl __xie_spi1
 299 0236 FF22     		movs r2, # 0xff
 300 0238 FFF7B0FF 		bl __lcd_yanshi
 301              	
 302 023c 8E48     	        ldr r0, = 0x40013000
 303 023e 0121     		movs r1, # 0x01
 304 0240 C160     		str r1, [r0, # 0x0c]            @A0=1
 305 0242 934A     		ldr r2, = 0xff
 306 0244 FFF7AAFF 		bl __lcd_yanshi
 307 0248 8521     		movs r1, # 133
 308              	__heng_sao1:
 309 024a 2046     		mov r0, r4
 310 024c FFF7A9FF 		bl __xie_spi1
 311 0250 0139     		subs r1, r1, # 1
 312 0252 FAD1     		bne __heng_sao1
 313 0254 DCE7     		b __ye_jia1
 314              	
 315              	
 316              	__xie_lcd_weizhi:
 317              		@入口R0=要写的地址(低8=X，高8=Y=（0-131(r5=高4,R4=低4))
 318 0256 3EB5     		push {r1-r5,lr}
 319 0258 0546     		mov r5, r0
 320 025a 0446     		mov r4, r0
 321 025c 0006     		lsls r0, r0, # 24
 322 025e 000E     		lsrs r0, r0, # 24
 323 0260 2D0B     		lsrs r5, r5, # 12	@高4
 324 0262 2405     		lsls r4, r4, # 20
 325 0264 240F     		lsrs r4, r4, # 28
 326 0266 8449     	        ldr r1, = 0x40013000
 327 0268 0023     		movs r3, # 0x00
 328 026a CB60     		str r3, [r1, # 0x0c]            @A0=0
 329 026c 884A     		ldr r2, = 0xff
 330 026e FFF795FF 		bl __lcd_yanshi
 331 0272 B030     		adds r0, r0, # 0xb0     @写页命令0XB0
 332 0274 FFF795FF 		bl __xie_spi1		@写页地址0-8页
 333              	
 334 0278 1020     		movs r0, # 0x10
 335 027a 2843     		orrs r0, r0, r5
 336 027c FFF791FF 		bl __xie_spi1
 337              	
 338 0280 2046     		mov r0, r4
 339 0282 FFF78EFF 		bl __xie_spi1
 340              	
 341 0286 0123     		movs r3, # 0x01
 342 0288 8B81     		strh r3, [r1, # 0x0c]            @A0=1
ARM GAS  1.s 			page 7


 343 028a 814A     		ldr r2, = 0xff
 344 028c FFF786FF 		bl __lcd_yanshi
 345 0290 3EBD     		pop {r1-r5,pc}
 346              	
 347              	
 348              	__xie_ascii:
 349 0292 F8B5     		push {r3-r7,lr}
 350              		@入口r0=ascii地址
 351              		@r1=写几个字
 352              		@r2=要写的地址
 353 0294 4E46     		mov r6, r9
 354 0296 40B4     		push {r6}
 355 0298 9146     		mov r9, r2
 356 029a 0F46     		mov r7, r1
 357 029c 0621     		movs r1, # 6
 358 029e 0122     		movs r2, # 1
 359 02a0 0546     		mov r5, r0
 360 02a2 0026     		movs r6, # 0
 361              	__xie_lcd_dizhi2:
 362 02a4 4846     		mov r0, r9
 363 02a6 FFF7D6FF 		bl __xie_lcd_weizhi
 364              	__du_ascii2:
 365 02aa A85D     		ldrb r0, [r5, r6]
 366 02ac 2038     		subs r0, r0, # 32
 367 02ae 4843     		muls r0, r0, r1
 368 02b0 784B     		ldr r3, = ascii_biao
 369 02b2 0344     		add r3, r3, r0
 370              	__du_ziku_chushihua2:
 371 02b4 0024     		movs r4, # 0
 372              	__du_ziku1:
 373 02b6 185D     		ldrb r0, [r3, r4]
 374 02b8 1444     		add r4, r4, r2
 375 02ba 8C42     		cmp r4, r1
 376 02bc 02D8     		bhi __duwan_ziku1
 377 02be FFF770FF 		bl __xie_spi1
 378 02c2 F8E7     		b __du_ziku1
 379              	__duwan_ziku1:
 380 02c4 0136     		adds r6, r6, # 1
 381 02c6 BE42     		cmp r6, r7
 382 02c8 EFD1     		bne __du_ascii2
 383 02ca 40BC     		pop {r6}
 384 02cc 4E46     		mov r6, r9
 385 02ce F8BD     		pop {r3-r7,pc}
 386              	
 387              	__xie_alabo:
 388 02d0 E0B5     		push {r5-r7,lr}
 389              		@入口r0=写几个字
 390              		@r1=字库单字长度
 391              		@r2=y宽（几行）
 392              		@r3=要写的地址
 393 02d2 4D46     		mov r5, r9
 394 02d4 5646     		mov r6, r10
 395 02d6 5F46     		mov r7, r11
 396 02d8 E0B4     		push {r5-r7}
 397 02da 6546     		mov r5, r12
 398 02dc 20B4     		push {r5}
 399 02de 694D     		ldr r5, = asciibiao
ARM GAS  1.s 			page 8


 400 02e0 A446     		mov r12, r4
 401 02e2 9946     		mov r9, r3
 402 02e4 0026     		movs r6, # 0
 403 02e6 3746     		mov r7, r6
 404 02e8 8246     		mov r10, r0
 405 02ea 9346     		mov r11, r2
 406              	__xie_lcd_dizhi1:
 407 02ec 4846     		mov r0, r9
 408 02ee FFF7B2FF 		bl __xie_lcd_weizhi
 409              	__du_ascii1:
 410 02f2 A85D     		ldrb r0, [r5, r6]
 411 02f4 4843     		muls r0, r0, r1
 412 02f6 6346     		mov r3, r12
 413 02f8 0344     		add r3, r3, r0
 414 02fa DB19     		adds r3, r3, r7
 415              	__du_ziku_chushihua1:
 416 02fc 0024     		movs r4, # 0
 417              	__du_ziku:
 418 02fe 185D     		ldrb r0, [r3, r4]
 419 0300 1444     		add r4, r4, r2
 420 0302 8C42     		cmp r4, r1
 421 0304 02D8     		bhi __duwan_ziku
 422 0306 FFF74CFF 		bl __xie_spi1
 423 030a F8E7     		b __du_ziku
 424              	__duwan_ziku:
 425 030c 0136     		adds r6, r6, # 1
 426 030e 5645     		cmp r6, r10
 427 0310 EFD1     		bne __du_ascii1
 428 0312 0026     		movs r6, # 0
 429 0314 0137     		adds r7, r7, # 1        @字库地址偏移
 430 0316 4846     		mov r0, r9
 431 0318 0130     		adds r0, r0, # 1        @Y偏移
 432 031a 8146     		mov r9, r0
 433 031c 5F45     		cmp r7, r11
 434 031e E5D1     		bne __xie_lcd_dizhi1
 435 0320 20BC     		pop {r5}
 436 0322 AC46     		mov r12, r5
 437 0324 E0BC     		pop {r5-r7}
 438 0326 A946     		mov r9, r5
 439 0328 B246     		mov r10, r6
 440 032a BB46     		mov r11, r7
 441 032c E0BD     		pop {r5-r7,pc}
 442              	
 443              	
 444              	
 445              	__xie_lcd_ascii:
 446 032e F0B5     		push {r4-r7,lr}
 447              		@入口r0=写几个字
 448              		@r1=字库单字长度
 449              		@r2=y宽（几行）
 450              		@r3=要写的地址
 451 0330 4C46     		mov r4, r9
 452 0332 5546     		mov r5, r10
 453 0334 5E46     		mov r6, r11
 454 0336 6746     		mov r7, r12
 455 0338 F0B4     		push {r4-r7}
 456 033a 524D     		ldr r5, = asciibiao
ARM GAS  1.s 			page 9


 457 033c 9946     		mov r9, r3
 458 033e 0026     		movs r6, # 0
 459 0340 3746     		mov r7, r6
 460 0342 B446     		mov r12, r6
 461 0344 8246     		mov r10, r0
 462 0346 9346     		mov r11, r2
 463              	__xie_lcd_dizhi:
 464 0348 4846     		mov r0, r9
 465 034a FFF784FF 		bl __xie_lcd_weizhi
 466              	__du_ascii:
 467 034e A85D     		ldrb r0, [r5, r6]
 468 0350 2E28     		cmp r0, # 0x2e
 469 0352 1BD0     		beq __xie_ascii_xiaoshudian
 470 0354 4843     		muls r0, r0, r1
 471              	
 472 0356 504B     		ldr r3, = da_a_labo_hack  @da_a_labo_shuzi
 473 0358 0344     		add r3, r3, r0
 474 035a DB19     		adds r3, r3, r7
 475              	__du_ziku_16_chushihua:
 476 035c 0024     		movs r4, # 0
 477              	__du_ziku_16:
 478 035e 185D     		ldrb r0, [r3, r4]
 479 0360 1444     		add r4, r4, r2
 480 0362 8C42     		cmp r4, r1
 481 0364 02D8     		bhi __duwan_16
 482 0366 FFF71CFF 		bl __xie_spi1
 483 036a F8E7     		b __du_ziku_16
 484              	__duwan_16:
 485 036c 0136     		adds r6, r6, # 1
 486 036e 5645     		cmp r6, r10
 487 0370 EDD1     		bne __du_ascii
 488 0372 0026     		movs r6, # 0
 489 0374 0137     		adds r7, r7, # 1	@字库地址偏移
 490 0376 4846     		mov r0, r9
 491 0378 0130     		adds r0, r0, # 1	@Y偏移
 492 037a 8146     		mov r9, r0
 493 037c 5F45     		cmp r7, r11
 494 037e E3D1     		bne __xie_lcd_dizhi
 495 0380 F0BC     		pop {r4-r7}
 496 0382 A146     		mov r9, r4
 497 0384 AA46     		mov r10, r5
 498 0386 B346     		mov r11, r6
 499 0388 BC46     		mov r12, r7
 500 038a F0BD     		pop {r4-r7,pc}
 501              	
 502              	__xie_ascii_xiaoshudian:
 503 038c 6046     		mov r0, r12
 504 038e 0130     		adds r0, r0, # 1
 505 0390 8446     		mov r12, r0
 506 0392 9445     		cmp r12, r2
 507 0394 0CD0     		beq __xie_ru_xiaoshudian
 508 0396 0020     		movs r0, # 0
 509 0398 FFF703FF 		bl __xie_spi1
 510 039c 0020     		movs r0, # 0
 511 039e FFF700FF 		bl __xie_spi1
 512 03a2 0020     		movs r0, # 0
 513 03a4 FFF7FDFE 		bl __xie_spi1
ARM GAS  1.s 			page 10


 514 03a8 0020     		movs r0, # 0
 515 03aa FFF7FAFE 		bl __xie_spi1
 516              	
 517 03ae DDE7     		b __duwan_16
 518              	__xie_ru_xiaoshudian:
 519 03b0 0020     		movs r0, # 0
 520 03b2 FFF7F6FE 		bl __xie_spi1
 521 03b6 7020     		movs r0, # 0x70
 522 03b8 FFF7F3FE 		bl __xie_spi1
 523 03bc 7020     		movs r0, # 0x70
 524 03be FFF7F0FE 		bl __xie_spi1
 525 03c2 7020     		movs r0, # 0x70
 526 03c4 FFF7EDFE 		bl __xie_spi1
 527 03c8 D0E7     		b __duwan_16
 528              	
 529              	_zhuanascii:														@ 16进制转ASCII
 530              		@ R0要转的数据， R1长度，R2结果表首地址, r3=小数点位置
 531 03ca F0B5     		push {r4-r7,lr}
 532 03cc 1F46     		mov r7, r3
 533 03ce 0546     		mov r5, r0
 534 03d0 0E46     		mov r6, r1
 535 03d2 0A21     		movs r1, # 10
 536              	_xunhuanqiuma:
 537 03d4 00F062F8 		bl _chufa
 538 03d8 0446     		mov r4, r0
 539 03da 4C43     		muls r4, r1
 540 03dc 2B1B     		subs r3, r5, r4
 541              		@	adds r3, r3, # 0x30	@ascii偏移
 542 03de 0546     		mov r5, r0
 543 03e0 013E     		subs r6, r6, # 1
 544 03e2 08D0     		beq _qiumafanhui
 545 03e4 BE42     		cmp r6, r7
 546 03e6 02D1     		bne _meidaoxiaoshudian
 547 03e8 2E24     		movs r4, # 0x2e		@小数点
 548 03ea 9455     		strb r4, [r2,r6]	@插入小数点
 549 03ec 013E     		subs r6, r6, # 1
 550              	_meidaoxiaoshudian:
 551 03ee 9355     		strb r3, [r2,r6]
 552 03f0 3600     		movs r6, r6
 553 03f2 EFD1     		bne _xunhuanqiuma
 554 03f4 F0BD     		pop {r4-r7,pc}
 555              	_qiumafanhui:
 556 03f6 9355     		strb r3, [r2, r6]
 557 03f8 F0BD     		pop {r4-r7,pc}
 558              	
 559              	__zhuanascii:								              @ 转ASCII
 560              		@ R0要转的数据， R1长度，R2结果表首地址, r3=小数点位置
 561 03fa F0B5     		push {r4-r7,lr}
 562 03fc 1F46     		mov r7, r3
 563 03fe 0546     		mov r5, r0
 564 0400 0E46     		mov r6, r1
 565 0402 0A21     		movs r1, # 10
 566              	__xunhuanqiuma:
 567 0404 00F04AF8 		bl _chufa
 568 0408 0446     		mov r4, r0
 569 040a 4C43     		muls r4, r1
 570 040c 2B1B     		subs r3, r5, r4
ARM GAS  1.s 			page 11


 571 040e 3033     		adds r3, r3, # 0x30     @ascii偏移
 572 0410 0546     		mov r5, r0
 573 0412 013E     		subs r6, r6, # 1
 574 0414 08D0     		beq __qiumafanhui
 575 0416 BE42     		cmp r6, r7
 576 0418 02D1     		bne __meidaoxiaoshudian
 577 041a 2E24     		movs r4, # 0x2e         @小数点
 578 041c 9455     		strb r4, [r2,r6]        @插入小数点
 579 041e 013E     		subs r6, r6, # 1
 580              	__meidaoxiaoshudian:
 581 0420 9355     		strb r3, [r2,r6]
 582 0422 3600     		movs r6, r6
 583 0424 EED1     		bne __xunhuanqiuma
 584 0426 F0BD     		pop {r4-r7,pc}
 585              	__qiumafanhui:
 586 0428 9355     		strb r3, [r2, r6]
 587 042a F0BD     		pop {r4-r7,pc}
 588 042c 00000140 		.ltorg
 588      83015A5A 
 588      2EFF0700 
 588      01005A5A 
 588      82015A5A 
 589              	
 590              	_chufa:						@软件除法
 591              		@ r0 除以 r1 等于 商(r0)
 592 049c 1EB5     		push {r1-r4,lr}
 593 049e 0028     		cmp r0, # 0
 594 04a0 0ED0     		beq _chufafanhui
 595 04a2 0029     		cmp r1, # 0
 596 04a4 0CD0     		beq _chufafanhui
 597 04a6 0246     		mov r2, r0
 598 04a8 0123     		movs r3, # 1
 599 04aa DB07     		lsls r3, r3, # 31
 600 04ac 0020     		movs r0, # 0
 601 04ae 0446     		mov r4, r0
 602              	_chufaxunhuan:
 603 04b0 5200     		lsls r2, r2, # 1
 604 04b2 6441     		adcs r4, r4, r4
 605 04b4 8C42     		cmp r4, r1
 606 04b6 01D3     		bcc _chufaweishubudao0
 607 04b8 C018     		adds r0, r0, r3
 608 04ba 641A     		subs r4, r4, r1
 609              	_chufaweishubudao0:
 610 04bc 5B08     		lsrs r3, r3, # 1
 611 04be F7D1     		bne _chufaxunhuan
 612              	_chufafanhui:
 613 04c0 1EBD     		pop {r1-r4,pc}
 614              		.ltorg
 615              	
 616              	
 617              	
 618              		
 619              		
 620              	_nmi:
 621              	_Hard_Fault:
 622              	_svc_handler:
 623              	_pendsv_handler:
ARM GAS  1.s 			page 12


 624              	aaa:
 625 04c2 7047     		bx lr
 626              		
 627              	_systickzhongduan:
 628 04c4 7047     		bx lr
 629              	
 630              	
 631              	
 632 04c6 C046     		.section .data
 633              		.equ zhanding,		0x200000fc
 634              		
 635              		.equ asciibiao,		0x20001fe0
 636              	
 637              	
 638              	
 639              	
 640              		.align 4
 641              	da_a_labo_hack:			 @16*24
 642 0000 00000080 		.byte 0x00, 0x00, 0x00, 0x80, 0xFF, 0x01, 0xF0, 0xFF, 0x0F, 0xF8, 0xFF, 0x1F, 0x7C, 0x00, 0x3E, 0x
 642      FF01F0FF 
 642      0FF8FF1F 
 642      7C003E1E 
 642      00780E00 
 643 0030 00000000 		.byte 0x00, 0x00, 0x00, 0x00, 0x00, 0x00, 0x00, 0x00, 0x00, 0x70, 0x00, 0x70, 0x70, 0x00, 0x70, 0x
 643      00000000 
 643      00700070 
 643      70007070 
 643      00707800 
 644 0060 00000000 		.byte 0x00, 0x00, 0x00, 0x00, 0x00, 0x78, 0x1C, 0x00, 0x7C, 0x1C, 0x00, 0x7E, 0x0E, 0x00, 0x77, 0x
 644      00781C00 
 644      7C1C007E 
 644      0E00770E 
 644      00770E80 
 645 0090 00000000 		.byte 0x00, 0x00, 0x00, 0x00, 0x00, 0x38, 0x1C, 0x00, 0x38, 0x1C, 0x00, 0x70, 0x0E, 0x00, 0x70, 0x
 645      00381C00 
 645      381C0070 
 645      0E00700E 
 645      00700E1C 
 646 00c0 00E00100 		.byte 0x00, 0xE0, 0x01, 0x00, 0xF0, 0x01, 0x00, 0xFC, 0x01, 0x00, 0xFE, 0x01, 0x00, 0xDF, 0x01, 0x
 646      F00100FC 
 646      0100FE01 
 646      00DF0180 
 646      CF01E0C3 
 647 00f0 00000000 		.byte 0x00, 0x00, 0x00, 0x00, 0x00, 0x00, 0x00, 0x00, 0x38, 0xFE, 0x1F, 0x38, 0xFE, 0x0F, 0x70, 0x
 647      00000000 
 647      38FE1F38 
 647      FE0F70FE 
 647      0F700E0E 
 648 0120 00000000 		.byte 0x00, 0x00, 0x00, 0x00, 0xFE, 0x03, 0xC0, 0xFF, 0x0F, 0xF0, 0xFF, 0x1F, 0xF8, 0x1C, 0x3E, 0x
 648      FE03C0FF 
 648      0FF0FF1F 
 648      F81C3E3C 
 648      0C781C0E 
 649 0150 0000000E 		.byte 0x00, 0x00, 0x00, 0x0E, 0x00, 0x00, 0x0E, 0x00, 0x00, 0x0E, 0x00, 0x40, 0x0E, 0x00, 0x70, 0x
 649      00000E00 
 649      000E0040 
 649      0E00700E 
ARM GAS  1.s 			page 13


 649      007C0E00 
 650 0180 00000000 		.byte 0x00, 0x00, 0x00, 0x00, 0xC0, 0x07, 0xF0, 0xE1, 0x1F, 0xF8, 0xF3, 0x3F, 0xFC, 0x3F, 0x3C, 0x
 650      C007F0E1 
 650      1FF8F33F 
 650      FC3F3C1E 
 650      1F780E0E 
 651 01b0 000000E0 		.byte 0x00, 0x00, 0x00, 0xE0, 0x07, 0x00, 0xF0, 0x1F, 0x00, 0xF8, 0x3F, 0x78, 0x3C, 0x3C, 0x70, 0x
 651      0700F01F 
 651      00F83F78 
 651      3C3C701E 
 651      78700E70 
 652              		.align 4
 653              	ascii_biao:				@6*8
 654 01e0 00000000 		.byte 0x00, 0x00, 0x00, 0x00, 0x00, 0x00 @
 654      0000
 655 01e6 0000004F 		.byte 0x00, 0x00, 0x00, 0x4F, 0x00, 0x00 @ !
 655      0000
 656 01ec 00000700 		.byte 0x00, 0x00, 0x07, 0x00, 0x07, 0x00 @ "
 656      0700
 657 01f2 00147F14 		.byte 0x00, 0x14, 0x7F, 0x14, 0x7F, 0x14 @ #
 657      7F14
 658 01f8 00242A7F 		.byte 0x00, 0x24, 0x2A, 0x7F, 0x2A, 0x12 @ $
 658      2A12
 659 01fe 00231308 		.byte 0x00, 0x23, 0x13, 0x08, 0x64, 0x62 @ %
 659      6462
 660 0204 00364955 		.byte 0x00, 0x36, 0x49, 0x55, 0x22, 0x50 @ &
 660      2250
 661 020a 00000503 		.byte 0x00, 0x00, 0x05, 0x03, 0x00, 0x00 @ '
 661      0000
 662 0210 00001C22 		.byte 0x00, 0x00, 0x1C, 0x22, 0x41, 0x00 @ (
 662      4100
 663 0216 00004122 		.byte 0x00, 0x00, 0x41, 0x22, 0x1C, 0x00 @ )
 663      1C00
 664 021c 0014083E 		.byte 0x00, 0x14, 0x08, 0x3E, 0x08, 0x14 @ *
 664      0814
 665 0222 0008083E 		.byte 0x00, 0x08, 0x08, 0x3E, 0x08, 0x08 @ +
 665      0808
 666 0228 00005030 		.byte 0x00, 0x00, 0x50, 0x30, 0x00, 0x00 @ ,
 666      0000
 667 022e 00080808 		.byte 0x00, 0x08, 0x08, 0x08, 0x08, 0x08 @ -
 667      0808
 668 0234 00006060 		.byte 0x00, 0x00, 0x60, 0x60, 0x00, 0x00 @ .
 668      0000
 669 023a 00201008 		.byte 0x00, 0x20, 0x10, 0x08, 0x04, 0x02 @ /
 669      0402
 670 0240 003E5149 		.byte 0x00, 0x3E, 0x51, 0x49, 0x45, 0x3E @ 0
 670      453E
 671 0246 0000427F 		.byte 0x00, 0x00, 0x42, 0x7F, 0x40, 0x00 @ 1
 671      4000
 672 024c 00426151 		.byte 0x00, 0x42, 0x61, 0x51, 0x49, 0x46 @ 2
 672      4946
 673 0252 00214145 		.byte 0x00, 0x21, 0x41, 0x45, 0x4B, 0x31 @ 3
 673      4B31
 674 0258 00181412 		.byte 0x00, 0x18, 0x14, 0x12, 0x7F, 0x10 @ 4
 674      7F10
 675 025e 00274545 		.byte 0x00, 0x27, 0x45, 0x45, 0x45, 0x39 @ 5
 675      4539
ARM GAS  1.s 			page 14


 676 0264 003C4A49 		.byte 0x00, 0x3C, 0x4A, 0x49, 0x49, 0x30 @ 6
 676      4930
 677 026a 00010179 		.byte 0x00, 0x01, 0x01, 0x79, 0x05, 0x03 @ 7
 677      0503
 678 0270 00364949 		.byte 0x00, 0x36, 0x49, 0x49, 0x49, 0x36 @ 8
 678      4936
 679 0276 00064949 		.byte 0x00, 0x06, 0x49, 0x49, 0x29, 0x1E @ 9
 679      291E
 680 027c 00003636 		.byte 0x00, 0x00, 0x36, 0x36, 0x00, 0x00 @ :
 680      0000
 681 0282 00005636 		.byte 0x00, 0x00, 0x56, 0x36, 0x00, 0x00 @ ;
 681      0000
 682 0288 00081422 		.byte 0x00, 0x08, 0x14, 0x22, 0x41, 0x00 @ <
 682      4100
 683 028e 00141414 		.byte 0x00, 0x14, 0x14, 0x14, 0x14, 0x14 @ =
 683      1414
 684 0294 00004122 		.byte 0x00, 0x00, 0x41, 0x22, 0x14, 0x08 @ >
 684      1408
 685 029a 02015109 		.byte 0x02, 0x01, 0x51, 0x09, 0x06, 0x00 @ ?
 685      0600
 686 02a0 00324979 		.byte 0x00, 0x32, 0x49, 0x79, 0x41, 0x3E @ @
 686      413E
 687 02a6 007E1111 		.byte 0x00, 0x7E, 0x11, 0x11, 0x11, 0x7E @ A
 687      117E
 688 02ac 00417F49 		.byte 0x00, 0x41, 0x7F, 0x49, 0x49, 0x36 @ B
 688      4936
 689 02b2 003E4141 		.byte 0x00, 0x3E, 0x41, 0x41, 0x41, 0x22 @ C
 689      4122
 690 02b8 00417F41 		.byte 0x00, 0x41, 0x7F, 0x41, 0x41, 0x3E @ D
 690      413E
 691 02be 007F4949 		.byte 0x00, 0x7F, 0x49, 0x49, 0x49, 0x49 @ E
 691      4949
 692 02c4 007F0909 		.byte 0x00, 0x7F, 0x09, 0x09, 0x09, 0x09 @ F
 692      0909
 693 02ca 003E4141 		.byte 0x00, 0x3E, 0x41, 0x41, 0x51, 0x72 @ G
 693      5172
 694 02d0 007F0808 		.byte 0x00, 0x7F, 0x08, 0x08, 0x08, 0x7F @ H
 694      087F
 695 02d6 0000417F 		.byte 0x00, 0x00, 0x41, 0x7F, 0x41, 0x00 @ I
 695      4100
 696 02dc 00204041 		.byte 0x00, 0x20, 0x40, 0x41, 0x3F, 0x01 @ J
 696      3F01
 697 02e2 007F0814 		.byte 0x00, 0x7F, 0x08, 0x14, 0x22, 0x41 @ K
 697      2241
 698 02e8 007F4040 		.byte 0x00, 0x7F, 0x40, 0x40, 0x40, 0x40 @ L
 698      4040
 699 02ee 007F020C 		.byte 0x00, 0x7F, 0x02, 0x0C, 0x02, 0x7F @ M
 699      027F
 700 02f4 817F0608 		.byte 0x81, 0x7F, 0x06, 0x08, 0x30, 0x7F @ N
 700      307F
 701 02fa 003E4141 		.byte 0x00, 0x3E, 0x41, 0x41, 0x41, 0x3E @ O
 701      413E
 702 0300 007F0909 		.byte 0x00, 0x7F, 0x09, 0x09, 0x09, 0x06 @ P
 702      0906
 703 0306 003E4151 		.byte 0x00, 0x3E, 0x41, 0x51, 0x21, 0x5E @ Q
 703      215E
 704 030c 007F0919 		.byte 0x00, 0x7F, 0x09, 0x19, 0x29, 0x46 @ R
ARM GAS  1.s 			page 15


 704      2946
 705 0312 00264949 		.byte 0x00, 0x26, 0x49, 0x49, 0x49, 0x32 @ S
 705      4932
 706 0318 0001017F 		.byte 0x00, 0x01, 0x01, 0x7F, 0x01, 0x01 @ T
 706      0101
 707 031e 003F4040 		.byte 0x00, 0x3F, 0x40, 0x40, 0x40, 0x3F @ U
 707      403F
 708 0324 001F2040 		.byte 0x00, 0x1F, 0x20, 0x40, 0x20, 0x1F @ V
 708      201F
 709 032a 007F2018 		.byte 0x00, 0x7F, 0x20, 0x18, 0x20, 0x7F @ W
 709      207F
 710 0330 00631408 		.byte 0x00, 0x63, 0x14, 0x08, 0x14, 0x63 @ X
 710      1463
 711 0336 00070870 		.byte 0x00, 0x07, 0x08, 0x70, 0x08, 0x07 @ Y
 711      0807
 712 033c 00615149 		.byte 0x00, 0x61, 0x51, 0x49, 0x45, 0x43 @ Z
 712      4543
 713 0342 00007F41 		.byte 0x00, 0x00, 0x7F, 0x41, 0x41, 0x00 @ [
 713      4100
 714 0348 00020408 		.byte 0x00, 0x02, 0x04, 0x08, 0x10, 0x20 @ BackSlash
 714      1020
 715 034e 00004141 		.byte 0x00, 0x00, 0x41, 0x41, 0x7F, 0x00 @ ]
 715      7F00
 716 0354 00040201 		.byte 0x00, 0x04, 0x02, 0x01, 0x02, 0x04 @ ^
 716      0204
 717 035a 00404040 		.byte 0x00, 0x40, 0x40, 0x40, 0x40, 0x40 @ _
 717      4040
 718 0360 00010204 		.byte 0x00, 0x01, 0x02, 0x04, 0x00, 0x00 @ `
 718      0000
 719 0366 00205454 		.byte 0x00, 0x20, 0x54, 0x54, 0x54, 0x78 @ a
 719      5478
 720 036c 007F4844 		.byte 0x00, 0x7F, 0x48, 0x44, 0x44, 0x38 @ b
 720      4438
 721 0372 00384444 		.byte 0x00, 0x38, 0x44, 0x44, 0x44, 0x28 @ c
 721      4428
 722 0378 00384444 		.byte 0x00, 0x38, 0x44, 0x44, 0x48, 0x7F @ d
 722      487F
 723 037e 00385454 		.byte 0x00, 0x38, 0x54, 0x54, 0x54, 0x18 @ e
 723      5418
 724 0384 0000087E 		.byte 0x00, 0x00, 0x08, 0x7E, 0x09, 0x02 @ f
 724      0902
 725 038a 000C5252 		.byte 0x00, 0x0C, 0x52, 0x52, 0x4C, 0x3E @ g
 725      4C3E
 726 0390 007F0804 		.byte 0x00, 0x7F, 0x08, 0x04, 0x04, 0x78 @ h
 726      0478
 727 0396 0000447D 		.byte 0x00, 0x00, 0x44, 0x7D, 0x40, 0x00 @ i
 727      4000
 728 039c 00204044 		.byte 0x00, 0x20, 0x40, 0x44, 0x3D, 0x00 @ j
 728      3D00
 729 03a2 00007F10 		.byte 0x00, 0x00, 0x7F, 0x10, 0x28, 0x44 @ k
 729      2844
 730 03a8 0000417F 		.byte 0x00, 0x00, 0x41, 0x7F, 0x40, 0x00 @ l
 730      4000
 731 03ae 00780478 		.byte 0x00, 0x78, 0x04, 0x78, 0x04, 0x78 @ m
 731      0478
 732 03b4 007C0804 		.byte 0x00, 0x7C, 0x08, 0x04, 0x04, 0x78 @ n
 732      0478
ARM GAS  1.s 			page 16


 733 03ba 00387C7C 		.byte 0x00, 0x38, 0x7C, 0x7C, 0x7C, 0x38 @ o
 733      7C38
 734 03c0 007E0C12 		.byte 0x00, 0x7E, 0x0C, 0x12, 0x12, 0x0C @ p
 734      120C
 735 03c6 000C1212 		.byte 0x00, 0x0C, 0x12, 0x12, 0x0C, 0x7E @ q
 735      0C7E
 736 03cc 007C0804 		.byte 0x00, 0x7C, 0x08, 0x04, 0x04, 0x08 @ r
 736      0408
 737 03d2 00585454 		.byte 0x00, 0x58, 0x54, 0x54, 0x54, 0x64 @ s
 737      5464
 738 03d8 00043F44 		.byte 0x00, 0x04, 0x3F, 0x44, 0x40, 0x20 @ t
 738      4020
 739 03de 003C4040 		.byte 0x00, 0x3C, 0x40, 0x40, 0x3C, 0x40 @ u
 739      3C40
 740 03e4 001C2040 		.byte 0x00, 0x1C, 0x20, 0x40, 0x20, 0x1C @ v
 740      201C
 741 03ea 003C4030 		.byte 0x00, 0x3C, 0x40, 0x30, 0x40, 0x3C @ w
 741      403C
 742 03f0 00442810 		.byte 0x00, 0x44, 0x28, 0x10, 0x28, 0x44 @ x
 742      2844
 743 03f6 001CA0A0 		.byte 0x00, 0x1C, 0xA0, 0xA0, 0x90, 0x7C @ y
 743      907C
 744 03fc 00446454 		.byte 0x00, 0x44, 0x64, 0x54, 0x4C, 0x44 @ z
 744      4C44
 745 0402 00000836 		.byte 0x00, 0x00, 0x08, 0x36, 0x41, 0x00 @ {
 745      4100
 746 0408 00000077 		.byte 0x00, 0x00, 0x00, 0x77, 0x00, 0x00 @ |
 746      0000
 747 040e 00004136 		.byte 0x00, 0x00, 0x41, 0x36, 0x08, 0x00 @ }
 747      0800
 748 0414 00020102 		.byte 0x00, 0x02, 0x01, 0x02, 0x04, 0x02 @ ~
 748      0402
 749 041a 00000000 		.byte 0x00, 0x00, 0x00, 0x00, 0x00, 0x00 @
 749      0000
 750              	
 751              		.align 4
 752              	
 753              	danweibiao:			 @15*24
 754 0420 000000FE 		.byte 0x00, 0x00, 0x00, 0xFE, 0xFF, 0x7F, 0xFE, 0xFF, 0x7F, 0xFE, 0xFF, 0x7F, 0x00, 0xC0, 0x00, 0x
 754      FF7FFEFF 
 754      7FFEFF7F 
 754      00C00000 
 754      80010080 
 755 044d 007F70E0 		.byte 0x00, 0x7F, 0x70, 0xE0, 0xFF, 0x73, 0xF0, 0xFF, 0x77, 0xF8, 0x00, 0x7F, 0x38, 0x00, 0x7C, 0x
 755      FF73F0FF 
 755      77F8007F 
 755      38007C3C 
 755      00701C00 
 756 047a 000000FE 		.byte 0x00, 0x00, 0x00, 0xFE, 0xFF, 0x7F, 0xFE, 0xFF, 0x7F, 0xFE, 0xFF, 0x7F, 0x0E, 0x1C, 0x00, 0x
 756      FF7FFEFF 
 756      7FFEFF7F 
 756      0E1C000E 
 756      1C000E1C 
 757 04a7 00F87F00 		.byte 0x00, 0xF8, 0x7F, 0x00, 0xFC, 0x7F, 0x00, 0x1E, 0x00, 0x00, 0x0E, 0x00, 0x00, 0x0C, 0x00, 0x
 757      FC7F001E 
 757      00000E00 
 757      000C0000 
ARM GAS  1.s 			page 17


 757      1C0000F8 
 758 04d4 000000FC 		.byte 0x00, 0x00, 0x00, 0xFC, 0xFF, 0x0F, 0xFC, 0xFF, 0x0F, 0x3C, 0x00, 0x00, 0xF0, 0x01, 0x00, 0x
 758      FF0FFCFF 
 758      0F3C0000 
 758      F0010080 
 758      0F00003C 
 759 0501 00000080 		.byte 0x00, 0x00, 0x00, 0x80, 0xFF, 0x7F, 0x80, 0xFF, 0x7F, 0x80, 0xFF, 0x7F, 0x00, 0x07, 0x00, 0x
 759      FF7F80FF 
 759      7F80FF7F 
 759      00070080 
 759      0300C001 
 760 052e 000000FE 		.byte 0x00, 0x00, 0x00, 0xFE, 0xFF, 0x7F, 0xFE, 0xFF, 0x7F, 0xFE, 0xFF, 0x7F, 0x1C, 0xE0, 0x00, 0x
 760      FF7FFEFF 
 760      7FFEFF7F 
 760      1CE0000E 
 760      C0000680 
 761 055b 000000FE 		.byte 0x00, 0x00, 0x00, 0xFE, 0xFF, 0x7F, 0xFE, 0xFF, 0x7F, 0xFE, 0xFF, 0x7F, 0x00, 0x1C, 0x00, 0x
 761      FF7FFEFF 
 761      7FFEFF7F 
 761      001C0000 
 761      1C00001C 
 762 0588 000000FC 		.byte 0x00, 0x00, 0x00, 0xFC, 0xFF, 0x7F, 0xFC, 0xFF, 0x7F, 0xFC, 0xFF, 0x7F, 0x00, 0x7C, 0x00, 0x
 762      FF7FFCFF 
 762      7FFCFF7F 
 762      007C0000 
 762      FE0000EF 
 763 05b5 00000000 		.byte 0x00, 0x00, 0x00, 0x00, 0x00, 0x00, 0x00, 0x00, 0x00, 0x00, 0x00, 0x00, 0x00, 0x00, 0x00, 0x
 763      00000000 
 763      00000000 
 763      00000000 
 763      00000000 
 764              		
ARM GAS  1.s 			page 18


DEFINED SYMBOLS
                 1.s:8      .text:00000000 vectors
                            *ABS*:200000fc zhanding
                 1.s:57     .text:000000c0 kaishi
                 1.s:620    .text:000004c2 _nmi
                 1.s:621    .text:000004c2 _Hard_Fault
                 1.s:622    .text:000004c2 _svc_handler
                 1.s:623    .text:000004c2 _pendsv_handler
                 1.s:627    .text:000004c4 _systickzhongduan
                 1.s:624    .text:000004c2 aaa
                 1.s:59     .text:000000c0 shizhong
                            .text:00000000 $d
                 1.s:63     .text:000000c0 $t
                 1.s:68     .text:000000ca deng_hse
                 1.s:77     .text:000000d8 __wai_she_shi_zhong
                 1.s:92     .text:000000e2 _neicunqingling
                 1.s:96     .text:000000e8 _neicunqinglingxunhuan
                 1.s:101    .text:000000f0 __pa_chu_shi_hua
                 1.s:118    .text:000000fe __pb_chu_shi_hua
                 1.s:134    .text:00000110 __pc_chu_shi_hua
                 1.s:141    .text:00000118 __spi1_chu_shi_hua
                 1.s:164    .text:00000140 __lcd_chushihua
                 1.s:277    .text:00000208 __lcd_qingping
                 1.s:149    .text:00000126 ting
                            *ABS*:20001fe0 asciibiao
                 1.s:529    .text:000003ca _zhuanascii
                 1.s:445    .text:0000032e __xie_lcd_ascii
                 1.s:205    .text:0000019c __lcd_yanshi
                 1.s:210    .text:000001a2 __xie_spi1
                 1.s:215    .text:000001a6 __deng_huan_chong_kong
                 1.s:220    .text:000001ae __deng_huan_chong_kong1
                 1.s:224    .text:000001b4 __busy_zong_xian_mang
                 1.s:233    .text:000001be __xie_lcd_ye
                 1.s:239    .text:000001c6 __ye_jia
                 1.s:253    .text:000001da __xie_ye_dizhi
                 1.s:268    .text:000001fa __heng_sao
                 1.s:282    .text:00000210 __ye_jia1
                 1.s:292    .text:00000224 __xie_ye_dizhi1
                 1.s:308    .text:0000024a __heng_sao1
                 1.s:316    .text:00000256 __xie_lcd_weizhi
                 1.s:348    .text:00000292 __xie_ascii
                 1.s:361    .text:000002a4 __xie_lcd_dizhi2
                 1.s:364    .text:000002aa __du_ascii2
                 1.s:653    .data:000001e0 ascii_biao
                 1.s:370    .text:000002b4 __du_ziku_chushihua2
                 1.s:372    .text:000002b6 __du_ziku1
                 1.s:379    .text:000002c4 __duwan_ziku1
                 1.s:387    .text:000002d0 __xie_alabo
                 1.s:406    .text:000002ec __xie_lcd_dizhi1
                 1.s:409    .text:000002f2 __du_ascii1
                 1.s:415    .text:000002fc __du_ziku_chushihua1
                 1.s:417    .text:000002fe __du_ziku
                 1.s:424    .text:0000030c __duwan_ziku
                 1.s:463    .text:00000348 __xie_lcd_dizhi
                 1.s:466    .text:0000034e __du_ascii
                 1.s:502    .text:0000038c __xie_ascii_xiaoshudian
                 1.s:641    .data:00000000 da_a_labo_hack
ARM GAS  1.s 			page 19


                 1.s:475    .text:0000035c __du_ziku_16_chushihua
                 1.s:477    .text:0000035e __du_ziku_16
                 1.s:484    .text:0000036c __duwan_16
                 1.s:518    .text:000003b0 __xie_ru_xiaoshudian
                 1.s:536    .text:000003d4 _xunhuanqiuma
                 1.s:590    .text:0000049c _chufa
                 1.s:555    .text:000003f6 _qiumafanhui
                 1.s:550    .text:000003ee _meidaoxiaoshudian
                 1.s:559    .text:000003fa __zhuanascii
                 1.s:566    .text:00000404 __xunhuanqiuma
                 1.s:585    .text:00000428 __qiumafanhui
                 1.s:580    .text:00000420 __meidaoxiaoshudian
                 1.s:588    .text:0000042c $d
                 1.s:592    .text:0000049c $t
                 1.s:612    .text:000004c0 _chufafanhui
                 1.s:602    .text:000004b0 _chufaxunhuan
                 1.s:609    .text:000004bc _chufaweishubudao0
                 1.s:640    .data:00000000 $d
                 1.s:753    .data:00000420 danweibiao

NO UNDEFINED SYMBOLS
