ARM GAS  1.s 			page 1


   1              		@cw32f030c8t6
   2              		@ç¼–è¯‘å™¨ARM-NONE-EABI
   3              		@æ°¸ç£æ— åˆ·ç”µæœºæ§åˆ¶
   4              		@yjmwxwx-2024-02-25
   5              		.thumb
   6              		.syntax unified
   7              		.section .text
   8              	vectors:
   9 0000 FC000020 		.word zhanding
  10 0004 C1000000 		.word kaishi + 1
  11 0008 0B070000 		.word _nmi	+1
  12 000c 0B070000 		.word _Hard_Fault +1
  13 0010 00000000 		.word 0
  14 0014 00000000 		.word 0
  15 0018 00000000 		.word 0
  16 001c 00000000 		.word 0
  17 0020 00000000 		.word 0
  18 0024 00000000 		.word 0
  19 0028 00000000 		.word 0
  20 002c 0B070000 		.word _svc_handler +1
  21 0030 00000000 		.word 0
  22 0034 00000000 		.word 0
  23 0038 0B070000 		.word _pendsv_handler +1
  24 003c 0D070000 		.word _systick_zhongduan +1  @ 15
  25 0040 0B070000 		.word aaa +1                @ 0		WDT
  26 0044 0B070000 		.word aaa +1                @ 1		LVD
  27 0048 0B070000 		.word aaa +1                @ 2		RTC
  28 004c 0B070000 		.word aaa +1                @ 3		FLASHRAM
  29 0050 0B070000 		.word aaa +1                @ 4		RCC
  30 0054 0B070000 		.word aaa +1         	    @ 5		GPIOA
  31 0058 0B070000 		.word aaa +1                @ 6		GPIOB
  32 005c 0B070000 		.word aaa +1                @ 7		GPIOC
  33 0060 0B070000 		.word aaa +1                @ 8		GPIOF
  34 0064 0B070000 		.word aaa +1		    @ 9		DMA1
  35 0068 0B070000 		.word aaa +1                @ 10	DMA23
  36 006c 0B070000 		.word aaa +1                @ 11	DMA45
  37 0070 0B070000 		.word aaa +1                @ 12	ADC
  38 0074 0B070000 		.word aaa +1                @ 13	ATIM
  39 0078 0B070000 		.word aaa +1                @ 14	VC1
  40 007c 0B070000 		.word aaa +1                @ 15	VC2
  41 0080 0B070000 		.word aaa +1                @ 16	GTIM1
  42 0084 0B070000 		.word aaa +1                @ 17	GITM2
  43 0088 0B070000 		.word aaa +1                @ 18	GTIM3
  44 008c 0B070000 		.word aaa +1                @ 19	GTIM4
  45 0090 0B070000 		.word aaa +1                @ 20	BTIM1
  46 0094 0B070000 		.word aaa +1                @ 21	BTIM2
  47 0098 0B070000 		.word aaa +1                @ 22	BTIM3
  48 009c 0B070000 		.word aaa +1                @ 23	I2C1
  49 00a0 0B070000 		.word aaa +1                @ 24	I2C2
  50 00a4 0B070000 		.word aaa +1                @ 25	SPI1
  51 00a8 0B070000 		.word aaa +1                @ 26	SPI2
  52 00ac 0B070000 		.word aaa +1                @ 27	UART1
  53 00b0 0B070000 		.word aaa +1		    @ 28	UART2
  54 00b4 0B070000 		.word aaa +1		    @ 29	UART3
  55 00b8 0B070000 		.word aaa +1		    @ 30	AWT
  56 00bc 0B070000 	 	.word aaa +1		    @ 31	FAULT
  57              	kaishi:
ARM GAS  1.s 			page 2


  58              	__wai_she_shi_zhong:
  59 00c0 9548     	        ldr r0, = 0x40010000
  60              	        @+0x30 0=DMA,1=FLASH,2=CRC,4=PA,5=PB,6=PC,9=PF
  61 00c2 9649     	        ldr r1, = 0x273
  62 00c4 0163     	        str r1, [r0, # 0x30]
  63              	
  64              	        @+0X34 2=ADC,4=VC,7=ATIM,8=SPI1,9=UART1,10=GTIM3
  65              	        @11=GTIM4,12=BTIM,13=AWT
  66              	
  67 00c6 9649     	        ldr r1, = 0x184
  68 00c8 4163     	        str r1, [r0, # 0x34]
  69              	
  70              	        @+0X38 1=GTIM1,2=GTIM2,3=RTC,4=WWDT,5=IWDT,6=SPI2
  71              	        @7=UART2,8=UART3,11=I2C1,12=I2C2
  72              	
  73              	
  74              	
  75              		
  76 00ca 9648     		ldr r0, = 0x40022000   @FLASHè®¿é—®æ§åˆ¶
  77 00cc 9649     		ldr r1, = 0x5a5a0019   @0x5a5a0019
  78 00ce 4160     		str r1, [r0, # 0x04]           @FLASHç¼“å†² ç¼“å†²å¼€å¯
  79              		
  80              	shizhong:	
  81 00d0 9148     		ldr r0, = 0x40010000 @ rcc
  82 00d2 9649     		ldr r1, = 0x5a5a0183
  83 00d4 4160     		str r1, [r0, # 0x04]
  84              	deng_hse:
  85 00d6 C169     		ldr r1, [r0, # 0x1c]
  86 00d8 0903     		lsls r1, r1, # 12
  87 00da FCD5     		bpl deng_hse
  88 00dc 9449     		ldr r1, = 0x53864	@48MHZ (64MHZ=0x53884)
  89 00de 8162     		str r1, [r0, # 0x28]
  90 00e0 9449     		ldr r1, = 0x5a5a0187
  91 00e2 4160     		str r1, [r0, # 0x04]
  92              	deng_pll:	
  93 00e4 816A     		ldr r1, [r0, # 0x28]
  94 00e6 0904     		lsls r1, r1, # 16
  95 00e8 FCD5     		bpl deng_pll
  96 00ea 9349     		ldr r1, = 0x5a5a0002	@0x5a5a002a
  97 00ec 0160     		str r1, [r0]	@pllä½œä¸ºç³»ç»Ÿæ—¶é’Ÿ	
  98 00ee 9349     		ldr r1, = 0x5a5a0186
  99 00f0 4160     		str r1, [r0, # 0x04]	@å…³HSI
 100              		
 101              	
 102              	_neicunqingling:
 103 00f2 9348     		ldr r0, = 0x20002000
 104 00f4 934A     		ldr r2, = 0x20000000
 105 00f6 0021     		movs r1, # 0
 106              	_neicunqinglingxunhuan:
 107 00f8 0438     		subs r0, r0, # 4
 108 00fa 0160     		str r1, [r0]
 109 00fc 9042     		cmp r0, r2
 110 00fe FBD1     		bne _neicunqinglingxunhuan
 111              	__pa_chu_shi_hua:
 112 0100 9148     		ldr r0, = 0x48000000 @pa
 113 0102 9249     		ldr r1, = 0x78ff
 114 0104 0160     		str r1, [r0]		@0=è¾“å‡ºï¼Œ1=è¾“å…¥
ARM GAS  1.s 			page 3


 115 0106 9249     		ldr r1, = 0x18ff
 116 0108 C161     		str r1, [r0, # 0x1c]	@0=æ•°å­—ï¼Œ1=æ¨¡æ‹Ÿ
 117              	
 118              	
 119 010a 9249     		ldr r1, = 0x50000777
 120 010c 4161     		str r1, [r0, # 0x14]	@å¤ç”¨8-15
 121              		@str r1, [r0, # 0x18]	@å¤ç”¨0-7
 122              	
 123              	
 124              	
 125              	__pb_chu_shi_hua:
 126              	
 127 010e 9248     		ldr r0, = 0x48000400 @pb
 128 0110 9249     		ldr r1, = 0x1dc7
 129 0112 0160     		str r1, [r0]            @0=è¾“å‡ºï¼Œ1=è¾“å…¥
 130 0114 9249     		ldr r1, = 0x1d07
 131 0116 C161     		str r1, [r0, # 0x1c]    @0=æ•°å­—ï¼Œ1=æ¨¡æ‹Ÿ
 132              	
 133 0118 9249     		ldr r1, = 0x1c0
 134 011a 0161     		str r1, [r0, # 0x10]	@ä¸Šæ‹‰
 135              	
 136              	
 137 011c 9249     		ldr r1, = 0x77700000
 138 011e 4161     		str r1, [r0, # 0x14]
 139              		
 140 0120 9249     		ldr r1, = 0x505000
 141 0122 8161     		str r1, [r0, # 0x18]	@å¤ç”¨0-7
 142              	
 143              		
 144              	__pc_chu_shi_hua:	
 145 0124 924B     		ldr r3, = 0xc000	
 146 0126 9348     		ldr r0, = 0x48000800 @pc
 147 0128 C361     		str r3, [r0, # 0x1c]
 148 012a 0360     		str r3, [r0]
 149              	
 150              	
 151              	__ATIM_chu_shi_hua:
 152 012c 9248     		ldr r0, = 0x40012c00
 153 012e 9349     		ldr r1, = 1199
 154 0130 0160     		str r1, [r0]		@ARR		
 155 0132 9349     		ldr r1, = 0x7f7f7f
 156 0134 C161     		str r1, [r0, # 0x1c]    @ATIM_FLTR è¾“å‡ºæ§åˆ¶
 157 0136 9349     		ldr r1, = 0x1200
 158 0138 0163     		str r1, [r0, # 0x30]	@ATIM_DTR æ­»åŒºæ—¶é—´å¯„å­˜å™¨
 159              	
 160 013a 0021     		movs r1, # 0
 161 013c C163     		str r1, [r0, # 0x3c]
 162 013e 0164     		str r1, [r0, # 0x40]
 163 0140 4164     		str r1, [r0, # 0x44]
 164 0142 8164     		str r1, [r0, # 0x48]
 165 0144 C164     		str r1, [r0, # 0x4c]
 166 0146 0165     		str r1, [r0, # 0x50]
 167              		
 168 0148 8F49     		ldr r1, = 0x3003
 169 014a C160     		str r1, [r0, # 0x0c]	@CR
 170              	
 171              		
ARM GAS  1.s 			page 4


 172              	__spi1_chu_shi_hua:
 173 014c 8F48     		ldr r0, = 0x40013000
 174 014e 9049     		ldr r1, = 0x5e74	@8ä½	@0x7e74 16ä½
 175 0150 0160     		str r1, [r0]
 176              	
 177 0152 00F043F9 		bl __lcd_chushihua
 178 0156 00F0A5F9 		bl __lcd_qingping
 179              	
 180 015a 8E48     		ldr r0, = yjmwxwx
 181 015c 1221     		movs r1, # 18           @æ˜¾ç¤ºå‡ ä¸ªå­—ç¬¦
 182 015e 8E4A     		ldr r2, = 0x0000         @LCDä½ç½®lcdä½ç½®(é«˜8ä½0-0x83,ä½8ä½0-7)
 183 0160 00F0E5F9 		bl __xie_ascii
 184              	
 185 0164 00F09EF9 		bl __lcd_qingping
 186              	
 187              	
 188 0168 8C4C     		ldr r4, = 0xe000e010
 189 016a 8D4B     		ldr r3, = 2399
 190 016c 6360     		str r3, [r4, # 4]
 191 016e A360     		str r3, [r4, # 8]
 192 0170 0723     		movs r3, # 0x07
 193 0172 2360     		str r3, [r4]    @systick å¼€
 194              	
 195              	@	ldr r0, = 0x20000100
 196              	@	ldr r1, = 3000
 197              	@	str r1, [r0]
 198              	ting:
 199 0174 FEE7     		b ting
 200 0176 8B48     		ldr r0, = 0x20000400
 201 0178 8B49     		ldr r1, = 0x20000404
 202 017a 8C4A     		ldr r2, = 0x20000408
 203 017c 8C4B     		ldr r3, = 0x40012c3c
 204 017e 0068     		ldr r0, [r0]
 205 0180 0968     		ldr r1, [r1]
 206 0182 1268     		ldr r2, [r2]
 207              	@	ldr r0, = 50
 208              	@	ldr r1, =  10
 209              	@	ldr r2, =  10
 210 0184 1860     		str r0, [r3]
 211 0186 5860     		str r0, [r3, # 0x04]
 212 0188 9960     		str r1, [r3, # 0x08]
 213 018a D960     		str r1, [r3, # 0x0c]
 214 018c 1A61     		str r2, [r3, # 0x10]
 215 018e 5A61     		str r2, [r3, # 0x14]
 216 0190 F0E7     	b ting
 217 0192 884A     		ldr r2, = 6000
 218 0194 8849     		ldr r1, = 0x20000100
 219 0196 0868     		ldr r0, [r1]
 220 0198 0A30     		adds r0, r0, # 10
 221 019a 0860     	        str r0, [r1]
 222 019c 9042     	        cmp r0, r2
 223 019e 01D3     	        bcc __qudong_dianji1
 224 01a0 0020     	        movs r0, # 0
 225 01a2 0860     	        str r0, [r1]
 226              	__qudong_dianji1:
 227 01a4 00F001F8 		bl __svpwm
 228              	
ARM GAS  1.s 			page 5


 229              		
 230 01a8 E4E7     		b ting
 231              	
 232              	
 233              	
 234              	__svpwm:
 235 01aa 0EB5     		push {r1-r3,lr}
 236              		@r0=è§’åº¦ 0åˆ°6000ï¼Œ0-1000è¡¨ç¤º0-60åº¦èŒƒå›´
 237 01ac 0246     		mov r2, r0
 238 01ae 8349     		ldr r1, = 1000
 239 01b0 00F098FA 		bl _chufa
 240 01b4 8842     		cmp r0, r1
 241 01b6 0FD0     		beq __xiangwei_0_60
 242 01b8 8149     		ldr r1, = dian_ji_xiang_wei
 243 01ba 8000     		lsls r0, r0, # 2
 244 01bc 0858     		ldr r0, [r1, r0]
 245 01be 8746     		mov pc, r0
 246              		.align 4
 247              	dian_ji_xiang_wei:	
 248 01c0 D9010000 		.word __xiangwei_0_60 +1		@0-60åº¦
 249 01c4 0B020000 		.word __xiangwei_60_120 +1		@60-120åº¦
 250 01c8 41020000 		.word __xiangwei_120_180 +1		@120-180åº¦
 251 01cc 77020000 		.word __xiangwei_180_240 +1		@180-240åº¦
 252 01d0 AD020000 		.word __xiangwei_240_300 +1		@240-300åº¦
 253 01d4 E3020000 		.word __xiangwei_300_360 +1		@300-360åº¦
 254              		
 255              	__xiangwei_0_60:
 256 01d8 7A49     		ldr r1, = svpwm_biao
 257 01da 9200     		lsls r2, r2, # 2	@æ‰©å±•æˆ32ä½
 258 01dc 885A     		ldrh r0, [r1, r2] 	@æŸ¥è¡¨å–å‡º x
 259 01de 0232     		adds r2, r2, # 2	@åç§»16ä½
 260 01e0 895A     		ldrh r1, [r1, r2] 	@æŸ¥è¡¨å–å‡ºy
 261 01e2 794A     		ldr r2, = 600		@PWMè®¡æ•°ä¸€åŠ
 262 01e4 5043     		muls r0, r0, r2		@ Xä¹˜å®šæ—¶å™¨ä¸€åŠå€¼å¾—åˆ°U3çŸ¢é‡
 263 01e6 5143     		muls r1, r1, r2		@ Yä¹˜å®šæ—¶å™¨ä¸€åŠå€¼å¾—åˆ°U1çŸ¢é‡
 264 01e8 C00B     		lsrs r0, r0, # 15	@Q15è½¬æ•´æ•°
 265 01ea C90B     		lsrs r1, r1, # 15	@Q15è½¬æ•´æ•°
 266 01ec 634A     		ldr r2, = 1199		@pwmå®šæ—¶å™¨ARR
 267 01ee 521A     		subs r2, r2, r1		@å®šæ—¶å™¨ARRå‡U1çŸ¢é‡
 268 01f0 121A     		subs r2, r2, r0		@å®šæ—¶å™¨ARRå‡U3çŸ¢é‡
 269 01f2 5208     		lsrs r2, r2, # 1	@Wç›¸å®šæ—¶å™¨æ¯”è¾ƒå€¼è®¡ç®— ï¼ˆé›¶çŸ¢é‡é™¤2ï¼‰
 270 01f4 8918     		adds r1, r1, r2		@U1çŸ¢é‡ åŠ   é›¶çŸ¢é‡é™¤2
 271 01f6 0918     		adds r1, r1, r0		@Uç›¸å®šæ—¶å™¨æ¯”è¾ƒå€¼è®¡ç®— ï¼ˆU1çŸ¢é‡ï¼‰ åŠ  ï¼ˆU3çŸ¢é‡ï¼‰ åŠ  ï¼ˆé›¶çŸ¢é‡é
 272 01f8 8018     		adds r0, r0, r2		@Vç›¸å®šæ—¶å™¨æ¯”è¾ƒå€¼è®¡ç®—  ï¼ˆU3çŸ¢é‡ï¼‰ åŠ  ï¼ˆé›¶çŸ¢é‡é™¤2ï¼‰
 273 01fa 5F4B     		ldr r3, = 0x40012c00                    @å®šæ—¶å™¨åŸºåœ°å€
 274              		
 275 01fc D963     	        str r1, [r3, # 0x3c]    @U_H            @Uç›¸é«˜æ¯”è¾ƒå¯„å­˜å™¨
 276 01fe 1964     	        str r1, [r3, # 0x40]    @U_L            @Uç›¸ä½æ¯”è¾ƒå¯„å­˜å™¨
 277              	
 278 0200 5864     		str r0, [r3, # 0x44]    @V_H            @Vç›¸é«˜æ¯”è¾ƒå¯„å­˜å™¨
 279 0202 9864     		str r0, [r3, # 0x48]    @V_L            @Vç›¸ä½æ¯”è¾ƒå¯„å­˜å™¨
 280              	
 281 0204 DA64     	        str r2, [r3, # 0x4c]    @W_H            @Wç›¸é«˜æ¯”è¾ƒå¯„å­˜å™¨
 282 0206 1A65     	        str r2, [r3, # 0x50]    @W_L            @Wç›¸ä½æ¯”è¾ƒå¯„å­˜å™¨
 283 0208 0EBD     		pop {r1-r3,pc}                          @è¿”å›
 284              	
 285              	
ARM GAS  1.s 			page 6


 286              		
 287              	__xiangwei_60_120:
 288 020a 6C49     		ldr r1, = 1000	
 289 020c 521A     	        subs r2, r2, r1		@å‡å»1000,å› ä¸ºXã€YæŸ¥æ‰¾è¡¨åªæœ‰å„1000ç‚¹
 290              	
 291 020e 6D49     	        ldr r1, = svpwm_biao
 292 0210 9200     	        lsls r2, r2, # 2        @æ‰©å±•æˆ32ä½
 293 0212 885A     	        ldrh r0, [r1, r2]       @æŸ¥è¡¨å–å‡º x
 294 0214 0232     	        adds r2, r2, # 2        @åç§»16ä½
 295 0216 895A     	        ldrh r1, [r1, r2]       @æŸ¥è¡¨å–å‡ºy
 296 0218 6B4A     	        ldr r2, = 600           @PWMè®¡æ•°ä¸€åŠ
 297 021a 5043     	        muls r0, r0, r2         @ Xä¹˜å®šæ—¶å™¨ä¸€åŠå€¼å¾—åˆ°U3çŸ¢é‡
 298 021c 5143     	        muls r1, r1, r2         @ Yä¹˜å®šæ—¶å™¨ä¸€åŠå€¼å¾—åˆ°U1çŸ¢é‡
 299 021e C00B     	        lsrs r0, r0, # 15       @Q15è½¬æ•´æ•°
 300 0220 C90B     	        lsrs r1, r1, # 15       @Q15è½¬æ•´æ•°
 301 0222 564A     	        ldr r2, = 1199          @pwmå®šæ—¶å™¨ARR
 302 0224 521A     	        subs r2, r2, r1         @å®šæ—¶å™¨ARRå‡U1çŸ¢é‡
 303 0226 121A     	        subs r2, r2, r0         @å®šæ—¶å™¨ARRå‡U3çŸ¢é‡
 304 0228 5208     	        lsrs r2, r2, # 1        @Wç›¸å®šæ—¶å™¨æ¯”è¾ƒå€¼è®¡ç®— ï¼ˆé›¶çŸ¢é‡é™¤2ï¼‰
 305 022a 8918     	        adds r1, r1, r2         @Uç›¸å®šæ—¶å™¨æ¯”è¾ƒå€¼è®¡ç®— ï¼ˆU1çŸ¢é‡ï¼‰ åŠ  ï¼ˆé›¶çŸ¢é‡é™¤2ï¼
 306 022c 5348     	        ldr r0, = 1199		@å®šæ—¶å™¨æœ€å¤§è®¡æ•°å€¼
 307 022e 801A     	        subs r0, r0, r2		@Vç›¸å®šæ—¶å™¨æ¯”è¾ƒå€¼è®¡ç®—  ï¼ˆå®šæ—¶å™¨æœ€å¤§è®¡æ•°ï¼‰ å‡ ï¼ˆé›¶çŸ¢é‡
 308              	
 309 0230 514B     	        ldr r3, = 0x40012c00			@å®šæ—¶å™¨åŸºåœ°å€
 310 0232 D963     	        str r1, [r3, # 0x3c]    @U_H		@Uç›¸é«˜æ¯”è¾ƒå¯„å­˜å™¨
 311 0234 1964     	        str r1, [r3, # 0x40]    @U_L		@Uç›¸ä½æ¯”è¾ƒå¯„å­˜å™¨
 312              	
 313 0236 5864     	        str r0, [r3, # 0x44]    @V_H		@Vç›¸é«˜æ¯”è¾ƒå¯„å­˜å™¨
 314 0238 9864     	        str r0, [r3, # 0x48]    @V_L		@Vç›¸ä½æ¯”è¾ƒå¯„å­˜å™¨
 315              	
 316 023a DA64     	        str r2, [r3, # 0x4c]    @W_H		@Wç›¸é«˜æ¯”è¾ƒå¯„å­˜å™¨
 317 023c 1A65     	        str r2, [r3, # 0x50]    @W_L		@Wç›¸ä½æ¯”è¾ƒå¯„å­˜å™¨
 318 023e 0EBD     	        pop {r1-r3,pc}				@è¿”å›
 319              	
 320              	
 321              	__xiangwei_120_180:
 322 0240 6249     		ldr r1, = 2000
 323 0242 521A     	        subs r2, r2, r1
 324 0244 5F49     	        ldr r1, = svpwm_biao
 325 0246 9200     	        lsls r2, r2, # 2       
 326 0248 885A     	        ldrh r0, [r1, r2]      
 327 024a 0232     	        adds r2, r2, # 2       
 328 024c 895A     	        ldrh r1, [r1, r2]      
 329 024e 5E4A     	        ldr r2, = 600          
 330 0250 5043     	        muls r0, r0, r2        
 331 0252 5143     	        muls r1, r1, r2        
 332 0254 C00B     	        lsrs r0, r0, # 15      
 333 0256 C90B     	        lsrs r1, r1, # 15      
 334 0258 484A     	        ldr r2, = 1199         
 335 025a 521A     	        subs r2, r2, r1        
 336 025c 121A     	        subs r2, r2, r0        
 337 025e 5208     	        lsrs r2, r2, # 1       
 338 0260 8918     	        adds r1, r1, r2        
 339 0262 0918     	        adds r1, r1, r0        
 340 0264 8018     	        adds r0, r0, r2        
 341              	
 342 0266 444B     	        ldr r3, = 0x40012c00
ARM GAS  1.s 			page 7


 343              	
 344              		
 345              	
 346 0268 DA63     	        str r2, [r3, # 0x3c]    @U_H
 347 026a 1A64     	        str r2, [r3, # 0x40]    @U_L
 348              	
 349 026c 5964     	        str r1, [r3, # 0x44]    @V_H
 350 026e 9964     	        str r1, [r3, # 0x48]    @V_L
 351              	
 352 0270 D864     	        str r0, [r3, # 0x4c]    @W_H
 353 0272 1865     	        str r0, [r3, # 0x50]    @W_L
 354 0274 0EBD     	        pop {r1-r3,pc}
 355              	
 356              	
 357              		
 358              	__xiangwei_180_240:
 359 0276 5649     	        ldr r1, = 3000
 360 0278 521A     	        subs r2, r2, r1
 361 027a 5249     	        ldr r1, = svpwm_biao
 362 027c 9200     	        lsls r2, r2, # 2       
 363 027e 885A     	        ldrh r0, [r1, r2]      
 364 0280 0232     	        adds r2, r2, # 2       
 365 0282 895A     	        ldrh r1, [r1, r2]      
 366 0284 504A     	        ldr r2, = 600          
 367 0286 5043     	        muls r0, r0, r2        
 368 0288 5143     	        muls r1, r1, r2        
 369 028a C00B     	        lsrs r0, r0, # 15      
 370 028c C90B     	        lsrs r1, r1, # 15      
 371 028e 3B4A     	        ldr r2, = 1199         
 372 0290 521A     	        subs r2, r2, r1        
 373 0292 121A     	        subs r2, r2, r0        
 374 0294 5208     	        lsrs r2, r2, # 1       
 375 0296 8918     	        adds r1, r1, r2       
 376 0298 3848     	        ldr r0, = 1199
 377 029a 801A     	        subs r0, r0, r2       
 378              	
 379 029c 364B     	        ldr r3, = 0x40012c00
 380              	
 381              	
 382 029e DA63     	        str r2, [r3, # 0x3c]    @U_H
 383 02a0 1A64     	        str r2, [r3, # 0x40]    @U_L
 384              	
 385 02a2 5964     	        str r1, [r3, # 0x44]    @V_H
 386 02a4 9964     	        str r1, [r3, # 0x48]    @V_L
 387              	
 388 02a6 D864     	        str r0, [r3, # 0x4c]    @W_H
 389 02a8 1865     	        str r0, [r3, # 0x50]    @W_L
 390 02aa 0EBD     	        pop {r1-r3,pc}
 391              	
 392              	
 393              	
 394              		
 395              	__xiangwei_240_300:
 396 02ac 4949     	        ldr r1, =  4000
 397 02ae 521A     	        subs r2, r2, r1
 398              	
 399 02b0 4449     		ldr r1, = svpwm_biao
ARM GAS  1.s 			page 8


 400 02b2 9200     		lsls r2, r2, # 2    
 401 02b4 885A     		ldrh r0, [r1, r2]   
 402 02b6 0232     	        adds r2, r2, # 2    
 403 02b8 895A     		ldrh r1, [r1, r2]   
 404 02ba 434A     		ldr r2, = 600       
 405 02bc 5043     	        muls r0, r0, r2
 406 02be 5143     	        muls r1, r1, r2       
 407 02c0 C00B     	        lsrs r0, r0, # 15  
 408 02c2 C90B     	        lsrs r1, r1, # 15  
 409 02c4 2D4A     	        ldr r2, = 1199     
 410 02c6 521A     	        subs r2, r2, r1    
 411 02c8 121A     	        subs r2, r2, r0    
 412 02ca 5208     	        lsrs r2, r2, # 1   
 413 02cc 8918     	        adds r1, r1, r2    
 414 02ce 0918     	        adds r1, r1, r0    
 415 02d0 8018     	        adds r0, r0, r2    
 416              	
 417 02d2 294B     	        ldr r3, = 0x40012c00
 418              	
 419              	
 420              	
 421              		
 422              	
 423 02d4 D863     	        str r0, [r3, # 0x3c]    @U_H
 424 02d6 1864     	        str r0, [r3, # 0x40]    @U_L
 425              	
 426 02d8 5A64     		str r2, [r3, # 0x44]    @V_H
 427 02da 9A64     	        str r2, [r3, # 0x48]    @V_L
 428              	
 429 02dc D964     		str r1, [r3, # 0x4c]    @W_H
 430 02de 1965     	        str r1, [r3, # 0x50]    @W_L
 431 02e0 0EBD     	        pop {r1-r3,pc}
 432              	
 433              	
 434              		
 435              	__xiangwei_300_360:
 436              	
 437 02e2 3D49     	       ldr r1, =  5000
 438 02e4 521A     	        subs r2, r2, r1
 439              	
 440 02e6 3749     		ldr r1, = svpwm_biao
 441 02e8 9200     	        lsls r2, r2, # 2     
 442 02ea 885A     	        ldrh r0, [r1, r2]    
 443 02ec 0232     	        adds r2, r2, # 2     
 444 02ee 895A     	        ldrh r1, [r1, r2]    
 445 02f0 354A     	        ldr r2, = 600        
 446 02f2 5043     	        muls r0, r0, r2      
 447 02f4 5143     	        muls r1, r1, r2      
 448 02f6 C00B     	        lsrs r0, r0, # 15    
 449 02f8 C90B     	        lsrs r1, r1, # 15    
 450 02fa 204A     	        ldr r2, = 1199       
 451 02fc 521A     	        subs r2, r2, r1      
 452 02fe 121A     	        subs r2, r2, r0      
 453 0300 5208     	        lsrs r2, r2, # 1     
 454 0302 8918     	        adds r1, r1, r2      
 455 0304 1D48     	        ldr r0, = 1199
 456 0306 801A     	        subs r0, r0, r2      
ARM GAS  1.s 			page 9


 457              	
 458 0308 1B4B     	        ldr r3, = 0x40012c00
 459              	
 460              	
 461 030a D863     	        str r0, [r3, # 0x3c]    @U_H
 462 030c 1864     	        str r0, [r3, # 0x40]    @U_L
 463              	
 464 030e 5A64     	        str r2, [r3, # 0x44]    @V_H
 465 0310 9A64     	        str r2, [r3, # 0x48]    @V_L
 466              	
 467 0312 D964     	        str r1, [r3, # 0x4c]    @W_H
 468 0314 1965     	        str r1, [r3, # 0x50]    @W_L
 469 0316 0EBD     	        pop {r1-r3,pc}
 470              	
 471              	
 472              	
 473 0318 00000140 		.ltorg
 473      73020000 
 473      84010000 
 473      00200240 
 473      19005A5A 
 474              	
 475              	
 476              	
 477              	
 478              	
 479              	
 480              	
 481              	
 482              	
 483              	
 484              	
 485              		
 486              		 
 487              	__lcd_chushihua:
 488 03dc 07B5     		push {r0-r2,lr}
 489 03de BA48     		ldr r0,  = 0x48000400
 490 03e0 1021     		movs r1, # 0x10
 491 03e2 C165     		str r1, [r0, 0x5c]            @RST=1
 492 03e4 B94A     		ldr r2, = 0x1ffff
 493 03e6 00F027F8 		bl __lcd_yanshi
 494              	
 495 03ea 8165     		str r1, [r0, 0x58]            @RST=0
 496 03ec B74A     		ldr r2, = 0x1ffff
 497 03ee 00F023F8 		bl __lcd_yanshi
 498              	
 499 03f2 C165     		str r1, [r0, # 0x5c]            @RST=1
 500 03f4 B54A     		ldr r2, = 0x1ffff
 501 03f6 00F01FF8 		bl __lcd_yanshi
 502              	
 503 03fa B548     		ldr r0, = 0x40013000
 504 03fc 0021     		movs r1, # 0x00
 505 03fe C160     		str r1, [r0, # 0x0c]		@A0=0
 506              		
 507 0400 B24A     		ldr r2, = 0x1ffff
 508 0402 00F019F8 		bl __lcd_yanshi
 509              	
ARM GAS  1.s 			page 10


 510 0406 A220     		movs r0, # 0xa2         @ åç½®é€‰æ‹©
 511 0408 00F019F8 		bl __xie_spi1
 512 040c A020     		movs r0, # 0xa0         @SEGæ–¹å‘ï¼ˆæ¨ª 0=0åˆ°131ï¼Œ1=131åˆ°0ï¼‰
 513 040e 00F016F8 		bl __xie_spi1
 514 0412 C820     		movs r0, # 0xc8         @é€‰æ‹©COMæ–¹å‘ï¼ˆç«– 0=0åˆ°63, 1=63åˆ°1ï¼‰
 515 0414 00F013F8 		bl __xie_spi1
 516 0418 2F20     		movs r0, # 0x2f         @é€‰æ‹©è°ƒèŠ‚ç‡
 517 041a 00F010F8 		bl __xie_spi1
 518 041e 8120     		movs r0, # 0x81         @è®¾ç½®EVå‘½ä»¤
 519 0420 00F00DF8 		bl __xie_spi1
 520 0424 2520     		movs r0, # 0x25         @è®¾ç½®EVï¼ˆ0x00-0x3f å¯¹æ¯”åº¦ï¼‰
 521 0426 00F00AF8 		bl __xie_spi1
 522 042a 2F20     		movs r0, # 0x2f         @åŠ©æ¨å™¨å¼€å¯
 523 042c 00F007F8 		bl __xie_spi1           @è°ƒèŠ‚å™¨å¼€ã€è¿½è¸ªå™¨å¼€
 524 0430 AF20     		movs r0, # 0xaf         @æ˜¾ç¤ºå¼€
 525 0432 00F004F8 		bl __xie_spi1
 526 0436 07BD     		pop {r0-r2,pc}
 527              	
 528              	__lcd_yanshi:
 529 0438 013A     		subs r2, r2, # 1
 530 043a FDD1     		bne __lcd_yanshi
 531 043c 7047     		bx lr
 532              		
 533              	__xie_spi1:
 534 043e 06B4     		push {r1-r2}
 535 0440 A349     		ldr r1, = 0x40013000
 536              	@	movs r2, # 0x00
 537              	@	str r2, [r1, # 0x0c]
 538              	__deng_huan_chong_kong:
 539 0442 0A69     		ldr r2, [r1, # 0x10]
 540 0444 D207     		lsls r2, r2, # 31
 541 0446 FCD5     		bpl __deng_huan_chong_kong
 542 0448 8861     		str r0, [r1, # 0x18]
 543              	__deng_huan_chong_kong1:
 544 044a 0A69     		ldr r2, [r1, # 0x10]
 545 044c D207     		lsls r2, r2, # 31
 546 044e FCD5     		bpl __deng_huan_chong_kong1
 547              	__busy_zong_xian_mang:
 548 0450 0A69     		ldr r2, [r1, # 0x10]
 549 0452 D205     		lsls r2, r2, # 23
 550 0454 FCD4     		bmi __busy_zong_xian_mang
 551              	@	movs r2, # 0x01
 552              	@	str r2, [r1, # 0x0c]
 553 0456 06BC     		pop {r1-r2}
 554 0458 7047     		bx lr
 555              	
 556              		
 557              	__xie_lcd_ye:
 558              		@å…¥å£R0=æ•°æ®é¦–åœ°å€
 559 045a 1EB5     		push {r1-r4,lr}
 560 045c B023     		movs r3, # 0xb0
 561 045e 013B     		subs r3, r3, # 1
 562 0460 0446     		mov r4, r0
 563              	__ye_jia:
 564 0462 9B48     	        ldr r0, = 0x40013000
 565 0464 0121     		movs r1, # 0x01
 566 0466 C160     		str r1, [r0, # 0x0c]            @A0=1
ARM GAS  1.s 			page 11


 567 0468 9A4A     		ldr r2, = 0xff
 568 046a FFF7E5FF 		bl __lcd_yanshi
 569 046e 0133     		adds r3, r3, # 1
 570 0470 B92B     		cmp r3, # 0xb9
 571 0472 00D1     		bne __xie_ye_dizhi
 572 0474 1EBD     		pop {r1-r4,pc}
 573              		@       movs r3, # 0xb0
 574              		@       mvns r4, r4
 575              		@       lsls r4, r4, # 24
 576              		@       lsrs r4, r4, # 24
 577              	__xie_ye_dizhi:
 578 0476 1020     		movs r0, # 0x10
 579 0478 FFF7E1FF 		bl __xie_spi1
 580 047c 0020     		movs r0, # 0
 581 047e FFF7DEFF 		bl __xie_spi1
 582 0482 1846     		mov r0, r3
 583 0484 FFF7DBFF 		bl __xie_spi1
 584              	
 585 0488 9148     	        ldr r0, = 0x40013000
 586 048a 0121     		movs r1, # 0x01
 587 048c C160     		str r1, [r0, # 0x0c]            @A0=1
 588 048e 914A     		ldr r2, = 0xff
 589 0490 FFF7D2FF 		bl __lcd_yanshi
 590              	
 591 0494 8421     		movs r1, # 132
 592              	__heng_sao:
 593 0496 2078     		ldrb r0, [r4]
 594              		@       mov r0, r4
 595 0498 FFF7D1FF 		bl __xie_spi1
 596 049c 0134     		adds r4, r4, # 1
 597 049e 0139     		subs r1, r1, # 1
 598 04a0 F9D1     		bne __heng_sao
 599 04a2 DEE7     		b __ye_jia
 600              	
 601              	__lcd_qingping:
 602 04a4 1FB5     		push {r0-r4,lr}
 603 04a6 B023     		movs r3, # 0xb0
 604 04a8 013B     		subs r3, r3, # 1
 605 04aa 0024     		movs r4, # 0
 606              	__ye_jia1:
 607 04ac 8848     	        ldr r0, = 0x40013000
 608 04ae 0021     		movs r1, # 0x00
 609 04b0 C160     		str r1, [r0, # 0x0c]            @A0=0
 610 04b2 884A     		ldr r2, = 0xff
 611 04b4 FFF7C0FF 		bl __lcd_yanshi
 612 04b8 0133     		adds r3, r3, # 1
 613 04ba B92B     		cmp r3, # 0xb9
 614 04bc 00D1     		bne __xie_ye_dizhi1
 615 04be 1FBD     		pop {r0-r4,pc}
 616              	__xie_ye_dizhi1:
 617 04c0 1020     		movs r0, # 0x10
 618 04c2 FFF7BCFF 		bl __xie_spi1
 619 04c6 0020     		movs r0, # 0
 620 04c8 FFF7B9FF 		bl __xie_spi1
 621 04cc 1846     		mov r0, r3
 622 04ce FFF7B6FF 		bl __xie_spi1
 623 04d2 FF22     		movs r2, # 0xff
ARM GAS  1.s 			page 12


 624 04d4 FFF7B0FF 		bl __lcd_yanshi
 625              	
 626 04d8 7D48     	        ldr r0, = 0x40013000
 627 04da 0121     		movs r1, # 0x01
 628 04dc C160     		str r1, [r0, # 0x0c]            @A0=1
 629 04de 7D4A     		ldr r2, = 0xff
 630 04e0 FFF7AAFF 		bl __lcd_yanshi
 631 04e4 8521     		movs r1, # 133
 632              	__heng_sao1:
 633 04e6 2046     		mov r0, r4
 634 04e8 FFF7A9FF 		bl __xie_spi1
 635 04ec 0139     		subs r1, r1, # 1
 636 04ee FAD1     		bne __heng_sao1
 637 04f0 DCE7     		b __ye_jia1
 638              	
 639              	
 640              	__xie_lcd_weizhi:
 641              		@å…¥å£R0=è¦å†™çš„åœ°å€(ä½8=Xï¼Œé«˜8=Y=ï¼ˆ0-131(r5=é«˜4,R4=ä½4))
 642 04f2 3EB5     		push {r1-r5,lr}
 643 04f4 0546     		mov r5, r0
 644 04f6 0446     		mov r4, r0
 645 04f8 0006     		lsls r0, r0, # 24
 646 04fa 000E     		lsrs r0, r0, # 24
 647 04fc 2D0B     		lsrs r5, r5, # 12	@é«˜4
 648 04fe 2405     		lsls r4, r4, # 20
 649 0500 240F     		lsrs r4, r4, # 28
 650 0502 7349     	        ldr r1, = 0x40013000
 651 0504 0023     		movs r3, # 0x00
 652 0506 CB60     		str r3, [r1, # 0x0c]            @A0=0
 653 0508 724A     		ldr r2, = 0xff
 654 050a FFF795FF 		bl __lcd_yanshi
 655 050e B030     		adds r0, r0, # 0xb0     @å†™é¡µå‘½ä»¤0XB0
 656 0510 FFF795FF 		bl __xie_spi1		@å†™é¡µåœ°å€0-8é¡µ
 657              	
 658 0514 1020     		movs r0, # 0x10
 659 0516 2843     		orrs r0, r0, r5
 660 0518 FFF791FF 		bl __xie_spi1
 661              	
 662 051c 2046     		mov r0, r4
 663 051e FFF78EFF 		bl __xie_spi1
 664              	
 665 0522 0123     		movs r3, # 0x01
 666 0524 8B81     		strh r3, [r1, # 0x0c]            @A0=1
 667 0526 6B4A     		ldr r2, = 0xff
 668 0528 FFF786FF 		bl __lcd_yanshi
 669 052c 3EBD     		pop {r1-r5,pc}
 670              	
 671              	
 672              	__xie_ascii:
 673 052e F8B5     		push {r3-r7,lr}
 674              		@å…¥å£r0=asciiåœ°å€
 675              		@r1=å†™å‡ ä¸ªå­—
 676              		@r2=è¦å†™çš„åœ°å€
 677 0530 4E46     		mov r6, r9
 678 0532 40B4     		push {r6}
 679 0534 9146     		mov r9, r2
 680 0536 0F46     		mov r7, r1
ARM GAS  1.s 			page 13


 681 0538 0621     		movs r1, # 6
 682 053a 0122     		movs r2, # 1
 683 053c 0546     		mov r5, r0
 684 053e 0026     		movs r6, # 0
 685              	__xie_lcd_dizhi2:
 686 0540 4846     		mov r0, r9
 687 0542 FFF7D6FF 		bl __xie_lcd_weizhi
 688              	__du_ascii2:
 689 0546 A85D     		ldrb r0, [r5, r6]
 690 0548 2038     		subs r0, r0, # 32
 691 054a 4843     		muls r0, r0, r1
 692 054c 624B     		ldr r3, = ascii_biao
 693 054e 0344     		add r3, r3, r0
 694              	__du_ziku_chushihua2:
 695 0550 0024     		movs r4, # 0
 696              	__du_ziku1:
 697 0552 185D     		ldrb r0, [r3, r4]
 698 0554 1444     		add r4, r4, r2
 699 0556 8C42     		cmp r4, r1
 700 0558 02D8     		bhi __duwan_ziku1
 701 055a FFF770FF 		bl __xie_spi1
 702 055e F8E7     		b __du_ziku1
 703              	__duwan_ziku1:
 704 0560 0136     		adds r6, r6, # 1
 705 0562 BE42     		cmp r6, r7
 706 0564 EFD1     		bne __du_ascii2
 707 0566 40BC     		pop {r6}
 708 0568 4E46     		mov r6, r9
 709 056a F8BD     		pop {r3-r7,pc}
 710              	
 711              	__xie_alabo:
 712 056c E0B5     		push {r5-r7,lr}
 713              		@å…¥å£r0=å†™å‡ ä¸ªå­—
 714              		@r1=å­—åº“å•å­—é•¿åº¦
 715              		@r2=yå®½ï¼ˆå‡ è¡Œï¼‰
 716              		@r3=è¦å†™çš„åœ°å€
 717 056e 4D46     		mov r5, r9
 718 0570 5646     		mov r6, r10
 719 0572 5F46     		mov r7, r11
 720 0574 E0B4     		push {r5-r7}
 721 0576 6546     		mov r5, r12
 722 0578 20B4     		push {r5}
 723 057a 584D     		ldr r5, = asciibiao
 724 057c A446     		mov r12, r4
 725 057e 9946     		mov r9, r3
 726 0580 0026     		movs r6, # 0
 727 0582 3746     		mov r7, r6
 728 0584 8246     		mov r10, r0
 729 0586 9346     		mov r11, r2
 730              	__xie_lcd_dizhi1:
 731 0588 4846     		mov r0, r9
 732 058a FFF7B2FF 		bl __xie_lcd_weizhi
 733              	__du_ascii1:
 734 058e A85D     		ldrb r0, [r5, r6]
 735 0590 4843     		muls r0, r0, r1
 736 0592 6346     		mov r3, r12
 737 0594 0344     		add r3, r3, r0
ARM GAS  1.s 			page 14


 738 0596 DB19     		adds r3, r3, r7
 739              	__du_ziku_chushihua1:
 740 0598 0024     		movs r4, # 0
 741              	__du_ziku:
 742 059a 185D     		ldrb r0, [r3, r4]
 743 059c 1444     		add r4, r4, r2
 744 059e 8C42     		cmp r4, r1
 745 05a0 02D8     		bhi __duwan_ziku
 746 05a2 FFF74CFF 		bl __xie_spi1
 747 05a6 F8E7     		b __du_ziku
 748              	__duwan_ziku:
 749 05a8 0136     		adds r6, r6, # 1
 750 05aa 5645     		cmp r6, r10
 751 05ac EFD1     		bne __du_ascii1
 752 05ae 0026     		movs r6, # 0
 753 05b0 0137     		adds r7, r7, # 1        @å­—åº“åœ°å€åç§»
 754 05b2 4846     		mov r0, r9
 755 05b4 0130     		adds r0, r0, # 1        @Yåç§»
 756 05b6 8146     		mov r9, r0
 757 05b8 5F45     		cmp r7, r11
 758 05ba E5D1     		bne __xie_lcd_dizhi1
 759 05bc 20BC     		pop {r5}
 760 05be AC46     		mov r12, r5
 761 05c0 E0BC     		pop {r5-r7}
 762 05c2 A946     		mov r9, r5
 763 05c4 B246     		mov r10, r6
 764 05c6 BB46     		mov r11, r7
 765 05c8 E0BD     		pop {r5-r7,pc}
 766              	
 767              	
 768              	
 769              	__xie_lcd_ascii:
 770 05ca F0B5     		push {r4-r7,lr}
 771              		@å…¥å£r0=å†™å‡ ä¸ªå­—
 772              		@r1=å­—åº“å•å­—é•¿åº¦
 773              		@r2=yå®½ï¼ˆå‡ è¡Œï¼‰
 774              		@r3=è¦å†™çš„åœ°å€
 775 05cc 4C46     		mov r4, r9
 776 05ce 5546     		mov r5, r10
 777 05d0 5E46     		mov r6, r11
 778 05d2 6746     		mov r7, r12
 779 05d4 F0B4     		push {r4-r7}
 780 05d6 414D     		ldr r5, = asciibiao
 781 05d8 9946     		mov r9, r3
 782 05da 0026     		movs r6, # 0
 783 05dc 3746     		mov r7, r6
 784 05de B446     		mov r12, r6
 785 05e0 8246     		mov r10, r0
 786 05e2 9346     		mov r11, r2
 787              	__xie_lcd_dizhi:
 788 05e4 4846     		mov r0, r9
 789 05e6 FFF784FF 		bl __xie_lcd_weizhi
 790              	__du_ascii:
 791 05ea A85D     		ldrb r0, [r5, r6]
 792 05ec 2E28     		cmp r0, # 0x2e
 793 05ee 1BD0     		beq __xie_ascii_xiaoshudian
 794 05f0 4843     		muls r0, r0, r1
ARM GAS  1.s 			page 15


 795              	
 796 05f2 3B4B     		ldr r3, = da_a_labo_hack  @da_a_labo_shuzi
 797 05f4 0344     		add r3, r3, r0
 798 05f6 DB19     		adds r3, r3, r7
 799              	__du_ziku_16_chushihua:
 800 05f8 0024     		movs r4, # 0
 801              	__du_ziku_16:
 802 05fa 185D     		ldrb r0, [r3, r4]
 803 05fc 1444     		add r4, r4, r2
 804 05fe 8C42     		cmp r4, r1
 805 0600 02D8     		bhi __duwan_16
 806 0602 FFF71CFF 		bl __xie_spi1
 807 0606 F8E7     		b __du_ziku_16
 808              	__duwan_16:
 809 0608 0136     		adds r6, r6, # 1
 810 060a 5645     		cmp r6, r10
 811 060c EDD1     		bne __du_ascii
 812 060e 0026     		movs r6, # 0
 813 0610 0137     		adds r7, r7, # 1	@å­—åº“åœ°å€åç§»
 814 0612 4846     		mov r0, r9
 815 0614 0130     		adds r0, r0, # 1	@Yåç§»
 816 0616 8146     		mov r9, r0
 817 0618 5F45     		cmp r7, r11
 818 061a E3D1     		bne __xie_lcd_dizhi
 819 061c F0BC     		pop {r4-r7}
 820 061e A146     		mov r9, r4
 821 0620 AA46     		mov r10, r5
 822 0622 B346     		mov r11, r6
 823 0624 BC46     		mov r12, r7
 824 0626 F0BD     		pop {r4-r7,pc}
 825              	
 826              	__xie_ascii_xiaoshudian:
 827 0628 6046     		mov r0, r12
 828 062a 0130     		adds r0, r0, # 1
 829 062c 8446     		mov r12, r0
 830 062e 9445     		cmp r12, r2
 831 0630 0CD0     		beq __xie_ru_xiaoshudian
 832 0632 0020     		movs r0, # 0
 833 0634 FFF703FF 		bl __xie_spi1
 834 0638 0020     		movs r0, # 0
 835 063a FFF700FF 		bl __xie_spi1
 836 063e 0020     		movs r0, # 0
 837 0640 FFF7FDFE 		bl __xie_spi1
 838 0644 0020     		movs r0, # 0
 839 0646 FFF7FAFE 		bl __xie_spi1
 840              	
 841 064a DDE7     		b __duwan_16
 842              	__xie_ru_xiaoshudian:
 843 064c 0020     		movs r0, # 0
 844 064e FFF7F6FE 		bl __xie_spi1
 845 0652 7020     		movs r0, # 0x70
 846 0654 FFF7F3FE 		bl __xie_spi1
 847 0658 7020     		movs r0, # 0x70
 848 065a FFF7F0FE 		bl __xie_spi1
 849 065e 7020     		movs r0, # 0x70
 850 0660 FFF7EDFE 		bl __xie_spi1
 851 0664 D0E7     		b __duwan_16
ARM GAS  1.s 			page 16


 852              	
 853              	_zhuanascii:														@ 16è¿›åˆ¶è½¬ASCII
 854              		@ R0è¦è½¬çš„æ•°æ®ï¼Œ R1é•¿åº¦ï¼ŒR2ç»“æœè¡¨é¦–åœ°å€, r3=å°æ•°ç‚¹ä½ç½®
 855 0666 F0B5     		push {r4-r7,lr}
 856 0668 1F46     		mov r7, r3
 857 066a 0546     		mov r5, r0
 858 066c 0E46     		mov r6, r1
 859 066e 0A21     		movs r1, # 10
 860              	_xunhuanqiuma:
 861 0670 00F038F8 		bl _chufa
 862 0674 0446     		mov r4, r0
 863 0676 4C43     		muls r4, r1
 864 0678 2B1B     		subs r3, r5, r4
 865              		@	adds r3, r3, # 0x30	@asciiåç§»
 866 067a 0546     		mov r5, r0
 867 067c 013E     		subs r6, r6, # 1
 868 067e 08D0     		beq _qiumafanhui
 869 0680 BE42     		cmp r6, r7
 870 0682 02D1     		bne _meidaoxiaoshudian
 871 0684 2E24     		movs r4, # 0x2e		@å°æ•°ç‚¹
 872 0686 9455     		strb r4, [r2,r6]	@æ’å…¥å°æ•°ç‚¹
 873 0688 013E     		subs r6, r6, # 1
 874              	_meidaoxiaoshudian:
 875 068a 9355     		strb r3, [r2,r6]
 876 068c 3600     		movs r6, r6
 877 068e EFD1     		bne _xunhuanqiuma
 878 0690 F0BD     		pop {r4-r7,pc}
 879              	_qiumafanhui:
 880 0692 9355     		strb r3, [r2, r6]
 881 0694 F0BD     		pop {r4-r7,pc}
 882              	
 883              	__zhuanascii:								              @ è½¬ASCII
 884              		@ R0è¦è½¬çš„æ•°æ®ï¼Œ R1é•¿åº¦ï¼ŒR2ç»“æœè¡¨é¦–åœ°å€, r3=å°æ•°ç‚¹ä½ç½®
 885 0696 F0B5     		push {r4-r7,lr}
 886 0698 1F46     		mov r7, r3
 887 069a 0546     		mov r5, r0
 888 069c 0E46     		mov r6, r1
 889 069e 0A21     		movs r1, # 10
 890              	__xunhuanqiuma:
 891 06a0 00F020F8 		bl _chufa
 892 06a4 0446     		mov r4, r0
 893 06a6 4C43     		muls r4, r1
 894 06a8 2B1B     		subs r3, r5, r4
 895 06aa 3033     		adds r3, r3, # 0x30     @asciiåç§»
 896 06ac 0546     		mov r5, r0
 897 06ae 013E     		subs r6, r6, # 1
 898 06b0 08D0     		beq __qiumafanhui
 899 06b2 BE42     		cmp r6, r7
 900 06b4 02D1     		bne __meidaoxiaoshudian
 901 06b6 2E24     		movs r4, # 0x2e         @å°æ•°ç‚¹
 902 06b8 9455     		strb r4, [r2,r6]        @æ’å…¥å°æ•°ç‚¹
 903 06ba 013E     		subs r6, r6, # 1
 904              	__meidaoxiaoshudian:
 905 06bc 9355     		strb r3, [r2,r6]
 906 06be 3600     		movs r6, r6
 907 06c0 EED1     		bne __xunhuanqiuma
 908 06c2 F0BD     		pop {r4-r7,pc}
ARM GAS  1.s 			page 17


 909              	__qiumafanhui:
 910 06c4 9355     		strb r3, [r2, r6]
 911 06c6 F0BD     		pop {r4-r7,pc}
 912 06c8 00040048 		.ltorg
 912      FFFF0100 
 912      00300140 
 912      FF000000 
 912      A0110000 
 913              	
 914              	_chufa:						@è½¯ä»¶é™¤æ³•
 915              		@ r0 é™¤ä»¥ r1 ç­‰äº å•†(r0)
 916 06e4 1EB5     		push {r1-r4,lr}
 917 06e6 0028     		cmp r0, # 0
 918 06e8 0ED0     		beq _chufafanhui
 919 06ea 0029     		cmp r1, # 0
 920 06ec 0CD0     		beq _chufafanhui
 921 06ee 0246     		mov r2, r0
 922 06f0 0123     		movs r3, # 1
 923 06f2 DB07     		lsls r3, r3, # 31
 924 06f4 0020     		movs r0, # 0
 925 06f6 0446     		mov r4, r0
 926              	_chufaxunhuan:
 927 06f8 5200     		lsls r2, r2, # 1
 928 06fa 6441     		adcs r4, r4, r4
 929 06fc 8C42     		cmp r4, r1
 930 06fe 01D3     		bcc _chufaweishubudao0
 931 0700 C018     		adds r0, r0, r3
 932 0702 641A     		subs r4, r4, r1
 933              	_chufaweishubudao0:
 934 0704 5B08     		lsrs r3, r3, # 1
 935 0706 F7D1     		bne _chufaxunhuan
 936              	_chufafanhui:
 937 0708 1EBD     		pop {r1-r4,pc}
 938              		.ltorg
 939              	
 940              	
 941              	
 942              	
 943              	 
 944              		
 945              	
 946              		
 947              		
 948              	_nmi:
 949              	_Hard_Fault:
 950              	_svc_handler:
 951              	_pendsv_handler:
 952              	aaa:
 953 070a 7047     		bx lr
 954              		
 955              	_systick_zhongduan:
 956 070c 0FB5     		push {r0-r3,lr}
 957              	
 958              	@	ldr r3, = 0x20000300
 959              	@	ldr r3, [r3]
 960 070e 074A     		ldr r2, = 6000
 961 0710 0749     		ldr r1, = 0x20000100
ARM GAS  1.s 			page 18


 962 0712 0868     		ldr r0, [r1]
 963 0714 0130     		adds r0, r0, # 1
 964 0716 0860     		str r0, [r1]
 965 0718 9042     	        cmp r0, r2
 966 071a 01D3     	        bcc __qudong_dianji
 967 071c 0020     		movs r0, # 0
 968 071e 0860     	        str r0, [r1]
 969              	__qudong_dianji:
 970              	 @       ldr r2, = 0x20000200
 971              	@	ldr r0, [r2]
 972              	
 973              	
 974              		
 975 0720 FFF743FD 		bl __svpwm
 976              	
 977              	__systick_fanhui:
 978              		
 979 0724 0348     		ldr r0, = 0xe0000d04
 980 0726 0449     		ldr r1, = 0x02000000
 981 0728 0160     		str r1, [r0]                 @ æ¸…é™¤SYSTICKæ–­
 982 072a 0FBD     		pop {r0-r3,pc}
 983              	
 984              	
 985              	
 986              		.section .data
 987              	
 988              		.equ zhanding,			0x200000fc
 989              		.equ asciibiao,			0x20001fe0
 990              	
 991              	yjmwxwx:
 992 0000 796A6D77 		.ascii "yjmwxwx 2024 02 26"
 992      78777820 
 992      32303234 
 992      20303220 
 992      3236
 993              	
 994              	
 995              	
 996 0012 00000000 		.align 4
 996      00000000 
 996      00000000 
 996      0000
 997              	svpwm_biao:
 998              		@0åˆ°59.99åº¦
 999 0020 00000080 		.short 0x0000,0x8000,0x0027,0x7FEC,0x004F,0x7FD8,0x0076,0x7FC4,0x009E,0x7FB0,0x00C6,0x7F9C,0x00ED,
 999      2700EC7F 
 999      4F00D87F 
 999      7600C47F 
 999      9E00B07F 
 1000              	
 1001              	
 1002              		
 1003              		.align 4
 1004              	da_a_labo_hack:			 @16*24
 1005 0fc0 00000080 		.byte 0x00, 0x00, 0x00, 0x80, 0xFF, 0x01, 0xF0, 0xFF, 0x0F, 0xF8, 0xFF, 0x1F, 0x7C, 0x00, 0x3E, 0x
 1005      FF01F0FF 
 1005      0FF8FF1F 
ARM GAS  1.s 			page 19


 1005      7C003E1E 
 1005      00780E00 
 1006 0ff0 00000000 		.byte 0x00, 0x00, 0x00, 0x00, 0x00, 0x00, 0x00, 0x00, 0x00, 0x70, 0x00, 0x70, 0x70, 0x00, 0x70, 0x
 1006      00000000 
 1006      00700070 
 1006      70007070 
 1006      00707800 
 1007 1020 00000000 		.byte 0x00, 0x00, 0x00, 0x00, 0x00, 0x78, 0x1C, 0x00, 0x7C, 0x1C, 0x00, 0x7E, 0x0E, 0x00, 0x77, 0x
 1007      00781C00 
 1007      7C1C007E 
 1007      0E00770E 
 1007      00770E80 
 1008 1050 00000000 		.byte 0x00, 0x00, 0x00, 0x00, 0x00, 0x38, 0x1C, 0x00, 0x38, 0x1C, 0x00, 0x70, 0x0E, 0x00, 0x70, 0x
 1008      00381C00 
 1008      381C0070 
 1008      0E00700E 
 1008      00700E1C 
 1009 1080 00E00100 		.byte 0x00, 0xE0, 0x01, 0x00, 0xF0, 0x01, 0x00, 0xFC, 0x01, 0x00, 0xFE, 0x01, 0x00, 0xDF, 0x01, 0x
 1009      F00100FC 
 1009      0100FE01 
 1009      00DF0180 
 1009      CF01E0C3 
 1010 10b0 00000000 		.byte 0x00, 0x00, 0x00, 0x00, 0x00, 0x00, 0x00, 0x00, 0x38, 0xFE, 0x1F, 0x38, 0xFE, 0x0F, 0x70, 0x
 1010      00000000 
 1010      38FE1F38 
 1010      FE0F70FE 
 1010      0F700E0E 
 1011 10e0 00000000 		.byte 0x00, 0x00, 0x00, 0x00, 0xFE, 0x03, 0xC0, 0xFF, 0x0F, 0xF0, 0xFF, 0x1F, 0xF8, 0x1C, 0x3E, 0x
 1011      FE03C0FF 
 1011      0FF0FF1F 
 1011      F81C3E3C 
 1011      0C781C0E 
 1012 1110 0000000E 		.byte 0x00, 0x00, 0x00, 0x0E, 0x00, 0x00, 0x0E, 0x00, 0x00, 0x0E, 0x00, 0x40, 0x0E, 0x00, 0x70, 0x
 1012      00000E00 
 1012      000E0040 
 1012      0E00700E 
 1012      007C0E00 
 1013 1140 00000000 		.byte 0x00, 0x00, 0x00, 0x00, 0xC0, 0x07, 0xF0, 0xE1, 0x1F, 0xF8, 0xF3, 0x3F, 0xFC, 0x3F, 0x3C, 0x
 1013      C007F0E1 
 1013      1FF8F33F 
 1013      FC3F3C1E 
 1013      1F780E0E 
 1014 1170 000000E0 		.byte 0x00, 0x00, 0x00, 0xE0, 0x07, 0x00, 0xF0, 0x1F, 0x00, 0xF8, 0x3F, 0x78, 0x3C, 0x3C, 0x70, 0x
 1014      0700F01F 
 1014      00F83F78 
 1014      3C3C701E 
 1014      78700E70 
 1015              		.align 4
 1016              	ascii_biao:				@6*8
 1017 11a0 00000000 		.byte 0x00, 0x00, 0x00, 0x00, 0x00, 0x00 @
 1017      0000
 1018              		@	.byte 0x00, 0x00, 0x00, 0x4F, 0x00, 0x00 @ !	
 1019 11a6 3C3C3C3C 		.byte 0x3c, 0x3c, 0x3c, 0x3c, 0x3c, 0x3c @ !		@ä¸Šé¢æ˜¯å¯¹çš„
 1019      3C3C
 1020 11ac 00000700 		.byte 0x00, 0x00, 0x07, 0x00, 0x07, 0x00 @ "
 1020      0700
 1021 11b2 00147F14 		.byte 0x00, 0x14, 0x7F, 0x14, 0x7F, 0x14 @ #
ARM GAS  1.s 			page 20


 1021      7F14
 1022 11b8 00242A7F 		.byte 0x00, 0x24, 0x2A, 0x7F, 0x2A, 0x12 @ $
 1022      2A12
 1023 11be 00231308 		.byte 0x00, 0x23, 0x13, 0x08, 0x64, 0x62 @ %
 1023      6462
 1024 11c4 00364955 		.byte 0x00, 0x36, 0x49, 0x55, 0x22, 0x50 @ &
 1024      2250
 1025 11ca 00000503 		.byte 0x00, 0x00, 0x05, 0x03, 0x00, 0x00 @ '
 1025      0000
 1026 11d0 00001C22 		.byte 0x00, 0x00, 0x1C, 0x22, 0x41, 0x00 @ (
 1026      4100
 1027 11d6 00004122 		.byte 0x00, 0x00, 0x41, 0x22, 0x1C, 0x00 @ )
 1027      1C00
 1028 11dc 0014083E 		.byte 0x00, 0x14, 0x08, 0x3E, 0x08, 0x14 @ *
 1028      0814
 1029 11e2 0008083E 		.byte 0x00, 0x08, 0x08, 0x3E, 0x08, 0x08 @ +
 1029      0808
 1030 11e8 00005030 		.byte 0x00, 0x00, 0x50, 0x30, 0x00, 0x00 @ ,
 1030      0000
 1031 11ee 00080808 		.byte 0x00, 0x08, 0x08, 0x08, 0x08, 0x08 @ -
 1031      0808
 1032 11f4 00006060 		.byte 0x00, 0x00, 0x60, 0x60, 0x00, 0x00 @ .
 1032      0000
 1033 11fa 00201008 		.byte 0x00, 0x20, 0x10, 0x08, 0x04, 0x02 @ /
 1033      0402
 1034 1200 003E5149 		.byte 0x00, 0x3E, 0x51, 0x49, 0x45, 0x3E @ 0
 1034      453E
 1035 1206 0000427F 		.byte 0x00, 0x00, 0x42, 0x7F, 0x40, 0x00 @ 1
 1035      4000
 1036 120c 00426151 		.byte 0x00, 0x42, 0x61, 0x51, 0x49, 0x46 @ 2
 1036      4946
 1037 1212 00214145 		.byte 0x00, 0x21, 0x41, 0x45, 0x4B, 0x31 @ 3
 1037      4B31
 1038 1218 00181412 		.byte 0x00, 0x18, 0x14, 0x12, 0x7F, 0x10 @ 4
 1038      7F10
 1039 121e 00274545 		.byte 0x00, 0x27, 0x45, 0x45, 0x45, 0x39 @ 5
 1039      4539
 1040 1224 003C4A49 		.byte 0x00, 0x3C, 0x4A, 0x49, 0x49, 0x30 @ 6
 1040      4930
 1041 122a 00010179 		.byte 0x00, 0x01, 0x01, 0x79, 0x05, 0x03 @ 7
 1041      0503
 1042 1230 00364949 		.byte 0x00, 0x36, 0x49, 0x49, 0x49, 0x36 @ 8
 1042      4936
 1043 1236 00064949 		.byte 0x00, 0x06, 0x49, 0x49, 0x29, 0x1E @ 9
 1043      291E
 1044 123c 00003636 		.byte 0x00, 0x00, 0x36, 0x36, 0x00, 0x00 @ :
 1044      0000
 1045 1242 00005636 		.byte 0x00, 0x00, 0x56, 0x36, 0x00, 0x00 @ ;
 1045      0000
 1046 1248 00081422 		.byte 0x00, 0x08, 0x14, 0x22, 0x41, 0x00 @ <
 1046      4100
 1047 124e 00141414 		.byte 0x00, 0x14, 0x14, 0x14, 0x14, 0x14 @ =
 1047      1414
 1048 1254 00004122 		.byte 0x00, 0x00, 0x41, 0x22, 0x14, 0x08 @ >
 1048      1408
 1049 125a 02015109 		.byte 0x02, 0x01, 0x51, 0x09, 0x06, 0x00 @ ?
 1049      0600
ARM GAS  1.s 			page 21


 1050 1260 00324979 		.byte 0x00, 0x32, 0x49, 0x79, 0x41, 0x3E @ @
 1050      413E
 1051 1266 007E1111 		.byte 0x00, 0x7E, 0x11, 0x11, 0x11, 0x7E @ A
 1051      117E
 1052 126c 00417F49 		.byte 0x00, 0x41, 0x7F, 0x49, 0x49, 0x36 @ B
 1052      4936
 1053 1272 003E4141 		.byte 0x00, 0x3E, 0x41, 0x41, 0x41, 0x22 @ C
 1053      4122
 1054 1278 00417F41 		.byte 0x00, 0x41, 0x7F, 0x41, 0x41, 0x3E @ D
 1054      413E
 1055 127e 007F4949 		.byte 0x00, 0x7F, 0x49, 0x49, 0x49, 0x49 @ E
 1055      4949
 1056 1284 007F0909 		.byte 0x00, 0x7F, 0x09, 0x09, 0x09, 0x09 @ F
 1056      0909
 1057 128a 003E4141 		.byte 0x00, 0x3E, 0x41, 0x41, 0x51, 0x72 @ G
 1057      5172
 1058 1290 007F0808 		.byte 0x00, 0x7F, 0x08, 0x08, 0x08, 0x7F @ H
 1058      087F
 1059 1296 0000417F 		.byte 0x00, 0x00, 0x41, 0x7F, 0x41, 0x00 @ I
 1059      4100
 1060 129c 00204041 		.byte 0x00, 0x20, 0x40, 0x41, 0x3F, 0x01 @ J
 1060      3F01
 1061 12a2 007F0814 		.byte 0x00, 0x7F, 0x08, 0x14, 0x22, 0x41 @ K
 1061      2241
 1062 12a8 007F4040 		.byte 0x00, 0x7F, 0x40, 0x40, 0x40, 0x40 @ L
 1062      4040
 1063 12ae 007F020C 		.byte 0x00, 0x7F, 0x02, 0x0C, 0x02, 0x7F @ M
 1063      027F
 1064 12b4 817F0608 		.byte 0x81, 0x7F, 0x06, 0x08, 0x30, 0x7F @ N
 1064      307F
 1065 12ba 003E4141 		.byte 0x00, 0x3E, 0x41, 0x41, 0x41, 0x3E @ O
 1065      413E
 1066 12c0 007F0909 		.byte 0x00, 0x7F, 0x09, 0x09, 0x09, 0x06 @ P
 1066      0906
 1067 12c6 003E4151 		.byte 0x00, 0x3E, 0x41, 0x51, 0x21, 0x5E @ Q
 1067      215E
 1068 12cc 007F0919 		.byte 0x00, 0x7F, 0x09, 0x19, 0x29, 0x46 @ R
 1068      2946
 1069 12d2 00264949 		.byte 0x00, 0x26, 0x49, 0x49, 0x49, 0x32 @ S
 1069      4932
 1070 12d8 0001017F 		.byte 0x00, 0x01, 0x01, 0x7F, 0x01, 0x01 @ T
 1070      0101
 1071 12de 003F4040 		.byte 0x00, 0x3F, 0x40, 0x40, 0x40, 0x3F @ U
 1071      403F
 1072 12e4 001F2040 		.byte 0x00, 0x1F, 0x20, 0x40, 0x20, 0x1F @ V
 1072      201F
 1073 12ea 007F2018 		.byte 0x00, 0x7F, 0x20, 0x18, 0x20, 0x7F @ W
 1073      207F
 1074 12f0 00631408 		.byte 0x00, 0x63, 0x14, 0x08, 0x14, 0x63 @ X
 1074      1463
 1075 12f6 00070870 		.byte 0x00, 0x07, 0x08, 0x70, 0x08, 0x07 @ Y
 1075      0807
 1076 12fc 00615149 		.byte 0x00, 0x61, 0x51, 0x49, 0x45, 0x43 @ Z
 1076      4543
 1077 1302 00007F41 		.byte 0x00, 0x00, 0x7F, 0x41, 0x41, 0x00 @ [
 1077      4100
 1078 1308 00020408 		.byte 0x00, 0x02, 0x04, 0x08, 0x10, 0x20 @ BackSlash
ARM GAS  1.s 			page 22


 1078      1020
 1079 130e 00004141 		.byte 0x00, 0x00, 0x41, 0x41, 0x7F, 0x00 @ ]
 1079      7F00
 1080 1314 00040201 		.byte 0x00, 0x04, 0x02, 0x01, 0x02, 0x04 @ ^
 1080      0204
 1081 131a 00404040 		.byte 0x00, 0x40, 0x40, 0x40, 0x40, 0x40 @ _
 1081      4040
 1082 1320 00010204 		.byte 0x00, 0x01, 0x02, 0x04, 0x00, 0x00 @ `
 1082      0000
 1083 1326 00205454 		.byte 0x00, 0x20, 0x54, 0x54, 0x54, 0x78 @ a
 1083      5478
 1084 132c 007F4844 		.byte 0x00, 0x7F, 0x48, 0x44, 0x44, 0x38 @ b
 1084      4438
 1085 1332 00384444 		.byte 0x00, 0x38, 0x44, 0x44, 0x44, 0x28 @ c
 1085      4428
 1086 1338 00384444 		.byte 0x00, 0x38, 0x44, 0x44, 0x48, 0x7F @ d
 1086      487F
 1087 133e 00385454 		.byte 0x00, 0x38, 0x54, 0x54, 0x54, 0x18 @ e
 1087      5418
 1088 1344 0000087E 		.byte 0x00, 0x00, 0x08, 0x7E, 0x09, 0x02 @ f
 1088      0902
 1089 134a 000C5252 		.byte 0x00, 0x0C, 0x52, 0x52, 0x4C, 0x3E @ g
 1089      4C3E
 1090 1350 007F0804 		.byte 0x00, 0x7F, 0x08, 0x04, 0x04, 0x78 @ h
 1090      0478
 1091 1356 0000447D 		.byte 0x00, 0x00, 0x44, 0x7D, 0x40, 0x00 @ i
 1091      4000
 1092 135c 00204044 		.byte 0x00, 0x20, 0x40, 0x44, 0x3D, 0x00 @ j
 1092      3D00
 1093 1362 00007F10 		.byte 0x00, 0x00, 0x7F, 0x10, 0x28, 0x44 @ k
 1093      2844
 1094 1368 0000417F 		.byte 0x00, 0x00, 0x41, 0x7F, 0x40, 0x00 @ l
 1094      4000
 1095 136e 00780478 		.byte 0x00, 0x78, 0x04, 0x78, 0x04, 0x78 @ m
 1095      0478
 1096 1374 007C0804 		.byte 0x00, 0x7C, 0x08, 0x04, 0x04, 0x78 @ n
 1096      0478
 1097 137a 00387C7C 		.byte 0x00, 0x38, 0x7C, 0x7C, 0x7C, 0x38 @ o
 1097      7C38
 1098 1380 007E0C12 		.byte 0x00, 0x7E, 0x0C, 0x12, 0x12, 0x0C @ p
 1098      120C
 1099 1386 000C1212 		.byte 0x00, 0x0C, 0x12, 0x12, 0x0C, 0x7E @ q
 1099      0C7E
 1100 138c 007C0804 		.byte 0x00, 0x7C, 0x08, 0x04, 0x04, 0x08 @ r
 1100      0408
 1101 1392 00585454 		.byte 0x00, 0x58, 0x54, 0x54, 0x54, 0x64 @ s
 1101      5464
 1102 1398 00043F44 		.byte 0x00, 0x04, 0x3F, 0x44, 0x40, 0x20 @ t
 1102      4020
 1103 139e 003C4040 		.byte 0x00, 0x3C, 0x40, 0x40, 0x3C, 0x40 @ u
 1103      3C40
 1104 13a4 001C2040 		.byte 0x00, 0x1C, 0x20, 0x40, 0x20, 0x1C @ v
 1104      201C
 1105 13aa 003C4030 		.byte 0x00, 0x3C, 0x40, 0x30, 0x40, 0x3C @ w
 1105      403C
 1106 13b0 00442810 		.byte 0x00, 0x44, 0x28, 0x10, 0x28, 0x44 @ x
 1106      2844
ARM GAS  1.s 			page 23


 1107 13b6 001CA0A0 		.byte 0x00, 0x1C, 0xA0, 0xA0, 0x90, 0x7C @ y
 1107      907C
 1108 13bc 00446454 		.byte 0x00, 0x44, 0x64, 0x54, 0x4C, 0x44 @ z
 1108      4C44
 1109 13c2 00000836 		.byte 0x00, 0x00, 0x08, 0x36, 0x41, 0x00 @ {
 1109      4100
 1110 13c8 00000077 		.byte 0x00, 0x00, 0x00, 0x77, 0x00, 0x00 @ |
 1110      0000
 1111 13ce 00004136 		.byte 0x00, 0x00, 0x41, 0x36, 0x08, 0x00 @ }
 1111      0800
 1112 13d4 00020102 		.byte 0x00, 0x02, 0x01, 0x02, 0x04, 0x02 @ ~
 1112      0402
 1113 13da 00000000 		.byte 0x00, 0x00, 0x00, 0x00, 0x00, 0x00 @
 1113      0000
 1114              	
 1115              		.align 4
 1116              	
 1117              	danweibiao:			 @15*24
 1118 13e0 000000FE 		.byte 0x00, 0x00, 0x00, 0xFE, 0xFF, 0x7F, 0xFE, 0xFF, 0x7F, 0xFE, 0xFF, 0x7F, 0x00, 0xC0, 0x00, 0x
 1118      FF7FFEFF 
 1118      7FFEFF7F 
 1118      00C00000 
 1118      80010080 
 1119 140d 007F70E0 		.byte 0x00, 0x7F, 0x70, 0xE0, 0xFF, 0x73, 0xF0, 0xFF, 0x77, 0xF8, 0x00, 0x7F, 0x38, 0x00, 0x7C, 0x
 1119      FF73F0FF 
 1119      77F8007F 
 1119      38007C3C 
 1119      00701C00 
 1120 143a 000000FE 		.byte 0x00, 0x00, 0x00, 0xFE, 0xFF, 0x7F, 0xFE, 0xFF, 0x7F, 0xFE, 0xFF, 0x7F, 0x0E, 0x1C, 0x00, 0x
 1120      FF7FFEFF 
 1120      7FFEFF7F 
 1120      0E1C000E 
 1120      1C000E1C 
 1121 1467 00F87F00 		.byte 0x00, 0xF8, 0x7F, 0x00, 0xFC, 0x7F, 0x00, 0x1E, 0x00, 0x00, 0x0E, 0x00, 0x00, 0x0C, 0x00, 0x
 1121      FC7F001E 
 1121      00000E00 
 1121      000C0000 
 1121      1C0000F8 
 1122 1494 000000FC 		.byte 0x00, 0x00, 0x00, 0xFC, 0xFF, 0x0F, 0xFC, 0xFF, 0x0F, 0x3C, 0x00, 0x00, 0xF0, 0x01, 0x00, 0x
 1122      FF0FFCFF 
 1122      0F3C0000 
 1122      F0010080 
 1122      0F00003C 
 1123 14c1 00000080 		.byte 0x00, 0x00, 0x00, 0x80, 0xFF, 0x7F, 0x80, 0xFF, 0x7F, 0x80, 0xFF, 0x7F, 0x00, 0x07, 0x00, 0x
 1123      FF7F80FF 
 1123      7F80FF7F 
 1123      00070080 
 1123      0300C001 
 1124 14ee 000000FE 		.byte 0x00, 0x00, 0x00, 0xFE, 0xFF, 0x7F, 0xFE, 0xFF, 0x7F, 0xFE, 0xFF, 0x7F, 0x1C, 0xE0, 0x00, 0x
 1124      FF7FFEFF 
 1124      7FFEFF7F 
 1124      1CE0000E 
 1124      C0000680 
 1125 151b 000000FE 		.byte 0x00, 0x00, 0x00, 0xFE, 0xFF, 0x7F, 0xFE, 0xFF, 0x7F, 0xFE, 0xFF, 0x7F, 0x00, 0x1C, 0x00, 0x
 1125      FF7FFEFF 
 1125      7FFEFF7F 
 1125      001C0000 
ARM GAS  1.s 			page 24


 1125      1C00001C 
 1126 1548 000000FC 		.byte 0x00, 0x00, 0x00, 0xFC, 0xFF, 0x7F, 0xFC, 0xFF, 0x7F, 0xFC, 0xFF, 0x7F, 0x00, 0x7C, 0x00, 0x
 1126      FF7FFCFF 
 1126      7FFCFF7F 
 1126      007C0000 
 1126      FE0000EF 
 1127 1575 00000000 		.byte 0x00, 0x00, 0x00, 0x00, 0x00, 0x00, 0x00, 0x00, 0x00, 0x00, 0x00, 0x00, 0x00, 0x00, 0x00, 0x
 1127      00000000 
 1127      00000000 
 1127      00000000 
 1127      00000000 
 1128              		
ARM GAS  1.s 			page 25


DEFINED SYMBOLS
                 1.s:8      .text:00000000 vectors
                            *ABS*:200000fc zhanding
                 1.s:57     .text:000000c0 kaishi
                 1.s:948    .text:0000070a _nmi
                 1.s:949    .text:0000070a _Hard_Fault
                 1.s:950    .text:0000070a _svc_handler
                 1.s:951    .text:0000070a _pendsv_handler
                 1.s:955    .text:0000070c _systick_zhongduan
                 1.s:952    .text:0000070a aaa
                 1.s:58     .text:000000c0 __wai_she_shi_zhong
                            .text:00000000 $d
                 1.s:59     .text:000000c0 $t
                 1.s:80     .text:000000d0 shizhong
                 1.s:84     .text:000000d6 deng_hse
                 1.s:92     .text:000000e4 deng_pll
                 1.s:102    .text:000000f2 _neicunqingling
                 1.s:106    .text:000000f8 _neicunqinglingxunhuan
                 1.s:111    .text:00000100 __pa_chu_shi_hua
                 1.s:125    .text:0000010e __pb_chu_shi_hua
                 1.s:144    .text:00000124 __pc_chu_shi_hua
                 1.s:151    .text:0000012c __ATIM_chu_shi_hua
                 1.s:172    .text:0000014c __spi1_chu_shi_hua
                 1.s:487    .text:000003dc __lcd_chushihua
                 1.s:601    .text:000004a4 __lcd_qingping
                 1.s:991    .data:00000000 yjmwxwx
                 1.s:672    .text:0000052e __xie_ascii
                 1.s:198    .text:00000174 ting
                 1.s:226    .text:000001a4 __qudong_dianji1
                 1.s:234    .text:000001aa __svpwm
                 1.s:914    .text:000006e4 _chufa
                 1.s:255    .text:000001d8 __xiangwei_0_60
                 1.s:247    .text:000001c0 dian_ji_xiang_wei
                 1.s:248    .text:000001c0 $d
                 1.s:287    .text:0000020a __xiangwei_60_120
                 1.s:321    .text:00000240 __xiangwei_120_180
                 1.s:358    .text:00000276 __xiangwei_180_240
                 1.s:395    .text:000002ac __xiangwei_240_300
                 1.s:435    .text:000002e2 __xiangwei_300_360
                 1.s:997    .data:00000020 svpwm_biao
                 1.s:256    .text:000001d8 $t
                 1.s:473    .text:00000318 $d
                 1.s:488    .text:000003dc $t
                 1.s:528    .text:00000438 __lcd_yanshi
                 1.s:533    .text:0000043e __xie_spi1
                 1.s:538    .text:00000442 __deng_huan_chong_kong
                 1.s:543    .text:0000044a __deng_huan_chong_kong1
                 1.s:547    .text:00000450 __busy_zong_xian_mang
                 1.s:557    .text:0000045a __xie_lcd_ye
                 1.s:563    .text:00000462 __ye_jia
                 1.s:577    .text:00000476 __xie_ye_dizhi
                 1.s:592    .text:00000496 __heng_sao
                 1.s:606    .text:000004ac __ye_jia1
                 1.s:616    .text:000004c0 __xie_ye_dizhi1
                 1.s:632    .text:000004e6 __heng_sao1
                 1.s:640    .text:000004f2 __xie_lcd_weizhi
                 1.s:685    .text:00000540 __xie_lcd_dizhi2
ARM GAS  1.s 			page 26


                 1.s:688    .text:00000546 __du_ascii2
                 1.s:1016   .data:000011a0 ascii_biao
                 1.s:694    .text:00000550 __du_ziku_chushihua2
                 1.s:696    .text:00000552 __du_ziku1
                 1.s:703    .text:00000560 __duwan_ziku1
                 1.s:711    .text:0000056c __xie_alabo
                            *ABS*:20001fe0 asciibiao
                 1.s:730    .text:00000588 __xie_lcd_dizhi1
                 1.s:733    .text:0000058e __du_ascii1
                 1.s:739    .text:00000598 __du_ziku_chushihua1
                 1.s:741    .text:0000059a __du_ziku
                 1.s:748    .text:000005a8 __duwan_ziku
                 1.s:769    .text:000005ca __xie_lcd_ascii
                 1.s:787    .text:000005e4 __xie_lcd_dizhi
                 1.s:790    .text:000005ea __du_ascii
                 1.s:826    .text:00000628 __xie_ascii_xiaoshudian
                 1.s:1004   .data:00000fc0 da_a_labo_hack
                 1.s:799    .text:000005f8 __du_ziku_16_chushihua
                 1.s:801    .text:000005fa __du_ziku_16
                 1.s:808    .text:00000608 __duwan_16
                 1.s:842    .text:0000064c __xie_ru_xiaoshudian
                 1.s:853    .text:00000666 _zhuanascii
                 1.s:860    .text:00000670 _xunhuanqiuma
                 1.s:879    .text:00000692 _qiumafanhui
                 1.s:874    .text:0000068a _meidaoxiaoshudian
                 1.s:883    .text:00000696 __zhuanascii
                 1.s:890    .text:000006a0 __xunhuanqiuma
                 1.s:909    .text:000006c4 __qiumafanhui
                 1.s:904    .text:000006bc __meidaoxiaoshudian
                 1.s:912    .text:000006c8 $d
                 1.s:916    .text:000006e4 $t
                 1.s:936    .text:00000708 _chufafanhui
                 1.s:926    .text:000006f8 _chufaxunhuan
                 1.s:933    .text:00000704 _chufaweishubudao0
                 1.s:969    .text:00000720 __qudong_dianji
                 1.s:977    .text:00000724 __systick_fanhui
                 1.s:996    .data:00000012 $d
                 1.s:1117   .data:000013e0 danweibiao
                 1.s:1128   .text:0000072c $d

NO UNDEFINED SYMBOLS
